#
# There is insufficient memory for the Java Runtime Environment to continue.
# Native memory allocation (mmap) failed to map 16781312 bytes for committing reserved memory.
# Possible reasons:
#   The system is out of physical RAM or swap space
#   The process is running with CompressedOops enabled, and the Java Heap may be blocking the growth of the native heap
# Possible solutions:
#   Reduce memory load on the system
#   Increase physical memory or swap space
#   Check if swap backing store is full
#   Decrease Java heap size (-Xmx/-Xms)
#   Decrease number of Java threads
#   Decrease Java thread stack sizes (-Xss)
#   Set larger code cache with -XX:ReservedCodeCacheSize=
#   JVM is running with Unscaled Compressed Oops mode in which the Java heap is
#     placed in the first 4GB address space. The Java Heap base address is the
#     maximum limit for the native heap growth. Please use -XX:HeapBaseMinAddress
#     to set the Java Heap base and to place the Java Heap above 4GB virtual address.
# This output file may be truncated or incomplete.
#
#  Out of Memory Error (os_linux.cpp:2798), pid=1696, tid=0x00007fc3bc462700
#
# JRE version: OpenJDK Runtime Environment (8.0_292-b10) (build 1.8.0_292-8u292-b10-0ubuntu1~16.04.1-b10)
# Java VM: OpenJDK 64-Bit Server VM (25.292-b10 mixed mode linux-amd64 compressed oops)
# Failed to write core dump. Core dumps have been disabled. To enable core dumping, try "ulimit -c unlimited" before starting Java again
#

---------------  T H R E A D  ---------------

Current thread (0x00007fc3cc076000):  VMThread [stack: 0x00007fc3bc362000,0x00007fc3bc463000] [id=1710]

Stack: [0x00007fc3bc362000,0x00007fc3bc463000],  sp=0x00007fc3bc460f10,  free space=1019k
Native frames: (J=compiled Java code, j=interpreted, Vv=VM code, C=native code)
V  [libjvm.so+0xb1e67b]
V  [libjvm.so+0x4e01dc]
V  [libjvm.so+0x95bc48]
V  [libjvm.so+0x953b3e]
V  [libjvm.so+0xb1ad94]
V  [libjvm.so+0x5f3bfd]
V  [libjvm.so+0x5f4b6c]
V  [libjvm.so+0x5e1966]
V  [libjvm.so+0x4e810c]
V  [libjvm.so+0x64516f]
V  [libjvm.so+0xa3aa23]
V  [libjvm.so+0x4e4e32]
V  [libjvm.so+0x5e0070]
V  [libjvm.so+0x4e6a38]
V  [libjvm.so+0x5e1008]
V  [libjvm.so+0x4637bf]
V  [libjvm.so+0xb1f761]
V  [libjvm.so+0xb26067]
V  [libjvm.so+0xb23b43]
V  [libjvm.so+0xb23ee5]
V  [libjvm.so+0xb244b2]
V  [libjvm.so+0x958fe2]

VM_Operation (0x00007fc3b64a57f0): GenCollectForAllocation, mode: safepoint, requested by thread 0x00007fc39c2e6000


---------------  P R O C E S S  ---------------

Java Threads: ( => current thread )
  0x00007fc3a8f5b000 JavaThread "broadcast-exchange-57" daemon [_thread_blocked, id=1844, stack(0x00007fc394ffa000,0x00007fc3950fb000)]
  0x00007fc3a9412000 JavaThread "broadcast-exchange-56" daemon [_thread_blocked, id=1843, stack(0x00007fc3952fd000,0x00007fc3953fe000)]
  0x00007fc3a9304800 JavaThread "broadcast-exchange-55" daemon [_thread_blocked, id=1842, stack(0x00007fc3953fe000,0x00007fc3954ff000)]
  0x00007fc3aa314000 JavaThread "broadcast-exchange-54" daemon [_thread_blocked, id=1841, stack(0x00007fc3954ff000,0x00007fc395600000)]
  0x00007fc3aa589800 JavaThread "broadcast-exchange-53" daemon [_thread_blocked, id=1840, stack(0x00007fc395600000,0x00007fc395701000)]
  0x00007fc3a9756000 JavaThread "broadcast-exchange-52" daemon [_thread_blocked, id=1839, stack(0x00007fc395a02000,0x00007fc395b03000)]
  0x00007fc3a9c60800 JavaThread "broadcast-exchange-51" daemon [_thread_blocked, id=1838, stack(0x00007fc395b03000,0x00007fc395c04000)]
  0x00007fc3a8fac000 JavaThread "broadcast-exchange-50" daemon [_thread_blocked, id=1837, stack(0x00007fc3942f1000,0x00007fc3943f2000)]
  0x00007fc3ac037000 JavaThread "stderr reader for /usr/bin/python3" daemon [_thread_in_native, id=1828, stack(0x00007fc396b0f000,0x00007fc396c10000)]
  0x00007fc3ac036000 JavaThread "stdout reader for /usr/bin/python3" daemon [_thread_in_native, id=1827, stack(0x00007fc396107000,0x00007fc396208000)]
  0x00007fc3ac035000 JavaThread "process reaper" daemon [_thread_in_native, id=1826, stack(0x00007fc3b5d66000,0x00007fc3b5d9f000)]
  0x00007fc3ac032800 JavaThread "Idle Worker Monitor for /usr/bin/python3" daemon [_thread_blocked, id=1824, stack(0x00007fc396006000,0x00007fc396107000)]
  0x00007fc3a9ca3800 JavaThread "broadcast-exchange-49" daemon [_thread_blocked, id=1823, stack(0x00007fc396208000,0x00007fc396309000)]
  0x00007fc3a9936800 JavaThread "broadcast-exchange-48" daemon [_thread_blocked, id=1822, stack(0x00007fc39690d000,0x00007fc396a0e000)]
  0x00007fc3a9936000 JavaThread "broadcast-exchange-47" daemon [_thread_blocked, id=1821, stack(0x00007fc396309000,0x00007fc39640a000)]
  0x00007fc3a8790800 JavaThread "broadcast-exchange-46" daemon [_thread_blocked, id=1820, stack(0x00007fc39640a000,0x00007fc39650b000)]
  0x00007fc3a9a21000 JavaThread "broadcast-exchange-45" daemon [_thread_blocked, id=1819, stack(0x00007fc39670b000,0x00007fc39680c000)]
  0x00007fc3a8fd1800 JavaThread "broadcast-exchange-44" daemon [_thread_blocked, id=1818, stack(0x00007fc39680c000,0x00007fc39690d000)]
  0x00007fc3a893f000 JavaThread "broadcast-exchange-43" daemon [_thread_blocked, id=1817, stack(0x00007fc397a1a000,0x00007fc397b1b000)]
  0x00007fc3a9c49000 JavaThread "broadcast-exchange-42" daemon [_thread_blocked, id=1816, stack(0x00007fc396a0e000,0x00007fc396b0f000)]
  0x00007fc3aa0cc000 JavaThread "broadcast-exchange-41" daemon [_thread_blocked, id=1815, stack(0x00007fc397214000,0x00007fc397315000)]
  0x00007fc3a92e2800 JavaThread "broadcast-exchange-40" daemon [_thread_blocked, id=1814, stack(0x00007fc397416000,0x00007fc397517000)]
  0x00007fc3a9c41000 JavaThread "broadcast-exchange-39" daemon [_thread_blocked, id=1813, stack(0x00007fc3945f2000,0x00007fc3946f3000)]
  0x00007fc3a94ab800 JavaThread "broadcast-exchange-38" daemon [_thread_blocked, id=1812, stack(0x00007fc397517000,0x00007fc397618000)]
  0x00007fc3aa060800 JavaThread "broadcast-exchange-37" daemon [_thread_blocked, id=1811, stack(0x00007fc3946f3000,0x00007fc3947f4000)]
  0x00007fc3aa182800 JavaThread "broadcast-exchange-36" daemon [_thread_blocked, id=1810, stack(0x00007fc3947f4000,0x00007fc3948f5000)]
  0x00007fc3aa641000 JavaThread "broadcast-exchange-35" daemon [_thread_blocked, id=1809, stack(0x00007fc3948f5000,0x00007fc3949f6000)]
  0x00007fc3a92fd800 JavaThread "broadcast-exchange-34" daemon [_thread_blocked, id=1808, stack(0x00007fc3949f6000,0x00007fc394af7000)]
  0x00007fc3a9087800 JavaThread "broadcast-exchange-33" daemon [_thread_blocked, id=1807, stack(0x00007fc394af7000,0x00007fc394bf8000)]
  0x00007fc3a89c4800 JavaThread "broadcast-exchange-32" daemon [_thread_blocked, id=1806, stack(0x00007fc394bf8000,0x00007fc394cf9000)]
  0x00007fc3b817e800 JavaThread "Executor task launch worker for task 2881" daemon [_thread_blocked, id=1805, stack(0x00007fc394cf9000,0x00007fc394dfa000)]
  0x00007fc3aa795800 JavaThread "broadcast-exchange-31" daemon [_thread_blocked, id=1804, stack(0x00007fc397919000,0x00007fc397a1a000)]
  0x00007fc3a89c4000 JavaThread "broadcast-exchange-30" daemon [_thread_blocked, id=1803, stack(0x00007fc399a22000,0x00007fc399b23000)]
  0x00007fc3aa547800 JavaThread "broadcast-exchange-29" daemon [_thread_blocked, id=1802, stack(0x00007fc397c1c000,0x00007fc397d1d000)]
  0x00007fc3b8099800 JavaThread "Executor task launch worker for task 2990" daemon [_thread_blocked, id=1778, stack(0x00007fc396d11000,0x00007fc396e12000)]
  0x00007fc3b003b000 JavaThread "Executor task launch worker for task 2677" daemon [_thread_blocked, id=1777, stack(0x00007fc396e12000,0x00007fc396f13000)]
  0x00007fc3b0039000 JavaThread "Executor task launch worker for task 2966" daemon [_thread_blocked, id=1776, stack(0x00007fc397113000,0x00007fc397214000)]
  0x00007fc39c2f7000 JavaThread "Thread-18" [_thread_in_native, id=1770, stack(0x00007fc397618000,0x00007fc397719000)]
  0x00007fc3ac002800 JavaThread "block-manager-ask-thread-pool-1" daemon [_thread_blocked, id=1767, stack(0x00007fc397b1b000,0x00007fc397c1c000)]
  0x00007fc3b807c000 JavaThread "task-result-getter-3" daemon [_thread_blocked, id=1765, stack(0x00007fc39891d000,0x00007fc398a1e000)]
  0x00007fc3b807a000 JavaThread "task-result-getter-2" daemon [_thread_blocked, id=1764, stack(0x00007fc398a1e000,0x00007fc398b1f000)]
  0x00007fc3a4007800 JavaThread "block-manager-slave-async-thread-pool-3" daemon [_thread_blocked, id=1763, stack(0x00007fc39971f000,0x00007fc399820000)]
  0x00007fc3a4006000 JavaThread "block-manager-slave-async-thread-pool-2" daemon [_thread_blocked, id=1762, stack(0x00007fc399820000,0x00007fc399921000)]
  0x00007fc3a4005000 JavaThread "block-manager-slave-async-thread-pool-1" daemon [_thread_blocked, id=1761, stack(0x00007fc399921000,0x00007fc399a22000)]
  0x00007fc3b8151000 JavaThread "block-manager-slave-async-thread-pool-0" daemon [_thread_blocked, id=1759, stack(0x00007fc399b23000,0x00007fc399c24000)]
  0x00007fc3b814d800 JavaThread "task-result-getter-1" daemon [_thread_blocked, id=1758, stack(0x00007fc399c24000,0x00007fc399d25000)]
  0x00007fc3b002c800 JavaThread "task-result-getter-0" daemon [_thread_blocked, id=1757, stack(0x00007fc399d25000,0x00007fc399e26000)]
  0x00007fc3b002a000 JavaThread "Executor task launch worker for task 2678" daemon [_thread_blocked, id=1756, stack(0x00007fc39a026000,0x00007fc39a127000)]
  0x00007fc3a9aa0000 JavaThread "org.apache.hadoop.fs.FileSystem$Statistics$StatisticsDataReferenceCleaner" daemon [_thread_blocked, id=1755, stack(0x00007fc39a934000,0x00007fc39aa35000)]
  0x00007fc3a9e90000 JavaThread "SparkListenerBus" daemon [_thread_blocked, id=1753, stack(0x00007fc39ae35000,0x00007fc39af36000)]
  0x00007fc3a9e8c800 JavaThread "context-cleaner-periodic-gc" daemon [_thread_blocked, id=1752, stack(0x00007fc39af36000,0x00007fc39b037000)]
  0x00007fc3a9e8a800 JavaThread "Spark Context Cleaner" daemon [_thread_blocked, id=1751, stack(0x00007fc39b037000,0x00007fc39b138000)]
  0x00007fc3a88c0000 JavaThread "shuffle-server-5-1" daemon [_thread_in_native, id=1750, stack(0x00007fc39b338000,0x00007fc39b439000)]
  0x00007fc3a8850000 JavaThread "driver-heartbeater" daemon [_thread_blocked, id=1749, stack(0x00007fc39b439000,0x00007fc39b53a000)]
  0x00007fc3a8ade000 JavaThread "dag-scheduler-event-loop" daemon [_thread_blocked, id=1748, stack(0x00007fc39b53a000,0x00007fc39b63b000)]
  0x000056189cf20800 JavaThread "netty-rpc-env-timeout" daemon [_thread_blocked, id=1747, stack(0x00007fc39b63b000,0x00007fc39b73c000)]
  0x00007fc3a8dac800 JavaThread "Timer-0" daemon [_thread_blocked, id=1746, stack(0x00007fc39b73c000,0x00007fc39b83d000)]
  0x00007fc3b8086800 JavaThread "heartbeat-receiver-event-loop-thread" daemon [_thread_blocked, id=1745, stack(0x00007fc39b83d000,0x00007fc39b93e000)]
  0x00007fc3a88cc800 JavaThread "SparkUI-37" daemon [_thread_blocked, id=1744, stack(0x00007fc39b93e000,0x00007fc39ba3f000)]
  0x00007fc3a88ca800 JavaThread "SparkUI-36" daemon [_thread_blocked, id=1743, stack(0x00007fc39ba3f000,0x00007fc39bb40000)]
  0x00007fc3a88c8800 JavaThread "SparkUI-35" daemon [_thread_blocked, id=1742, stack(0x00007fc39bb40000,0x00007fc39bc41000)]
  0x00007fc3a88c7000 JavaThread "SparkUI-34" daemon [_thread_blocked, id=1741, stack(0x00007fc39bc41000,0x00007fc39bd42000)]
  0x00007fc3a8895800 JavaThread "SparkUI-33" daemon [_thread_blocked, id=1740, stack(0x00007fc39bdfe000,0x00007fc39beff000)]
  0x00007fc3a8893800 JavaThread "SparkUI-32" daemon [_thread_blocked, id=1739, stack(0x00007fc39beff000,0x00007fc39c000000)]
  0x00007fc3a880e800 JavaThread "SparkUI-31-acceptor-0@2f587d39-Spark@219f96a2{HTTP/1.1}{0.0.0.0:4040}" daemon [_thread_in_native, id=1738, stack(0x00007fc3b4076000,0x00007fc3b4177000)]
  0x00007fc3a880d800 JavaThread "SparkUI-30-selector-ServerConnectorManager@28cc6fea/0" daemon [_thread_in_native, id=1737, stack(0x00007fc3b4177000,0x00007fc3b4278000)]
  0x00007fc3a86c1000 JavaThread "refresh progress" daemon [_thread_blocked, id=1735, stack(0x00007fc3b4478000,0x00007fc3b4579000)]
  0x00007fc3a842c000 JavaThread "map-output-dispatcher-7" daemon [_thread_blocked, id=1734, stack(0x00007fc3b4779000,0x00007fc3b487a000)]
  0x00007fc3a842a000 JavaThread "map-output-dispatcher-6" daemon [_thread_blocked, id=1733, stack(0x00007fc3b487a000,0x00007fc3b497b000)]
  0x00007fc3a8428000 JavaThread "map-output-dispatcher-5" daemon [_thread_blocked, id=1732, stack(0x00007fc3b497b000,0x00007fc3b4a7c000)]
  0x00007fc3a8682800 JavaThread "map-output-dispatcher-4" daemon [_thread_blocked, id=1731, stack(0x00007fc3b4a7c000,0x00007fc3b4b7d000)]
  0x00007fc3a8680800 JavaThread "map-output-dispatcher-3" daemon [_thread_blocked, id=1730, stack(0x00007fc3b4b7d000,0x00007fc3b4c7e000)]
  0x00007fc3a8701800 JavaThread "map-output-dispatcher-2" daemon [_thread_blocked, id=1729, stack(0x00007fc3b4c7e000,0x00007fc3b4d7f000)]
  0x00007fc3a8700000 JavaThread "map-output-dispatcher-1" daemon [_thread_blocked, id=1728, stack(0x00007fc3b4d7f000,0x00007fc3b4e80000)]
  0x00007fc3a86ff000 JavaThread "map-output-dispatcher-0" daemon [_thread_blocked, id=1727, stack(0x00007fc3b4f23000,0x00007fc3b5024000)]
  0x00007fc3a860b000 JavaThread "rpc-server-3-1" daemon [_thread_in_native, id=1726, stack(0x00007fc3b5024000,0x00007fc3b5125000)]
  0x00007fc3a841c000 JavaThread "dispatcher-event-loop-1" daemon [_thread_blocked, id=1725, stack(0x00007fc3b5338000,0x00007fc3b5439000)]
  0x00007fc3a841b800 JavaThread "dispatcher-event-loop-0" daemon [_thread_blocked, id=1724, stack(0x00007fc3b5c65000,0x00007fc3b5d66000)]
  0x00007fc39c2e6000 JavaThread "Thread-2" [_thread_blocked, id=1720, stack(0x00007fc3b63a9000,0x00007fc3b64aa000)]
  0x00007fc3ccdb6800 JavaThread "Thread-1" [_thread_in_native, id=1719, stack(0x00007fc3b64aa000,0x00007fc3b65ab000)]
  0x00007fc3ccda7000 JavaThread "pool-1-thread-1" [_thread_blocked, id=1718, stack(0x00007fc3b65ab000,0x00007fc3b66ac000)]
  0x00007fc3cc0bd000 JavaThread "Service Thread" daemon [_thread_blocked, id=1716, stack(0x00007fc3b7b65000,0x00007fc3b7c66000)]
  0x00007fc3cc0ba000 JavaThread "C1 CompilerThread1" daemon [_thread_blocked, id=1715, stack(0x00007fc3b7c66000,0x00007fc3b7d67000)]
  0x00007fc3cc0b7800 JavaThread "C2 CompilerThread0" daemon [_thread_blocked, id=1714, stack(0x00007fc3b7d67000,0x00007fc3b7e68000)]
  0x00007fc3cc0b4800 JavaThread "Signal Dispatcher" daemon [_thread_blocked, id=1713, stack(0x00007fc3bc05f000,0x00007fc3bc160000)]
  0x00007fc3cc084800 JavaThread "Finalizer" daemon [_thread_blocked, id=1712, stack(0x00007fc3bc160000,0x00007fc3bc261000)]
  0x00007fc3cc080000 JavaThread "Reference Handler" daemon [_thread_blocked, id=1711, stack(0x00007fc3bc261000,0x00007fc3bc362000)]
  0x00007fc3cc011800 JavaThread "main" [_thread_in_native, id=1709, stack(0x00007fc3d3c5e000,0x00007fc3d3d5f000)]

Other Threads:
=>0x00007fc3cc076000 VMThread [stack: 0x00007fc3bc362000,0x00007fc3bc463000] [id=1710]
  0x00007fc3cc0c0000 WatcherThread [stack: 0x00007fc3b7a64000,0x00007fc3b7b65000] [id=1717]

VM state:at safepoint (normal execution)

VM Mutex/Monitor currently owned by a thread:  ([mutex/lock_event])
[0x00007fc3cc00df60] Threads_lock - owner thread: 0x00007fc3cc076000
[0x00007fc3cc00e460] Heap_lock - owner thread: 0x00007fc39c2e6000

heap address: 0x00000000c0000000, size: 1024 MB, Compressed Oops mode: 32-bit
Narrow klass base: 0x0000000000000000, Narrow klass shift: 3
Compressed class space size: 1073741824 Address: 0x0000000100000000

Heap:
 def new generation   total 118528K, used 106954K [0x00000000c0000000, 0x00000000c8090000, 0x00000000d5550000)
  eden space 105408K, 100% used [0x00000000c0000000, 0x00000000c66f0000, 0x00000000c66f0000)
  from space 13120K,  11% used [0x00000000c66f0000, 0x00000000c6872818, 0x00000000c73c0000)
  to   space 13120K,   8% used [0x00000000c73c0000, 0x00000000c74d2f70, 0x00000000c8090000)
 tenured generation   total 263152K, used 254965K [0x00000000d5550000, 0x00000000e564c000, 0x0000000100000000)
   the space 263152K,  96% used [0x00000000d5550000, 0x00000000e4e4d400, 0x00000000e4e4d400, 0x00000000e564c000)
 Metaspace       used 96593K, capacity 100853K, committed 101080K, reserved 1138688K
  class space    used 12356K, capacity 12715K, committed 12800K, reserved 1048576K

Card table byte_map: [0x00007fc3d002c000,0x00007fc3d022d000] byte_map_base: 0x00007fc3cfa2c000

Polling page: 0x00007fc3d3d6a000

CodeCache: size=245760Kb used=63770Kb max_used=63812Kb free=181989Kb
 bounds [0x00007fc3bd000000, 0x00007fc3c0ed0000, 0x00007fc3cc000000]
 total_blobs=15167 nmethods=14510 adapters=568
 compilation: enabled

Compilation events (10 events):
Event: 158.873 Thread 0x00007fc3cc0b7800 21030   !   4       sun.net.www.protocol.jar.JarURLConnection::connect (163 bytes)
Event: 158.959 Thread 0x00007fc3cc0b7800 nmethod 21030 0x00007fc3c0803c50 code [0x00007fc3c0804020, 0x00007fc3c0806470]
Event: 158.959 Thread 0x00007fc3cc0b7800 21031       4       scala.collection.MapLike$class::keys (7 bytes)
Event: 158.961 Thread 0x00007fc3cc0b7800 nmethod 21031 0x00007fc3c07d1450 code [0x00007fc3c07d15c0, 0x00007fc3c07d16c8]
Event: 159.057 Thread 0x00007fc3cc0ba000 21038  s    3       org.apache.hadoop.fs.FSInputChecker::set (86 bytes)
Event: 159.058 Thread 0x00007fc3cc0ba000 nmethod 21038 0x00007fc3bed8bed0 code [0x00007fc3bed8c080, 0x00007fc3bed8c820]
Event: 159.058 Thread 0x00007fc3cc0ba000 21039       3       java.nio.ByteBufferAsIntBufferB::<init> (22 bytes)
Event: 159.058 Thread 0x00007fc3cc0ba000 nmethod 21039 0x00007fc3bed8b910 code [0x00007fc3bed8ba80, 0x00007fc3bed8bd40]
Event: 159.063 Thread 0x00007fc3cc0ba000 21040       3       scala.sys.SystemProperties::get (38 bytes)
Event: 159.064 Thread 0x00007fc3cc0ba000 nmethod 21040 0x00007fc3be76bd90 code [0x00007fc3be76bfc0, 0x00007fc3be76cd00]

GC Heap History (10 events):
Event: 157.897 GC heap after
Heap after GC invocations=948 (full 15):
 def new generation   total 118528K, used 3740K [0x00000000c0000000, 0x00000000c8090000, 0x00000000d5550000)
  eden space 105408K,   0% used [0x00000000c0000000, 0x00000000c0000000, 0x00000000c66f0000)
  from space 13120K,  28% used [0x00000000c66f0000, 0x00000000c6a97350, 0x00000000c73c0000)
  to   space 13120K,   0% used [0x00000000c73c0000, 0x00000000c73c0000, 0x00000000c8090000)
 tenured generation   total 263152K, used 254645K [0x00000000d5550000, 0x00000000e564c000, 0x0000000100000000)
   the space 263152K,  96% used [0x00000000d5550000, 0x00000000e4dfd7a8, 0x00000000e4dfd800, 0x00000000e564c000)
 Metaspace       used 96541K, capacity 100783K, committed 101080K, reserved 1138688K
  class space    used 12356K, capacity 12714K, committed 12800K, reserved 1048576K
}
Event: 158.070 GC heap before
{Heap before GC invocations=948 (full 15):
 def new generation   total 118528K, used 109148K [0x00000000c0000000, 0x00000000c8090000, 0x00000000d5550000)
  eden space 105408K, 100% used [0x00000000c0000000, 0x00000000c66f0000, 0x00000000c66f0000)
  from space 13120K,  28% used [0x00000000c66f0000, 0x00000000c6a97350, 0x00000000c73c0000)
  to   space 13120K,   0% used [0x00000000c73c0000, 0x00000000c73c0000, 0x00000000c8090000)
 tenured generation   total 263152K, used 254645K [0x00000000d5550000, 0x00000000e564c000, 0x0000000100000000)
   the space 263152K,  96% used [0x00000000d5550000, 0x00000000e4dfd7a8, 0x00000000e4dfd800, 0x00000000e564c000)
 Metaspace       used 96541K, capacity 100783K, committed 101080K, reserved 1138688K
  class space    used 12356K, capacity 12714K, committed 12800K, reserved 1048576K
Event: 158.082 GC heap after
Heap after GC invocations=949 (full 15):
 def new generation   total 118528K, used 3738K [0x00000000c0000000, 0x00000000c8090000, 0x00000000d5550000)
  eden space 105408K,   0% used [0x00000000c0000000, 0x00000000c0000000, 0x00000000c66f0000)
  from space 13120K,  28% used [0x00000000c73c0000, 0x00000000c7766800, 0x00000000c8090000)
  to   space 13120K,   0% used [0x00000000c66f0000, 0x00000000c66f0000, 0x00000000c73c0000)
 tenured generation   total 263152K, used 254645K [0x00000000d5550000, 0x00000000e564c000, 0x0000000100000000)
   the space 263152K,  96% used [0x00000000d5550000, 0x00000000e4dfd7a8, 0x00000000e4dfd800, 0x00000000e564c000)
 Metaspace       used 96541K, capacity 100783K, committed 101080K, reserved 1138688K
  class space    used 12356K, capacity 12714K, committed 12800K, reserved 1048576K
}
Event: 158.258 GC heap before
{Heap before GC invocations=949 (full 15):
 def new generation   total 118528K, used 106656K [0x00000000c0000000, 0x00000000c8090000, 0x00000000d5550000)
  eden space 105408K,  97% used [0x00000000c0000000, 0x00000000c6481be0, 0x00000000c66f0000)
  from space 13120K,  28% used [0x00000000c73c0000, 0x00000000c7766800, 0x00000000c8090000)
  to   space 13120K,   0% used [0x00000000c66f0000, 0x00000000c66f0000, 0x00000000c73c0000)
 tenured generation   total 263152K, used 254645K [0x00000000d5550000, 0x00000000e564c000, 0x0000000100000000)
   the space 263152K,  96% used [0x00000000d5550000, 0x00000000e4dfd7a8, 0x00000000e4dfd800, 0x00000000e564c000)
 Metaspace       used 96550K, capacity 100783K, committed 101080K, reserved 1138688K
  class space    used 12356K, capacity 12714K, committed 12800K, reserved 1048576K
Event: 158.262 GC heap after
Heap after GC invocations=950 (full 15):
 def new generation   total 118528K, used 2522K [0x00000000c0000000, 0x00000000c8090000, 0x00000000d5550000)
  eden space 105408K,   0% used [0x00000000c0000000, 0x00000000c0000000, 0x00000000c66f0000)
  from space 13120K,  19% used [0x00000000c66f0000, 0x00000000c6966b48, 0x00000000c73c0000)
  to   space 13120K,   0% used [0x00000000c73c0000, 0x00000000c73c0000, 0x00000000c8090000)
 tenured generation   total 263152K, used 254818K [0x00000000d5550000, 0x00000000e564c000, 0x0000000100000000)
   the space 263152K,  96% used [0x00000000d5550000, 0x00000000e4e28908, 0x00000000e4e28a00, 0x00000000e564c000)
 Metaspace       used 96550K, capacity 100783K, committed 101080K, reserved 1138688K
  class space    used 12356K, capacity 12714K, committed 12800K, reserved 1048576K
}
Event: 158.839 GC heap before
{Heap before GC invocations=950 (full 15):
 def new generation   total 118528K, used 107930K [0x00000000c0000000, 0x00000000c8090000, 0x00000000d5550000)
  eden space 105408K, 100% used [0x00000000c0000000, 0x00000000c66f0000, 0x00000000c66f0000)
  from space 13120K,  19% used [0x00000000c66f0000, 0x00000000c6966b48, 0x00000000c73c0000)
  to   space 13120K,   0% used [0x00000000c73c0000, 0x00000000c73c0000, 0x00000000c8090000)
 tenured generation   total 263152K, used 254818K [0x00000000d5550000, 0x00000000e564c000, 0x0000000100000000)
   the space 263152K,  96% used [0x00000000d5550000, 0x00000000e4e28908, 0x00000000e4e28a00, 0x00000000e564c000)
 Metaspace       used 96591K, capacity 100853K, committed 101080K, reserved 1138688K
  class space    used 12356K, capacity 12715K, committed 12800K, reserved 1048576K
Event: 158.844 GC heap after
Heap after GC invocations=951 (full 15):
 def new generation   total 118528K, used 3344K [0x00000000c0000000, 0x00000000c8090000, 0x00000000d5550000)
  eden space 105408K,   0% used [0x00000000c0000000, 0x00000000c0000000, 0x00000000c66f0000)
  from space 13120K,  25% used [0x00000000c73c0000, 0x00000000c77040a0, 0x00000000c8090000)
  to   space 13120K,   0% used [0x00000000c66f0000, 0x00000000c66f0000, 0x00000000c73c0000)
 tenured generation   total 263152K, used 254962K [0x00000000d5550000, 0x00000000e564c000, 0x0000000100000000)
   the space 263152K,  96% used [0x00000000d5550000, 0x00000000e4e4c9f8, 0x00000000e4e4ca00, 0x00000000e564c000)
 Metaspace       used 96591K, capacity 100853K, committed 101080K, reserved 1138688K
  class space    used 12356K, capacity 12715K, committed 12800K, reserved 1048576K
}
Event: 158.997 GC heap before
{Heap before GC invocations=951 (full 15):
 def new generation   total 118528K, used 108752K [0x00000000c0000000, 0x00000000c8090000, 0x00000000d5550000)
  eden space 105408K, 100% used [0x00000000c0000000, 0x00000000c66f0000, 0x00000000c66f0000)
  from space 13120K,  25% used [0x00000000c73c0000, 0x00000000c77040a0, 0x00000000c8090000)
  to   space 13120K,   0% used [0x00000000c66f0000, 0x00000000c66f0000, 0x00000000c73c0000)
 tenured generation   total 263152K, used 254962K [0x00000000d5550000, 0x00000000e564c000, 0x0000000100000000)
   the space 263152K,  96% used [0x00000000d5550000, 0x00000000e4e4c9f8, 0x00000000e4e4ca00, 0x00000000e564c000)
 Metaspace       used 96591K, capacity 100853K, committed 101080K, reserved 1138688K
  class space    used 12356K, capacity 12715K, committed 12800K, reserved 1048576K
Event: 159.001 GC heap after
Heap after GC invocations=952 (full 15):
 def new generation   total 118528K, used 1546K [0x00000000c0000000, 0x00000000c8090000, 0x00000000d5550000)
  eden space 105408K,   0% used [0x00000000c0000000, 0x00000000c0000000, 0x00000000c66f0000)
  from space 13120K,  11% used [0x00000000c66f0000, 0x00000000c6872818, 0x00000000c73c0000)
  to   space 13120K,   0% used [0x00000000c73c0000, 0x00000000c73c0000, 0x00000000c8090000)
 tenured generation   total 263152K, used 254962K [0x00000000d5550000, 0x00000000e564c000, 0x0000000100000000)
   the space 263152K,  96% used [0x00000000d5550000, 0x00000000e4e4c9f8, 0x00000000e4e4ca00, 0x00000000e564c000)
 Metaspace       used 96591K, capacity 100853K, committed 101080K, reserved 1138688K
  class space    used 12356K, capacity 12715K, committed 12800K, reserved 1048576K
}
Event: 159.092 GC heap before
{Heap before GC invocations=952 (full 15):
 def new generation   total 118528K, used 106954K [0x00000000c0000000, 0x00000000c8090000, 0x00000000d5550000)
  eden space 105408K, 100% used [0x00000000c0000000, 0x00000000c66f0000, 0x00000000c66f0000)
  from space 13120K,  11% used [0x00000000c66f0000, 0x00000000c6872818, 0x00000000c73c0000)
  to   space 13120K,   0% used [0x00000000c73c0000, 0x00000000c73c0000, 0x00000000c8090000)
 tenured generation   total 263152K, used 254962K [0x00000000d5550000, 0x00000000e564c000, 0x0000000100000000)
   the space 263152K,  96% used [0x00000000d5550000, 0x00000000e4e4c9f8, 0x00000000e4e4ca00, 0x00000000e564c000)
 Metaspace       used 96593K, capacity 100853K, committed 101080K, reserved 1138688K
  class space    used 12356K, capacity 12715K, committed 12800K, reserved 1048576K

Deoptimization events (10 events):
Event: 158.354 Thread 0x00007fc39c2e6000 Uncommon trap: reason=class_check action=maybe_recompile pc=0x00007fc3beec173c method=scala.collection.immutable.HashMap$HashTrieMap.get0(Ljava/lang/Object;II)Lscala/Option; @ 37
Event: 158.355 Thread 0x00007fc39c2e6000 Uncommon trap: reason=class_check action=maybe_recompile pc=0x00007fc3beec173c method=scala.collection.immutable.HashMap$HashTrieMap.get0(Ljava/lang/Object;II)Lscala/Option; @ 37
Event: 158.355 Thread 0x00007fc39c2e6000 Uncommon trap: reason=class_check action=maybe_recompile pc=0x00007fc3beec173c method=scala.collection.immutable.HashMap$HashTrieMap.get0(Ljava/lang/Object;II)Lscala/Option; @ 37
Event: 158.357 Thread 0x00007fc39c2e6000 Uncommon trap: reason=class_check action=maybe_recompile pc=0x00007fc3beec173c method=scala.collection.immutable.HashMap$HashTrieMap.get0(Ljava/lang/Object;II)Lscala/Option; @ 37
Event: 158.368 Thread 0x00007fc39c2e6000 Uncommon trap: reason=class_check action=maybe_recompile pc=0x00007fc3bdf235e8 method=scala.collection.immutable.HashMap$HashTrieMap.get0(Ljava/lang/Object;II)Lscala/Option; @ 37
Event: 158.430 Thread 0x00007fc39c2e6000 Uncommon trap: reason=predicate action=maybe_recompile pc=0x00007fc3bdd3de4c method=java.util.TimSort.mergeLo(IIII)V @ 153
Event: 158.437 Thread 0x00007fc39c2e6000 Uncommon trap: reason=bimorphic action=maybe_recompile pc=0x00007fc3c0728b90 method=java.util.TimSort.gallopLeft(Ljava/lang/Object;[Ljava/lang/Object;IIILjava/util/Comparator;)I @ 44
Event: 158.437 Thread 0x00007fc39c2e6000 Uncommon trap: reason=bimorphic action=maybe_recompile pc=0x00007fc3c0728b90 method=java.util.TimSort.gallopLeft(Ljava/lang/Object;[Ljava/lang/Object;IIILjava/util/Comparator;)I @ 44
Event: 158.437 Thread 0x00007fc39c2e6000 Uncommon trap: reason=bimorphic action=maybe_recompile pc=0x00007fc3c0728b90 method=java.util.TimSort.gallopLeft(Ljava/lang/Object;[Ljava/lang/Object;IIILjava/util/Comparator;)I @ 44
Event: 158.437 Thread 0x00007fc39c2e6000 Uncommon trap: reason=bimorphic action=maybe_recompile pc=0x00007fc3c0728b90 method=java.util.TimSort.gallopLeft(Ljava/lang/Object;[Ljava/lang/Object;IIILjava/util/Comparator;)I @ 44

Classes redefined (0 events):
No events

Internal exceptions (10 events):
Event: 143.624 Thread 0x00007fc3b8099800 Exception <a 'java/lang/NoSuchMethodError': <clinit>> (0x00000000c02b6220) thrown at [/build/openjdk-8-RKFhH1/openjdk-8-8u292-b10/src/hotspot/src/share/vm/prims/jni.cpp, line 1616]
Event: 143.626 Thread 0x00007fc3b8099800 Exception <a 'java/lang/NoSuchMethodError': <clinit>> (0x00000000c02d7140) thrown at [/build/openjdk-8-RKFhH1/openjdk-8-8u292-b10/src/hotspot/src/share/vm/prims/jni.cpp, line 1616]
Event: 143.676 Thread 0x00007fc39c2e6000 Exception <a 'java/lang/NoSuchMethodError': <clinit>> (0x00000000c08a7080) thrown at [/build/openjdk-8-RKFhH1/openjdk-8-8u292-b10/src/hotspot/src/share/vm/prims/jni.cpp, line 1616]
Event: 143.680 Thread 0x00007fc3a8ade000 Exception <a 'java/lang/NoSuchMethodError': <clinit>> (0x00000000c0956f48) thrown at [/build/openjdk-8-RKFhH1/openjdk-8-8u292-b10/src/hotspot/src/share/vm/prims/jni.cpp, line 1616]
Event: 146.521 Thread 0x00007fc39c2e6000 Exception <a 'java/lang/NoSuchMethodError': <clinit>> (0x00000000c1733368) thrown at [/build/openjdk-8-RKFhH1/openjdk-8-8u292-b10/src/hotspot/src/share/vm/prims/jni.cpp, line 1616]
Event: 146.521 Thread 0x00007fc39c2e6000 Exception <a 'java/lang/NoSuchMethodError': <clinit>> (0x00000000c174cf20) thrown at [/build/openjdk-8-RKFhH1/openjdk-8-8u292-b10/src/hotspot/src/share/vm/prims/jni.cpp, line 1616]
Event: 146.522 Thread 0x00007fc39c2e6000 Exception <a 'java/lang/NoSuchMethodError': <clinit>> (0x00000000c1765c90) thrown at [/build/openjdk-8-RKFhH1/openjdk-8-8u292-b10/src/hotspot/src/share/vm/prims/jni.cpp, line 1616]
Event: 146.531 Thread 0x00007fc39c2e6000 Exception <a 'java/lang/NoSuchMethodError': <clinit>> (0x00000000c1780058) thrown at [/build/openjdk-8-RKFhH1/openjdk-8-8u292-b10/src/hotspot/src/share/vm/prims/jni.cpp, line 1616]
Event: 147.825 Thread 0x00007fc39c2e6000 Exception <a 'java/lang/NoSuchMethodError': <clinit>> (0x00000000c06844c8) thrown at [/build/openjdk-8-RKFhH1/openjdk-8-8u292-b10/src/hotspot/src/share/vm/prims/jni.cpp, line 1616]
Event: 149.266 Thread 0x00007fc3b8099800 Exception <a 'java/lang/NoSuchMethodError': <clinit>> (0x00000000c56c5bc0) thrown at [/build/openjdk-8-RKFhH1/openjdk-8-8u292-b10/src/hotspot/src/share/vm/prims/jni.cpp, line 1616]

Events (10 events):
Event: 158.566 loading class org/apache/spark/api/java/PythonUtils
Event: 158.566 loading class org/apache/spark/api/java/PythonUtils done
Event: 158.768 Thread 0x00007fc3a8f5b000 Thread added: 0x00007fc3a8f5b000
Event: 158.839 Executing VM operation: GenCollectForAllocation
Event: 158.844 Executing VM operation: GenCollectForAllocation done
Event: 158.997 Executing VM operation: GenCollectForAllocation
Event: 159.001 Executing VM operation: GenCollectForAllocation done
Event: 159.067 Executing VM operation: BulkRevokeBias
Event: 159.067 Executing VM operation: BulkRevokeBias done
Event: 159.092 Executing VM operation: GenCollectForAllocation


Dynamic libraries:
c0000000-c8090000 rw-p 00000000 00:00 0 
c8090000-d5550000 ---p 00000000 00:00 0 
d5550000-e564c000 rw-p 00000000 00:00 0 
e664d000-100000000 ---p 00000000 00:00 0 
100000000-100c80000 rw-p 00000000 00:00 0 
100c80000-140000000 ---p 00000000 00:00 0 
56189b452000-56189b453000 r-xp 00000000 ca:01 258406                     /usr/lib/jvm/java-8-openjdk-amd64/jre/bin/java
56189b652000-56189b653000 r--p 00000000 ca:01 258406                     /usr/lib/jvm/java-8-openjdk-amd64/jre/bin/java
56189b653000-56189b654000 rw-p 00001000 ca:01 258406                     /usr/lib/jvm/java-8-openjdk-amd64/jre/bin/java
56189cef9000-56189cf87000 rw-p 00000000 00:00 0                          [heap]
7fc38c000000-7fc38c938000 rw-p 00000000 00:00 0 
7fc38c938000-7fc390000000 ---p 00000000 00:00 0 
7fc3934f1000-7fc393531000 rw-p 00000000 00:00 0 
7fc393531000-7fc3936f1000 ---p 00000000 00:00 0 
7fc3936f1000-7fc3938f1000 rw-p 00000000 00:00 0 
7fc3938f1000-7fc393af1000 rw-p 00000000 00:00 0 
7fc393af1000-7fc393cf1000 rw-p 00000000 00:00 0 
7fc393cf1000-7fc393ef1000 rw-p 00000000 00:00 0 
7fc393ef1000-7fc3940f1000 rw-p 00000000 00:00 0 
7fc3940f1000-7fc3942f1000 rw-p 00000000 00:00 0 
7fc3942f1000-7fc3942f4000 ---p 00000000 00:00 0 
7fc3942f4000-7fc3945f2000 rw-p 00000000 00:00 0 
7fc3945f2000-7fc3945f5000 ---p 00000000 00:00 0 
7fc3945f5000-7fc3946f3000 rw-p 00000000 00:00 0 
7fc3946f3000-7fc3946f6000 ---p 00000000 00:00 0 
7fc3946f6000-7fc3947f4000 rw-p 00000000 00:00 0 
7fc3947f4000-7fc3947f7000 ---p 00000000 00:00 0 
7fc3947f7000-7fc3948f5000 rw-p 00000000 00:00 0 
7fc3948f5000-7fc3948f8000 ---p 00000000 00:00 0 
7fc3948f8000-7fc3949f6000 rw-p 00000000 00:00 0 
7fc3949f6000-7fc3949f9000 ---p 00000000 00:00 0 
7fc3949f9000-7fc394af7000 rw-p 00000000 00:00 0 
7fc394af7000-7fc394afa000 ---p 00000000 00:00 0 
7fc394afa000-7fc394bf8000 rw-p 00000000 00:00 0 
7fc394bf8000-7fc394bfb000 ---p 00000000 00:00 0 
7fc394bfb000-7fc394cf9000 rw-p 00000000 00:00 0 
7fc394cf9000-7fc394cfc000 ---p 00000000 00:00 0 
7fc394cfc000-7fc394ffa000 rw-p 00000000 00:00 0 
7fc394ffa000-7fc394ffd000 ---p 00000000 00:00 0 
7fc394ffd000-7fc3950fb000 rw-p 00000000 00:00 0 
7fc3950fb000-7fc3950fe000 ---p 00000000 00:00 0 
7fc3950fe000-7fc3951fc000 rw-p 00000000 00:00 0 
7fc3951fc000-7fc3951ff000 ---p 00000000 00:00 0 
7fc3951ff000-7fc3952fd000 rw-p 00000000 00:00 0 
7fc3952fd000-7fc395300000 ---p 00000000 00:00 0 
7fc395300000-7fc3953fe000 rw-p 00000000 00:00 0 
7fc3953fe000-7fc395401000 ---p 00000000 00:00 0 
7fc395401000-7fc3954ff000 rw-p 00000000 00:00 0 
7fc3954ff000-7fc395502000 ---p 00000000 00:00 0 
7fc395502000-7fc395600000 rw-p 00000000 00:00 0 
7fc395600000-7fc395603000 ---p 00000000 00:00 0 
7fc395603000-7fc395901000 rw-p 00000000 00:00 0 
7fc395901000-7fc395904000 ---p 00000000 00:00 0 
7fc395904000-7fc395a02000 rw-p 00000000 00:00 0 
7fc395a02000-7fc395a05000 ---p 00000000 00:00 0 
7fc395a05000-7fc395b03000 rw-p 00000000 00:00 0 
7fc395b03000-7fc395b06000 ---p 00000000 00:00 0 
7fc395b06000-7fc395e04000 rw-p 00000000 00:00 0 
7fc395e04000-7fc395e07000 ---p 00000000 00:00 0 
7fc395e07000-7fc395f05000 rw-p 00000000 00:00 0 
7fc395f05000-7fc395f08000 ---p 00000000 00:00 0 
7fc395f08000-7fc396006000 rw-p 00000000 00:00 0 
7fc396006000-7fc396009000 ---p 00000000 00:00 0 
7fc396009000-7fc396107000 rw-p 00000000 00:00 0 
7fc396107000-7fc39610a000 ---p 00000000 00:00 0 
7fc39610a000-7fc396208000 rw-p 00000000 00:00 0 
7fc396208000-7fc39620b000 ---p 00000000 00:00 0 
7fc39620b000-7fc396309000 rw-p 00000000 00:00 0 
7fc396309000-7fc39630c000 ---p 00000000 00:00 0 
7fc39630c000-7fc39640a000 rw-p 00000000 00:00 0 
7fc39640a000-7fc39640d000 ---p 00000000 00:00 0 
7fc39640d000-7fc39670b000 rw-p 00000000 00:00 0 
7fc39670b000-7fc39670e000 ---p 00000000 00:00 0 
7fc39670e000-7fc39680c000 rw-p 00000000 00:00 0 
7fc39680c000-7fc39680f000 ---p 00000000 00:00 0 
7fc39680f000-7fc39690d000 rw-p 00000000 00:00 0 
7fc39690d000-7fc396910000 ---p 00000000 00:00 0 
7fc396910000-7fc396a0e000 rw-p 00000000 00:00 0 
7fc396a0e000-7fc396a11000 ---p 00000000 00:00 0 
7fc396a11000-7fc396b0f000 rw-p 00000000 00:00 0 
7fc396b0f000-7fc396b12000 ---p 00000000 00:00 0 
7fc396b12000-7fc396c10000 rw-p 00000000 00:00 0 
7fc396c10000-7fc396c13000 ---p 00000000 00:00 0 
7fc396c13000-7fc396d11000 rw-p 00000000 00:00 0 
7fc396d11000-7fc396d14000 ---p 00000000 00:00 0 
7fc396d14000-7fc396e12000 rw-p 00000000 00:00 0 
7fc396e12000-7fc396e15000 ---p 00000000 00:00 0 
7fc396e15000-7fc397113000 rw-p 00000000 00:00 0 
7fc397113000-7fc397116000 ---p 00000000 00:00 0 
7fc397116000-7fc397214000 rw-p 00000000 00:00 0 
7fc397214000-7fc397217000 ---p 00000000 00:00 0 
7fc397217000-7fc397315000 rw-p 00000000 00:00 0 
7fc397315000-7fc397318000 ---p 00000000 00:00 0 
7fc397318000-7fc397416000 rw-p 00000000 00:00 0 
7fc397416000-7fc397419000 ---p 00000000 00:00 0 
7fc397419000-7fc397517000 rw-p 00000000 00:00 0 
7fc397517000-7fc39751a000 ---p 00000000 00:00 0 
7fc39751a000-7fc397618000 rw-p 00000000 00:00 0 
7fc397618000-7fc39761b000 ---p 00000000 00:00 0 
7fc39761b000-7fc397919000 rw-p 00000000 00:00 0 
7fc397919000-7fc39791c000 ---p 00000000 00:00 0 
7fc39791c000-7fc397a1a000 rw-p 00000000 00:00 0 
7fc397a1a000-7fc397a1d000 ---p 00000000 00:00 0 
7fc397a1d000-7fc397b1b000 rw-p 00000000 00:00 0 
7fc397b1b000-7fc397b1e000 ---p 00000000 00:00 0 
7fc397b1e000-7fc397c1c000 rw-p 00000000 00:00 0 
7fc397c1c000-7fc397c1f000 ---p 00000000 00:00 0 
7fc397c1f000-7fc397f1d000 rw-p 00000000 00:00 0 
7fc397f1d000-7fc39811d000 rw-p 00000000 00:00 0 
7fc39811d000-7fc39831d000 rw-p 00000000 00:00 0 
7fc39831d000-7fc39851d000 rw-p 00000000 00:00 0 
7fc39851d000-7fc39871d000 rw-p 00000000 00:00 0 
7fc39871d000-7fc39891d000 rw-p 00000000 00:00 0 
7fc39891d000-7fc398920000 ---p 00000000 00:00 0 
7fc398920000-7fc398a1e000 rw-p 00000000 00:00 0 
7fc398a1e000-7fc398a21000 ---p 00000000 00:00 0 
7fc398a21000-7fc398d1f000 rw-p 00000000 00:00 0 
7fc398d1f000-7fc398f1f000 rw-p 00000000 00:00 0 
7fc398f1f000-7fc39911f000 rw-p 00000000 00:00 0 
7fc39911f000-7fc39931f000 rw-p 00000000 00:00 0 
7fc39931f000-7fc39951f000 rw-p 00000000 00:00 0 
7fc39951f000-7fc39971f000 rw-p 00000000 00:00 0 
7fc39971f000-7fc399722000 ---p 00000000 00:00 0 
7fc399722000-7fc399820000 rw-p 00000000 00:00 0 
7fc399820000-7fc399823000 ---p 00000000 00:00 0 
7fc399823000-7fc399921000 rw-p 00000000 00:00 0 
7fc399921000-7fc399924000 ---p 00000000 00:00 0 
7fc399924000-7fc399a22000 rw-p 00000000 00:00 0 
7fc399a22000-7fc399a25000 ---p 00000000 00:00 0 
7fc399a25000-7fc399b23000 rw-p 00000000 00:00 0 
7fc399b23000-7fc399b26000 ---p 00000000 00:00 0 
7fc399b26000-7fc399c24000 rw-p 00000000 00:00 0 
7fc399c24000-7fc399c27000 ---p 00000000 00:00 0 
7fc399c27000-7fc399d25000 rw-p 00000000 00:00 0 
7fc399d25000-7fc399d28000 ---p 00000000 00:00 0 
7fc399d28000-7fc39a026000 rw-p 00000000 00:00 0 
7fc39a026000-7fc39a029000 ---p 00000000 00:00 0 
7fc39a029000-7fc39a327000 rw-p 00000000 00:00 0 
7fc39a327000-7fc39a334000 r-xp 00000000 ca:01 1103                       /tmp/liblz4-java5028378085168178833.so
7fc39a334000-7fc39a533000 ---p 0000d000 ca:01 1103                       /tmp/liblz4-java5028378085168178833.so
7fc39a533000-7fc39a534000 rw-p 0000c000 ca:01 1103                       /tmp/liblz4-java5028378085168178833.so
7fc39a534000-7fc39a734000 rw-p 00000000 00:00 0 
7fc39a734000-7fc39a92a000 rw-p 00000000 00:00 0 
7fc39a92a000-7fc39a934000 ---p 00000000 00:00 0 
7fc39a934000-7fc39a937000 ---p 00000000 00:00 0 
7fc39a937000-7fc39ac35000 rw-p 00000000 00:00 0 
7fc39ac35000-7fc39ae35000 rw-p 00000000 00:00 0 
7fc39ae35000-7fc39ae38000 ---p 00000000 00:00 0 
7fc39ae38000-7fc39af36000 rw-p 00000000 00:00 0 
7fc39af36000-7fc39af39000 ---p 00000000 00:00 0 
7fc39af39000-7fc39b037000 rw-p 00000000 00:00 0 
7fc39b037000-7fc39b03a000 ---p 00000000 00:00 0 
7fc39b03a000-7fc39b338000 rw-p 00000000 00:00 0 
7fc39b338000-7fc39b33b000 ---p 00000000 00:00 0 
7fc39b33b000-7fc39b439000 rw-p 00000000 00:00 0 
7fc39b439000-7fc39b43c000 ---p 00000000 00:00 0 
7fc39b43c000-7fc39b53a000 rw-p 00000000 00:00 0 
7fc39b53a000-7fc39b53d000 ---p 00000000 00:00 0 
7fc39b53d000-7fc39b63b000 rw-p 00000000 00:00 0 
7fc39b63b000-7fc39b63e000 ---p 00000000 00:00 0 
7fc39b63e000-7fc39b73c000 rw-p 00000000 00:00 0 
7fc39b73c000-7fc39b73f000 ---p 00000000 00:00 0 
7fc39b73f000-7fc39b83d000 rw-p 00000000 00:00 0 
7fc39b83d000-7fc39b840000 ---p 00000000 00:00 0 
7fc39b840000-7fc39b93e000 rw-p 00000000 00:00 0 
7fc39b93e000-7fc39b941000 ---p 00000000 00:00 0 
7fc39b941000-7fc39ba3f000 rw-p 00000000 00:00 0 
7fc39ba3f000-7fc39ba42000 ---p 00000000 00:00 0 
7fc39ba42000-7fc39bb40000 rw-p 00000000 00:00 0 
7fc39bb40000-7fc39bb43000 ---p 00000000 00:00 0 
7fc39bb43000-7fc39bc41000 rw-p 00000000 00:00 0 
7fc39bc41000-7fc39bc44000 ---p 00000000 00:00 0 
7fc39bc44000-7fc39bd42000 rw-p 00000000 00:00 0 
7fc39bdfe000-7fc39be01000 ---p 00000000 00:00 0 
7fc39be01000-7fc39beff000 rw-p 00000000 00:00 0 
7fc39beff000-7fc39bf02000 ---p 00000000 00:00 0 
7fc39bf02000-7fc39c000000 rw-p 00000000 00:00 0 
7fc39c000000-7fc39e865000 rw-p 00000000 00:00 0 
7fc39e865000-7fc3a0000000 ---p 00000000 00:00 0 
7fc3a0000000-7fc3a0270000 rw-p 00000000 00:00 0 
7fc3a0270000-7fc3a4000000 ---p 00000000 00:00 0 
7fc3a4000000-7fc3a405d000 rw-p 00000000 00:00 0 
7fc3a405d000-7fc3a8000000 ---p 00000000 00:00 0 
7fc3a8000000-7fc3ac000000 rw-p 00000000 00:00 0 
7fc3ac000000-7fc3ac574000 rw-p 00000000 00:00 0 
7fc3ac574000-7fc3b0000000 ---p 00000000 00:00 0 
7fc3b0000000-7fc3b0084000 rw-p 00000000 00:00 0 
7fc3b0084000-7fc3b4000000 ---p 00000000 00:00 0 
7fc3b4076000-7fc3b4079000 ---p 00000000 00:00 0 
7fc3b4079000-7fc3b4177000 rw-p 00000000 00:00 0 
7fc3b4177000-7fc3b417a000 ---p 00000000 00:00 0 
7fc3b417a000-7fc3b4478000 rw-p 00000000 00:00 0 
7fc3b4478000-7fc3b447b000 ---p 00000000 00:00 0 
7fc3b447b000-7fc3b4779000 rw-p 00000000 00:00 0 
7fc3b4779000-7fc3b477c000 ---p 00000000 00:00 0 
7fc3b477c000-7fc3b487a000 rw-p 00000000 00:00 0 
7fc3b487a000-7fc3b487d000 ---p 00000000 00:00 0 
7fc3b487d000-7fc3b497b000 rw-p 00000000 00:00 0 
7fc3b497b000-7fc3b497e000 ---p 00000000 00:00 0 
7fc3b497e000-7fc3b4a7c000 rw-p 00000000 00:00 0 
7fc3b4a7c000-7fc3b4a7f000 ---p 00000000 00:00 0 
7fc3b4a7f000-7fc3b4b7d000 rw-p 00000000 00:00 0 
7fc3b4b7d000-7fc3b4b80000 ---p 00000000 00:00 0 
7fc3b4b80000-7fc3b4c7e000 rw-p 00000000 00:00 0 
7fc3b4c7e000-7fc3b4c81000 ---p 00000000 00:00 0 
7fc3b4c81000-7fc3b4d7f000 rw-p 00000000 00:00 0 
7fc3b4d7f000-7fc3b4d82000 ---p 00000000 00:00 0 
7fc3b4d82000-7fc3b4e80000 rw-p 00000000 00:00 0 
7fc3b4f12000-7fc3b4f23000 r--s 001bf000 ca:01 258306                     /usr/lib/jvm/java-8-openjdk-amd64/jre/lib/jsse.jar
7fc3b4f23000-7fc3b4f26000 ---p 00000000 00:00 0 
7fc3b4f26000-7fc3b5024000 rw-p 00000000 00:00 0 
7fc3b5024000-7fc3b5027000 ---p 00000000 00:00 0 
7fc3b5027000-7fc3b5325000 rw-p 00000000 00:00 0 
7fc3b5325000-7fc3b5338000 r--s 0034b000 ca:01 258375                     /usr/lib/jvm/java-8-openjdk-amd64/jre/lib/resources.jar
7fc3b5338000-7fc3b533b000 ---p 00000000 00:00 0 
7fc3b533b000-7fc3b5639000 rw-p 00000000 00:00 0 
7fc3b5639000-7fc3b5650000 r-xp 00000000 ca:01 10418                      /lib/x86_64-linux-gnu/libresolv-2.23.so
7fc3b5650000-7fc3b5850000 ---p 00017000 ca:01 10418                      /lib/x86_64-linux-gnu/libresolv-2.23.so
7fc3b5850000-7fc3b5851000 r--p 00017000 ca:01 10418                      /lib/x86_64-linux-gnu/libresolv-2.23.so
7fc3b5851000-7fc3b5852000 rw-p 00018000 ca:01 10418                      /lib/x86_64-linux-gnu/libresolv-2.23.so
7fc3b5852000-7fc3b5854000 rw-p 00000000 00:00 0 
7fc3b5854000-7fc3b5859000 r-xp 00000000 ca:01 10403                      /lib/x86_64-linux-gnu/libnss_dns-2.23.so
7fc3b5859000-7fc3b5a59000 ---p 00005000 ca:01 10403                      /lib/x86_64-linux-gnu/libnss_dns-2.23.so
7fc3b5a59000-7fc3b5a5a000 r--p 00005000 ca:01 10403                      /lib/x86_64-linux-gnu/libnss_dns-2.23.so
7fc3b5a5a000-7fc3b5a5b000 rw-p 00006000 ca:01 10403                      /lib/x86_64-linux-gnu/libnss_dns-2.23.so
7fc3b5a61000-7fc3b5a63000 r--s 00016000 ca:01 258298                     /usr/lib/jvm/java-8-openjdk-amd64/jre/lib/jce.jar
7fc3b5a63000-7fc3b5a64000 r-xp 00000000 ca:01 258364                     /usr/lib/jvm/java-8-openjdk-amd64/jre/lib/amd64/libjaas_unix.so
7fc3b5a64000-7fc3b5c63000 ---p 00001000 ca:01 258364                     /usr/lib/jvm/java-8-openjdk-amd64/jre/lib/amd64/libjaas_unix.so
7fc3b5c63000-7fc3b5c64000 r--p 00000000 ca:01 258364                     /usr/lib/jvm/java-8-openjdk-amd64/jre/lib/amd64/libjaas_unix.so
7fc3b5c64000-7fc3b5c65000 rw-p 00001000 ca:01 258364                     /usr/lib/jvm/java-8-openjdk-amd64/jre/lib/amd64/libjaas_unix.so
7fc3b5c65000-7fc3b5c68000 ---p 00000000 00:00 0 
7fc3b5c68000-7fc3b5d66000 rw-p 00000000 00:00 0 
7fc3b5d66000-7fc3b5d69000 ---p 00000000 00:00 0 
7fc3b5d69000-7fc3b5f9f000 rw-p 00000000 00:00 0 
7fc3b5f9f000-7fc3b5fa8000 r-xp 00000000 ca:01 258340                     /usr/lib/jvm/java-8-openjdk-amd64/jre/lib/amd64/libmanagement.so
7fc3b5fa8000-7fc3b61a7000 ---p 00009000 ca:01 258340                     /usr/lib/jvm/java-8-openjdk-amd64/jre/lib/amd64/libmanagement.so
7fc3b61a7000-7fc3b61a8000 r--p 00008000 ca:01 258340                     /usr/lib/jvm/java-8-openjdk-amd64/jre/lib/amd64/libmanagement.so
7fc3b61a8000-7fc3b61a9000 rw-p 00009000 ca:01 258340                     /usr/lib/jvm/java-8-openjdk-amd64/jre/lib/amd64/libmanagement.so
7fc3b61a9000-7fc3b63a9000 rw-p 00000000 00:00 0 
7fc3b63a9000-7fc3b63ac000 ---p 00000000 00:00 0 
7fc3b63ac000-7fc3b64aa000 rw-p 00000000 00:00 0 
7fc3b64aa000-7fc3b64ad000 ---p 00000000 00:00 0 
7fc3b64ad000-7fc3b65ab000 rw-p 00000000 00:00 0 
7fc3b65ab000-7fc3b65ae000 ---p 00000000 00:00 0 
7fc3b65ae000-7fc3b68ac000 rw-p 00000000 00:00 0 
7fc3b68ac000-7fc3b68af000 r--s 00015000 ca:01 261533                     /home/ubuntu/spark-2.1.1-bin-hadoop2.7/jars/javax.servlet-api-3.1.0.jar
7fc3b68af000-7fc3b68db000 r--s 001c9000 ca:01 261798                     /home/ubuntu/spark-2.1.1-bin-hadoop2.7/jars/shapeless_2.11-2.0.0.jar
7fc3b68db000-7fc3b68e6000 r--s 000b0000 ca:01 261731                     /home/ubuntu/spark-2.1.1-bin-hadoop2.7/jars/jtransforms-2.4.0.jar
7fc3b68e6000-7fc3b68ec000 r--s 00043000 ca:01 261858                     /home/ubuntu/spark-2.1.1-bin-hadoop2.7/jars/commons-configuration-1.6.jar
7fc3b68ec000-7fc3b68f0000 r--s 00019000 ca:01 261784                     /home/ubuntu/spark-2.1.1-bin-hadoop2.7/jars/javax.ws.rs-api-2.0.1.jar
7fc3b68f0000-7fc3b68f2000 r--s 00009000 ca:01 261839                     /home/ubuntu/spark-2.1.1-bin-hadoop2.7/jars/commons-cli-1.2.jar
7fc3b68f2000-7fc3b68fc000 r--s 00095000 ca:01 261728                     /home/ubuntu/spark-2.1.1-bin-hadoop2.7/jars/scala-xml_2.11-1.0.2.jar
7fc3b68fc000-7fc3b6901000 r--s 00031000 ca:01 261744                     /home/ubuntu/spark-2.1.1-bin-hadoop2.7/jars/parquet-hadoop-1.8.1.jar
7fc3b6901000-7fc3b6905000 r--s 00020000 ca:01 261720                     /home/ubuntu/spark-2.1.1-bin-hadoop2.7/jars/commons-digester-1.8.jar
7fc3b6905000-7fc3b6907000 r--s 00027000 ca:01 261790                     /home/ubuntu/spark-2.1.1-bin-hadoop2.7/jars/core-1.1.2.jar
7fc3b6907000-7fc3b691e000 r--s 00183000 ca:01 261753                     /home/ubuntu/spark-2.1.1-bin-hadoop2.7/jars/hadoop-yarn-common-2.7.3.jar
7fc3b691e000-7fc3b691f000 r--s 00004000 ca:01 261711                     /home/ubuntu/spark-2.1.1-bin-hadoop2.7/jars/eigenbase-properties-1.1.5.jar
7fc3b691f000-7fc3b6925000 r--s 00044000 ca:01 261763                     /home/ubuntu/spark-2.1.1-bin-hadoop2.7/jars/antlr4-runtime-4.5.3.jar
7fc3b6925000-7fc3b6927000 r--s 0000b000 ca:01 261840                     /home/ubuntu/spark-2.1.1-bin-hadoop2.7/jars/chill-java-0.8.0.jar
7fc3b6927000-7fc3b6931000 r--s 00086000 ca:01 261718                     /home/ubuntu/spark-2.1.1-bin-hadoop2.7/jars/json4s-core_2.11-3.2.11.jar
7fc3b6931000-7fc3b6933000 r--s 0000f000 ca:01 261566                     /home/ubuntu/spark-2.1.1-bin-hadoop2.7/jars/activation-1.1.1.jar
7fc3b6933000-7fc3b6937000 r--s 00031000 ca:01 261583                     /home/ubuntu/spark-2.1.1-bin-hadoop2.7/jars/jline-2.12.1.jar
7fc3b6937000-7fc3b693d000 r--s 00028000 ca:01 261745                     /home/ubuntu/spark-2.1.1-bin-hadoop2.7/jars/curator-framework-2.6.0.jar
7fc3b693d000-7fc3b694a000 r--s 000b1000 ca:01 261545                     /home/ubuntu/spark-2.1.1-bin-hadoop2.7/jars/hadoop-mapreduce-client-common-2.7.3.jar
7fc3b694a000-7fc3b694c000 r--s 00009000 ca:01 261758                     /home/ubuntu/spark-2.1.1-bin-hadoop2.7/jars/jackson-module-paranamer-2.6.5.jar
7fc3b694c000-7fc3b694d000 r--s 00009000 ca:01 261845                     /home/ubuntu/spark-2.1.1-bin-hadoop2.7/jars/slf4j-api-1.7.16.jar
7fc3b694d000-7fc3b694e000 r--s 00004000 ca:01 261710                     /home/ubuntu/spark-2.1.1-bin-hadoop2.7/jars/jackson-jaxrs-1.9.13.jar
7fc3b694e000-7fc3b6950000 r--s 00012000 ca:01 261803                     /home/ubuntu/spark-2.1.1-bin-hadoop2.7/jars/api-util-1.0.0-M20.jar
7fc3b6950000-7fc3b6958000 r--s 00066000 ca:01 261732                     /home/ubuntu/spark-2.1.1-bin-hadoop2.7/jars/apache-log4j-extras-1.2.17.jar
7fc3b6958000-7fc3b695a000 r--s 00004000 ca:01 261587                     /home/ubuntu/spark-2.1.1-bin-hadoop2.7/jars/stax-api-1.0-2.jar
7fc3b695a000-7fc3b6968000 r--s 00078000 ca:01 261756                     /home/ubuntu/spark-2.1.1-bin-hadoop2.7/jars/spark-mesos_2.11-2.1.1.jar
7fc3b6968000-7fc3b6996000 r--s 00212000 ca:01 261712                     /home/ubuntu/spark-2.1.1-bin-hadoop2.7/jars/spark-network-common_2.11-2.1.1.jar
7fc3b6996000-7fc3b699e000 r--s 0006e000 ca:01 261765                     /home/ubuntu/spark-2.1.1-bin-hadoop2.7/jars/commons-lang3-3.5.jar
7fc3b699e000-7fc3b699f000 r--s 00009000 ca:01 261830                     /home/ubuntu/spark-2.1.1-bin-hadoop2.7/jars/hive-cli-1.2.1.spark2.jar
7fc3b699f000-7fc3b69b5000 r--s 001a4000 ca:01 261613                     /home/ubuntu/spark-2.1.1-bin-hadoop2.7/jars/datanucleus-rdbms-3.2.9.jar
7fc3b69b5000-7fc3b69c6000 r--s 0010d000 ca:01 261714                     /home/ubuntu/spark-2.1.1-bin-hadoop2.7/jars/jackson-databind-2.6.5.jar
7fc3b69c6000-7fc3b69c8000 r--s 0000a000 ca:01 261612                     /home/ubuntu/spark-2.1.1-bin-hadoop2.7/jars/spark-unsafe_2.11-2.1.1.jar
7fc3b69c8000-7fc3b69ec000 r--s 001cd000 ca:01 261855                     /home/ubuntu/spark-2.1.1-bin-hadoop2.7/jars/commons-math3-3.4.1.jar
7fc3b69ec000-7fc3b69f0000 r--s 0002a000 ca:01 261747                     /home/ubuntu/spark-2.1.1-bin-hadoop2.7/jars/commons-io-2.4.jar
7fc3b69f0000-7fc3b69f8000 r--s 00059000 ca:01 261611                     /home/ubuntu/spark-2.1.1-bin-hadoop2.7/jars/javolution-5.5.1.jar
7fc3b69f8000-7fc3b69f9000 r--s 00003000 ca:01 261568                     /home/ubuntu/spark-2.1.1-bin-hadoop2.7/jars/jta-1.1.jar
7fc3b69f9000-7fc3b69fc000 r--s 00009000 ca:01 261751                     /home/ubuntu/spark-2.1.1-bin-hadoop2.7/jars/jackson-annotations-2.6.5.jar
7fc3b69fc000-7fc3b6a70000 r--s 00574000 ca:01 261739                     /home/ubuntu/spark-2.1.1-bin-hadoop2.7/jars/spark-mllib_2.11-2.1.1.jar
7fc3b6a70000-7fc3b6a8b000 r--s 001d8000 ca:01 261572                     /home/ubuntu/spark-2.1.1-bin-hadoop2.7/jars/jets3t-0.9.3.jar
7fc3b6a8b000-7fc3b6b16000 r--s 0069e000 ca:01 261713                     /home/ubuntu/spark-2.1.1-bin-hadoop2.7/jars/spark-catalyst_2.11-2.1.1.jar
7fc3b6b16000-7fc3b6b1b000 r--s 0002a000 ca:01 261576                     /home/ubuntu/spark-2.1.1-bin-hadoop2.7/jars/commons-beanutils-1.7.0.jar
7fc3b6b1b000-7fc3b6b1d000 r--s 00006000 ca:01 261588                     /home/ubuntu/spark-2.1.1-bin-hadoop2.7/jars/paranamer-2.3.jar
7fc3b6b1d000-7fc3b6b21000 r--s 0002c000 ca:01 261748                     /home/ubuntu/spark-2.1.1-bin-hadoop2.7/jars/avro-ipc-1.7.7.jar
7fc3b6b21000-7fc3b6b22000 r--s 00003000 ca:01 261594                     /home/ubuntu/spark-2.1.1-bin-hadoop2.7/jars/xmlenc-0.52.jar
7fc3b6b22000-7fc3b6b3f000 r--s 001d5000 ca:01 261860                     /home/ubuntu/spark-2.1.1-bin-hadoop2.7/jars/hadoop-yarn-api-2.7.3.jar
7fc3b6b3f000-7fc3b6b40000 r--s 00004000 ca:01 261716                     /home/ubuntu/spark-2.1.1-bin-hadoop2.7/jars/opencsv-2.3.jar
7fc3b6b40000-7fc3b6b44000 r--s 00014000 ca:01 261856                     /home/ubuntu/spark-2.1.1-bin-hadoop2.7/jars/xz-1.0.jar
7fc3b6b44000-7fc3b6b47000 r--s 000fd000 ca:01 261604                     /home/ubuntu/spark-2.1.1-bin-hadoop2.7/jars/leveldbjni-all-1.8.jar
7fc3b6b47000-7fc3b6b4d000 r--s 00063000 ca:01 261849                     /home/ubuntu/spark-2.1.1-bin-hadoop2.7/jars/jodd-core-3.5.2.jar
7fc3b6b4d000-7fc3b6b51000 r--s 00030000 ca:01 261532                     /home/ubuntu/spark-2.1.1-bin-hadoop2.7/jars/commons-net-2.2.jar
7fc3b6b51000-7fc3b6b55000 r--s 00028000 ca:01 261608                     /home/ubuntu/spark-2.1.1-bin-hadoop2.7/jars/spark-mllib-local_2.11-2.1.1.jar
7fc3b6b55000-7fc3b6b5c000 r--s 0007d000 ca:01 261722                     /home/ubuntu/spark-2.1.1-bin-hadoop2.7/jars/jetty-6.1.26.jar
7fc3b6b5c000-7fc3b6b5f000 r--s 0002f000 ca:01 261546                     /home/ubuntu/spark-2.1.1-bin-hadoop2.7/jars/RoaringBitmap-0.5.11.jar
7fc3b6b5f000-7fc3b6b60000 r--s 00004000 ca:01 261866                     /home/ubuntu/spark-2.1.1-bin-hadoop2.7/jars/osgi-resource-locator-1.0.1.jar
7fc3b6b60000-7fc3b6b81000 r--s 0019b000 ca:01 261796                     /home/ubuntu/spark-2.1.1-bin-hadoop2.7/jars/spark-hive-thriftserver_2.11-2.1.1.jar
7fc3b6b81000-7fc3b6b86000 r--s 00041000 ca:01 261740                     /home/ubuntu/spark-2.1.1-bin-hadoop2.7/jars/commons-lang-2.6.jar
7fc3b6b86000-7fc3b6b88000 r--s 00020000 ca:01 261749                     /home/ubuntu/spark-2.1.1-bin-hadoop2.7/jars/hive-beeline-1.2.1.spark2.jar
7fc3b6b88000-7fc3b6b8f000 r--s 00049000 ca:01 261736                     /home/ubuntu/spark-2.1.1-bin-hadoop2.7/jars/httpcore-4.4.4.jar
7fc3b6b8f000-7fc3b6b91000 r--s 00014000 ca:01 261717                     /home/ubuntu/spark-2.1.1-bin-hadoop2.7/jars/spire-macros_2.11-0.7.4.jar
7fc3b6b91000-7fc3b6b92000 r--s 00001000 ca:01 261621                     /home/ubuntu/spark-2.1.1-bin-hadoop2.7/jars/pmml-schema-1.2.15.jar
7fc3b6b92000-7fc3b6b96000 r--s 00028000 ca:01 261573                     /home/ubuntu/spark-2.1.1-bin-hadoop2.7/jars/jetty-util-6.1.26.jar
7fc3b6b96000-7fc3b6b99000 r--s 00006000 ca:01 261721                     /home/ubuntu/spark-2.1.1-bin-hadoop2.7/jars/jsr305-1.3.9.jar
7fc3b6b99000-7fc3b6ba0000 r--s 0005d000 ca:01 261793                     /home/ubuntu/spark-2.1.1-bin-hadoop2.7/jars/mx4j-3.0.2.jar
7fc3b6ba0000-7fc3b6ba2000 r--s 0000e000 ca:01 261821                     /home/ubuntu/spark-2.1.1-bin-hadoop2.7/jars/guice-servlet-3.0.jar
7fc3b6ba2000-7fc3b6baa000 r--s 0007b000 ca:01 261737                     /home/ubuntu/spark-2.1.1-bin-hadoop2.7/jars/protobuf-java-2.5.0.jar
7fc3b6baa000-7fc3b6bb3000 r--s 00062000 ca:01 261580                     /home/ubuntu/spark-2.1.1-bin-hadoop2.7/jars/avro-1.7.7.jar
7fc3b6bb3000-7fc3b6bb5000 r--s 00003000 ca:01 261733                     /home/ubuntu/spark-2.1.1-bin-hadoop2.7/jars/jcl-over-slf4j-1.7.16.jar
7fc3b6bb5000-7fc3b6c85000 r--s 00cf0000 ca:01 261540                     /home/ubuntu/spark-2.1.1-bin-hadoop2.7/jars/breeze_2.11-0.12.jar
7fc3b6c85000-7fc3b6c86000 r--s 00002000 ca:01 261619                     /home/ubuntu/spark-2.1.1-bin-hadoop2.7/jars/slf4j-log4j12-1.7.16.jar
7fc3b6c86000-7fc3b6c88000 r--s 00006000 ca:01 261578                     /home/ubuntu/spark-2.1.1-bin-hadoop2.7/jars/spark-sketch_2.11-2.1.1.jar
7fc3b6c88000-7fc3b6c8d000 r--s 00068000 ca:01 261791                     /home/ubuntu/spark-2.1.1-bin-hadoop2.7/jars/antlr-2.7.7.jar
7fc3b6c8d000-7fc3b6c8f000 r--s 00000000 ca:01 261759                     /home/ubuntu/spark-2.1.1-bin-hadoop2.7/jars/aopalliance-1.0.jar
7fc3b6c8f000-7fc3b6c91000 r--s 00012000 ca:01 261730                     /home/ubuntu/spark-2.1.1-bin-hadoop2.7/jars/compress-lzf-1.0.3.jar
7fc3b6c91000-7fc3b6c9e000 r--s 0009e000 ca:01 261822                     /home/ubuntu/spark-2.1.1-bin-hadoop2.7/jars/spark-graphx_2.11-2.1.1.jar
7fc3b6c9e000-7fc3b6ca3000 r--s 00028000 ca:01 261841                     /home/ubuntu/spark-2.1.1-bin-hadoop2.7/jars/avro-mapred-1.7.7-hadoop2.jar
7fc3b6ca3000-7fc3b6cb9000 r--s 00124000 ca:01 261833                     /home/ubuntu/spark-2.1.1-bin-hadoop2.7/jars/ivy-2.4.0.jar
7fc3b6cb9000-7fc3b6cc1000 r--s 00078000 ca:01 261805                     /home/ubuntu/spark-2.1.1-bin-hadoop2.7/jars/mail-1.4.7.jar
7fc3b6cc1000-7fc3b6cc6000 r--s 0004e000 ca:01 261582                     /home/ubuntu/spark-2.1.1-bin-hadoop2.7/jars/datanucleus-api-jdo-3.2.6.jar
7fc3b6cc6000-7fc3b6cf7000 rw-p 00000000 00:00 0 
7fc3b6cf7000-7fc3b6d0f000 r-xp 00000000 ca:01 258348                     /usr/lib/jvm/java-8-openjdk-amd64/jre/lib/amd64/libnet.so
7fc3b6d0f000-7fc3b6f0e000 ---p 00018000 ca:01 258348                     /usr/lib/jvm/java-8-openjdk-amd64/jre/lib/amd64/libnet.so
7fc3b6f0e000-7fc3b6f0f000 r--p 00017000 ca:01 258348                     /usr/lib/jvm/java-8-openjdk-amd64/jre/lib/amd64/libnet.so
7fc3b6f0f000-7fc3b6f10000 rw-p 00018000 ca:01 258348                     /usr/lib/jvm/java-8-openjdk-amd64/jre/lib/amd64/libnet.so
7fc3b6f10000-7fc3b6f22000 r-xp 00000000 ca:01 258344                     /usr/lib/jvm/java-8-openjdk-amd64/jre/lib/amd64/libnio.so
7fc3b6f22000-7fc3b7121000 ---p 00012000 ca:01 258344                     /usr/lib/jvm/java-8-openjdk-amd64/jre/lib/amd64/libnio.so
7fc3b7121000-7fc3b7122000 r--p 00011000 ca:01 258344                     /usr/lib/jvm/java-8-openjdk-amd64/jre/lib/amd64/libnio.so
7fc3b7122000-7fc3b7123000 rw-p 00012000 ca:01 258344                     /usr/lib/jvm/java-8-openjdk-amd64/jre/lib/amd64/libnio.so
7fc3b7123000-7fc3b71fb000 r--s 00a88000 ca:01 261543                     /home/ubuntu/spark-2.1.1-bin-hadoop2.7/jars/spark-core_2.11-2.1.1.jar
7fc3b71fb000-7fc3b7213000 r--s 001b6000 ca:01 261569                     /home/ubuntu/spark-2.1.1-bin-hadoop2.7/jars/datanucleus-core-3.2.10.jar
7fc3b7213000-7fc3b7227000 r--s 000ec000 ca:01 261539                     /home/ubuntu/spark-2.1.1-bin-hadoop2.7/jars/parquet-jackson-1.8.1.jar
7fc3b7227000-7fc3b7229000 r--s 0000e000 ca:01 261785                     /home/ubuntu/spark-2.1.1-bin-hadoop2.7/jars/hadoop-mapreduce-client-jobclient-2.7.3.jar
7fc3b7229000-7fc3b722b000 r--s 0000e000 ca:01 261536                     /home/ubuntu/spark-2.1.1-bin-hadoop2.7/jars/oro-2.0.8.jar
7fc3b722b000-7fc3b722d000 r--s 00003000 ca:01 261826                     /home/ubuntu/spark-2.1.1-bin-hadoop2.7/jars/JavaEWAH-0.3.2.jar
7fc3b722d000-7fc3b722f000 r--s 0000f000 ca:01 261757                     /home/ubuntu/spark-2.1.1-bin-hadoop2.7/jars/spark-launcher_2.11-2.1.1.jar
7fc3b722f000-7fc3b7251000 r--s 00335000 ca:01 261750                     /home/ubuntu/spark-2.1.1-bin-hadoop2.7/jars/mesos-1.0.0-shaded-protobuf.jar
7fc3b7251000-7fc3b7252000 r--s 00001000 ca:01 261610                     /home/ubuntu/spark-2.1.1-bin-hadoop2.7/jars/minlog-1.3.0.jar
7fc3b7252000-7fc3b7255000 r--s 0001a000 ca:01 261834                     /home/ubuntu/spark-2.1.1-bin-hadoop2.7/jars/py4j-0.10.4.jar
7fc3b7255000-7fc3b7256000 r--s 00009000 ca:01 261601                     /home/ubuntu/spark-2.1.1-bin-hadoop2.7/jars/json4s-jackson_2.11-3.2.11.jar
7fc3b7256000-7fc3b7258000 r--s 0000d000 ca:01 261725                     /home/ubuntu/spark-2.1.1-bin-hadoop2.7/jars/hadoop-yarn-server-web-proxy-2.7.3.jar
7fc3b7258000-7fc3b72bb000 r--s 004de000 ca:01 261719                     /home/ubuntu/spark-2.1.1-bin-hadoop2.7/jars/hive-metastore-1.2.1.spark2.jar
7fc3b72bb000-7fc3b72c2000 r--s 00039000 ca:01 261727                     /home/ubuntu/spark-2.1.1-bin-hadoop2.7/jars/calcite-avatica-1.2.0-incubating.jar
7fc3b72c2000-7fc3b72c9000 r--s 0003f000 ca:01 261603                     /home/ubuntu/spark-2.1.1-bin-hadoop2.7/jars/commons-codec-1.10.jar
7fc3b72c9000-7fc3b72cb000 r--s 00100000 ca:01 261842                     /home/ubuntu/spark-2.1.1-bin-hadoop2.7/jars/snappy-java-1.1.2.6.jar
7fc3b72cb000-7fc3b72cf000 r--s 00029000 ca:01 261591                     /home/ubuntu/spark-2.1.1-bin-hadoop2.7/jars/hk2-locator-2.4.0-b34.jar
7fc3b72cf000-7fc3b72d2000 r--s 0000d000 ca:01 261742                     /home/ubuntu/spark-2.1.1-bin-hadoop2.7/jars/spark-network-shuffle_2.11-2.1.1.jar
7fc3b72d2000-7fc3b72d3000 r--s 00006000 ca:01 261788                     /home/ubuntu/spark-2.1.1-bin-hadoop2.7/jars/jackson-xc-1.9.13.jar
7fc3b72d3000-7fc3b72e9000 r--s 000d1000 ca:01 261585                     /home/ubuntu/spark-2.1.1-bin-hadoop2.7/jars/parquet-column-1.8.1.jar
7fc3b72e9000-7fc3b730e000 rw-p 00000000 00:00 0 
7fc3b730e000-7fc3b741a000 r--s 00dba000 ca:01 261859                     /home/ubuntu/spark-2.1.1-bin-hadoop2.7/jars/scala-compiler-2.11.8.jar
7fc3b741a000-7fc3b741b000 r--s 00002000 ca:01 261764                     /home/ubuntu/spark-2.1.1-bin-hadoop2.7/jars/jpam-1.1.jar
7fc3b741b000-7fc3b742a000 r--s 0009f000 ca:01 261734                     /home/ubuntu/spark-2.1.1-bin-hadoop2.7/jars/guice-3.0.jar
7fc3b742a000-7fc3b7443000 r--s 00150000 ca:01 261626                     /home/ubuntu/spark-2.1.1-bin-hadoop2.7/jars/htrace-core-3.1.0-incubating.jar
7fc3b7443000-7fc3b7459000 r--s 000d3000 ca:01 261625                     /home/ubuntu/spark-2.1.1-bin-hadoop2.7/jars/jersey-server-2.22.2.jar
7fc3b7459000-7fc3b745b000 r--s 00008000 ca:01 261581                     /home/ubuntu/spark-2.1.1-bin-hadoop2.7/jars/parquet-common-1.8.1.jar
7fc3b745b000-7fc3b745d000 r--s 00002000 ca:01 261606                     /home/ubuntu/spark-2.1.1-bin-hadoop2.7/jars/aopalliance-repackaged-2.4.0-b34.jar
7fc3b745d000-7fc3b7461000 r--s 0003c000 ca:01 261854                     /home/ubuntu/spark-2.1.1-bin-hadoop2.7/jars/jackson-core-2.6.5.jar
7fc3b7461000-7fc3b746c000 r--s 00062000 ca:01 261729                     /home/ubuntu/spark-2.1.1-bin-hadoop2.7/jars/calcite-linq4j-1.2.0-incubating.jar
7fc3b746c000-7fc3b74a2000 r--s 0031c000 ca:01 261565                     /home/ubuntu/spark-2.1.1-bin-hadoop2.7/jars/hadoop-common-2.7.3.jar
7fc3b74a2000-7fc3b74a6000 r--s 0001a000 ca:01 261579                     /home/ubuntu/spark-2.1.1-bin-hadoop2.7/jars/hk2-utils-2.4.0-b34.jar
7fc3b74a6000-7fc3b74b2000 r--s 000b6000 ca:01 261831                     /home/ubuntu/spark-2.1.1-bin-hadoop2.7/jars/zookeeper-3.4.6.jar
7fc3b74b2000-7fc3b74b8000 r--s 00040000 ca:01 261709                     /home/ubuntu/spark-2.1.1-bin-hadoop2.7/jars/parquet-encoding-1.8.1.jar
7fc3b74b8000-7fc3b74bd000 r--s 00036000 ca:01 261574                     /home/ubuntu/spark-2.1.1-bin-hadoop2.7/jars/commons-compress-1.4.1.jar
7fc3b74bd000-7fc3b74ea000 r--s 001d4000 ca:01 261863                     /home/ubuntu/spark-2.1.1-bin-hadoop2.7/jars/spark-streaming_2.11-2.1.1.jar
7fc3b74ea000-7fc3b74ed000 r--s 00022000 ca:01 261806                     /home/ubuntu/spark-2.1.1-bin-hadoop2.7/jars/stringtemplate-3.2.1.jar
7fc3b74ed000-7fc3b74f4000 r--s 00036000 ca:01 261624                     /home/ubuntu/spark-2.1.1-bin-hadoop2.7/jars/curator-recipes-2.6.0.jar
7fc3b74f4000-7fc3b74f8000 r--s 00029000 ca:01 261548                     /home/ubuntu/spark-2.1.1-bin-hadoop2.7/jars/breeze-macros_2.11-0.12.jar
7fc3b74f8000-7fc3b74fc000 r--s 00036000 ca:01 261851                     /home/ubuntu/spark-2.1.1-bin-hadoop2.7/jars/ST4-4.0.4.jar
7fc3b74fc000-7fc3b7500000 r--s 00018000 ca:01 261584                     /home/ubuntu/spark-2.1.1-bin-hadoop2.7/jars/metrics-core-3.1.2.jar
7fc3b7500000-7fc3b750e000 r--s 000b1000 ca:01 261754                     /home/ubuntu/spark-2.1.1-bin-hadoop2.7/jars/jackson-mapper-asl-1.9.13.jar
7fc3b750e000-7fc3b751e000 r--s 000a0000 ca:01 261599                     /home/ubuntu/spark-2.1.1-bin-hadoop2.7/jars/spark-yarn_2.11-2.1.1.jar
7fc3b751e000-7fc3b751f000 r--s 00003000 ca:01 261590                     /home/ubuntu/spark-2.1.1-bin-hadoop2.7/jars/spark-tags_2.11-2.1.1.jar
7fc3b751f000-7fc3b7531000 r--s 00097000 ca:01 261804                     /home/ubuntu/spark-2.1.1-bin-hadoop2.7/jars/apacheds-kerberos-codec-2.0.0-M15.jar
7fc3b7531000-7fc3b7534000 r--s 00017000 ca:01 261800                     /home/ubuntu/spark-2.1.1-bin-hadoop2.7/jars/jaxb-api-2.2.2.jar
7fc3b7534000-7fc3b7536000 r--s 00009000 ca:01 261848                     /home/ubuntu/spark-2.1.1-bin-hadoop2.7/jars/objenesis-2.1.jar
7fc3b7536000-7fc3b75a1000 r--s 00784000 ca:01 261535                     /home/ubuntu/spark-2.1.1-bin-hadoop2.7/jars/hadoop-hdfs-2.7.3.jar
7fc3b75a1000-7fc3b75a3000 r--s 00010000 ca:01 261752                     /home/ubuntu/spark-2.1.1-bin-hadoop2.7/jars/jersey-media-jaxb-2.22.2.jar
7fc3b75a3000-7fc3b75b0000 r--s 00083000 ca:01 261598                     /home/ubuntu/spark-2.1.1-bin-hadoop2.7/jars/commons-collections-3.2.2.jar
7fc3b75b0000-7fc3b75b7000 r--s 00051000 ca:01 261542                     /home/ubuntu/spark-2.1.1-bin-hadoop2.7/jars/kryo-shaded-3.0.3.jar
7fc3b75b7000-7fc3b75ee000 r--s 00325000 ca:01 261802                     /home/ubuntu/spark-2.1.1-bin-hadoop2.7/jars/calcite-core-1.2.0-incubating.jar
7fc3b75ee000-7fc3b75f1000 r--s 00012000 ca:01 261602                     /home/ubuntu/spark-2.1.1-bin-hadoop2.7/jars/json4s-ast_2.11-3.2.11.jar
7fc3b75f1000-7fc3b75f3000 r--s 0000e000 ca:01 261794                     /home/ubuntu/spark-2.1.1-bin-hadoop2.7/jars/commons-logging-1.1.3.jar
7fc3b75f3000-7fc3b769c000 r--s 00a4f000 ca:01 261801                     /home/ubuntu/spark-2.1.1-bin-hadoop2.7/jars/hive-exec-1.2.1.spark2.jar
7fc3b769c000-7fc3b769d000 r--s 0000b000 ca:01 261631                     /home/ubuntu/spark-2.1.1-bin-hadoop2.7/jars/snappy-0.2.jar
7fc3b769d000-7fc3b76a0000 r--s 00028000 ca:01 261541                     /home/ubuntu/spark-2.1.1-bin-hadoop2.7/jars/stream-2.7.0.jar
7fc3b76a0000-7fc3b76d4000 r--s 00277000 ca:01 261592                     /home/ubuntu/spark-2.1.1-bin-hadoop2.7/jars/parquet-hadoop-bundle-1.6.0.jar
7fc3b76d4000-7fc3b76d8000 r--s 0000c000 ca:01 261617                     /home/ubuntu/spark-2.1.1-bin-hadoop2.7/jars/validation-api-1.1.0.Final.jar
7fc3b76d8000-7fc3b7701000 r--s 001ee000 ca:01 261862                     /home/ubuntu/spark-2.1.1-bin-hadoop2.7/jars/guava-14.0.1.jar
7fc3b7701000-7fc3b770e000 r--s 00071000 ca:01 261832                     /home/ubuntu/spark-2.1.1-bin-hadoop2.7/jars/jackson-module-scala_2.11-2.6.5.jar
7fc3b770e000-7fc3b7727000 r--s 00114000 ca:01 261577                     /home/ubuntu/spark-2.1.1-bin-hadoop2.7/jars/spark-hive_2.11-2.1.1.jar
7fc3b7727000-7fc3b773f000 r--s 00115000 ca:01 261824                     /home/ubuntu/spark-2.1.1-bin-hadoop2.7/jars/netty-3.8.0.Final.jar
7fc3b773f000-7fc3b7798000 r--s 00522000 ca:01 261865                     /home/ubuntu/spark-2.1.1-bin-hadoop2.7/jars/scala-library-2.11.8.jar
7fc3b7798000-7fc3b779f000 r--s 00049000 ca:01 261852                     /home/ubuntu/spark-2.1.1-bin-hadoop2.7/jars/univocity-parsers-2.2.1.jar
7fc3b779f000-7fc3b77eb000 r--s 00411000 ca:01 261857                     /home/ubuntu/spark-2.1.1-bin-hadoop2.7/jars/scala-reflect-2.11.8.jar
7fc3b77eb000-7fc3b77f9000 r--s 0009d000 ca:01 261614                     /home/ubuntu/spark-2.1.1-bin-hadoop2.7/jars/jersey-common-2.22.2.jar
7fc3b77f9000-7fc3b7803000 r--s 000aa000 ca:01 261762                     /home/ubuntu/spark-2.1.1-bin-hadoop2.7/jars/janino-3.0.0.jar
7fc3b7803000-7fc3b7804000 r--s 00008000 ca:01 261844                     /home/ubuntu/spark-2.1.1-bin-hadoop2.7/jars/commons-compiler-3.0.0.jar
7fc3b7804000-7fc3b780d000 r--s 00097000 ca:01 261837                     /home/ubuntu/spark-2.1.1-bin-hadoop2.7/jars/pmml-model-1.2.15.jar
7fc3b780d000-7fc3b780f000 r--s 00005000 ca:01 261741                     /home/ubuntu/spark-2.1.1-bin-hadoop2.7/jars/stax-api-1.0.1.jar
7fc3b780f000-7fc3b7813000 r--s 00035000 ca:01 261597                     /home/ubuntu/spark-2.1.1-bin-hadoop2.7/jars/jackson-core-asl-1.9.13.jar
7fc3b7813000-7fc3b7816000 r--s 00019000 ca:01 261530                     /home/ubuntu/spark-2.1.1-bin-hadoop2.7/jars/bonecp-0.8.0.RELEASE.jar
7fc3b7816000-7fc3b7818000 r--s 00038000 ca:01 261789                     /home/ubuntu/spark-2.1.1-bin-hadoop2.7/jars/lz4-1.3.0.jar
7fc3b7818000-7fc3b7831000 r--s 00164000 ca:01 261738                     /home/ubuntu/spark-2.1.1-bin-hadoop2.7/jars/hadoop-mapreduce-client-core-2.7.3.jar
7fc3b7831000-7fc3b7834000 r--s 00026000 ca:01 261792                     /home/ubuntu/spark-2.1.1-bin-hadoop2.7/jars/hadoop-yarn-client-2.7.3.jar
7fc3b7834000-7fc3b7836000 r--s 00017000 ca:01 261607                     /home/ubuntu/spark-2.1.1-bin-hadoop2.7/jars/hive-jdbc-1.2.1.spark2.jar
7fc3b7836000-7fc3b78b7000 r--s 005d9000 ca:01 261746                     /home/ubuntu/spark-2.1.1-bin-hadoop2.7/jars/spark-sql_2.11-2.1.1.jar
7fc3b78b7000-7fc3b78b8000 r--s 00006000 ca:01 261755                     /home/ubuntu/spark-2.1.1-bin-hadoop2.7/jars/hadoop-client-2.7.3.jar
7fc3b78b8000-7fc3b78bf000 r--s 00058000 ca:01 261609                     /home/ubuntu/spark-2.1.1-bin-hadoop2.7/jars/hadoop-yarn-server-common-2.7.3.jar
7fc3b78bf000-7fc3b78c0000 r--s 0000a000 ca:01 261616                     /home/ubuntu/spark-2.1.1-bin-hadoop2.7/jars/apacheds-i18n-2.0.0-M15.jar
7fc3b78c0000-7fc3b78c1000 r--s 00000000 ca:01 261600                     /home/ubuntu/spark-2.1.1-bin-hadoop2.7/jars/javax.inject-1.jar
7fc3b78c1000-7fc3b78c7000 r--s 00045000 ca:01 261605                     /home/ubuntu/spark-2.1.1-bin-hadoop2.7/jars/commons-httpclient-3.1.jar
7fc3b78c7000-7fc3b78d4000 r--s 000a7000 ca:01 261627                     /home/ubuntu/spark-2.1.1-bin-hadoop2.7/jars/httpclient-4.5.2.jar
7fc3b78d4000-7fc3b78d6000 r--s 0001f000 ca:01 261825                     /home/ubuntu/spark-2.1.1-bin-hadoop2.7/jars/commons-crypto-1.0.0.jar
7fc3b78d6000-7fc3b78db000 r--s 0002a000 ca:01 261735                     /home/ubuntu/spark-2.1.1-bin-hadoop2.7/jars/gson-2.2.4.jar
7fc3b78db000-7fc3b791b000 r--s 00277000 ca:01 261767                     /home/ubuntu/spark-2.1.1-bin-hadoop2.7/jars/bcprov-jdk15on-1.51.jar
7fc3b791b000-7fc3b791e000 r--s 00016000 ca:01 261593                     /home/ubuntu/spark-2.1.1-bin-hadoop2.7/jars/jsp-api-2.1.jar
7fc3b791e000-7fc3b791f000 r--s 00001000 ca:01 261838                     /home/ubuntu/spark-2.1.1-bin-hadoop2.7/jars/javax.inject-2.4.0-b34.jar
7fc3b791f000-7fc3b7921000 r--s 00015000 ca:01 261547                     /home/ubuntu/spark-2.1.1-bin-hadoop2.7/jars/hadoop-auth-2.7.3.jar
7fc3b7921000-7fc3b7925000 r--s 0002f000 ca:01 261795                     /home/ubuntu/spark-2.1.1-bin-hadoop2.7/jars/commons-beanutils-core-1.8.0.jar
7fc3b7925000-7fc3b7954000 r--s 002e5000 ca:01 261846                     /home/ubuntu/spark-2.1.1-bin-hadoop2.7/jars/derby-10.12.1.1.jar
7fc3b7954000-7fc3b7956000 r--s 00008000 ca:01 261544                     /home/ubuntu/spark-2.1.1-bin-hadoop2.7/jars/metrics-jvm-3.1.2.jar
7fc3b7956000-7fc3b7959000 r--s 00015000 ca:01 261723                     /home/ubuntu/spark-2.1.1-bin-hadoop2.7/jars/pyrolite-4.13.jar
7fc3b7959000-7fc3b795b000 r--s 0000e000 ca:01 261760                     /home/ubuntu/spark-2.1.1-bin-hadoop2.7/jars/spark-repl_2.11-2.1.1.jar
7fc3b795b000-7fc3b7964000 r--s 0006f000 ca:01 261724                     /home/ubuntu/spark-2.1.1-bin-hadoop2.7/jars/log4j-1.2.17.jar
7fc3b7964000-7fc3b7968000 r--s 00025000 ca:01 261850                     /home/ubuntu/spark-2.1.1-bin-hadoop2.7/jars/jersey-client-2.22.2.jar
7fc3b7968000-7fc3b796f000 r--s 00058000 ca:01 261589                     /home/ubuntu/spark-2.1.1-bin-hadoop2.7/jars/parquet-format-2.3.0-incubating.jar
7fc3b796f000-7fc3b7971000 r--s 00003000 ca:01 261615                     /home/ubuntu/spark-2.1.1-bin-hadoop2.7/jars/api-asn1-api-1.0.0-M20.jar
7fc3b7971000-7fc3b797b000 r--s 0007b000 ca:01 261847                     /home/ubuntu/spark-2.1.1-bin-hadoop2.7/jars/hadoop-mapreduce-client-app-2.7.3.jar
7fc3b797b000-7fc3b797e000 r--s 0000e000 ca:01 261575                     /home/ubuntu/spark-2.1.1-bin-hadoop2.7/jars/jersey-container-servlet-core-2.22.2.jar
7fc3b797e000-7fc3b7982000 r--s 00025000 ca:01 261538                     /home/ubuntu/spark-2.1.1-bin-hadoop2.7/jars/antlr-runtime-3.4.jar
7fc3b7982000-7fc3b7993000 r--s 00089000 ca:01 261623                     /home/ubuntu/spark-2.1.1-bin-hadoop2.7/jars/joda-time-2.9.3.jar
7fc3b7993000-7fc3b7995000 r--s 00005000 ca:01 261743                     /home/ubuntu/spark-2.1.1-bin-hadoop2.7/jars/javax.annotation-api-1.2.jar
7fc3b7995000-7fc3b799a000 r--s 00032000 ca:01 261864                     /home/ubuntu/spark-2.1.1-bin-hadoop2.7/jars/chill_2.11-0.8.0.jar
7fc3b799a000-7fc3b79a5000 r--s 0005d000 ca:01 261853                     /home/ubuntu/spark-2.1.1-bin-hadoop2.7/jars/scala-parser-combinators_2.11-1.0.4.jar
7fc3b79a5000-7fc3b79b7000 r--s 00112000 ca:01 261835                     /home/ubuntu/spark-2.1.1-bin-hadoop2.7/jars/arpack_combined_all-0.1.jar
7fc3b79b7000-7fc3b79cf000 r--s 000d6000 ca:01 261571                     /home/ubuntu/spark-2.1.1-bin-hadoop2.7/jars/jersey-guava-2.22.2.jar
7fc3b79cf000-7fc3b79d5000 r--s 0002c000 ca:01 261828                     /home/ubuntu/spark-2.1.1-bin-hadoop2.7/jars/jdo-api-3.0.1.jar
7fc3b79d5000-7fc3b79dc000 r--s 00046000 ca:01 261797                     /home/ubuntu/spark-2.1.1-bin-hadoop2.7/jars/libfb303-0.9.3.jar
7fc3b79dc000-7fc3b79de000 r--s 00010000 ca:01 261622                     /home/ubuntu/spark-2.1.1-bin-hadoop2.7/jars/hadoop-mapreduce-client-shuffle-2.7.3.jar
7fc3b79de000-7fc3b79e0000 r--s 00000000 ca:01 261836                     /home/ubuntu/spark-2.1.1-bin-hadoop2.7/jars/jul-to-slf4j-1.7.16.jar
7fc3b79e0000-7fc3b79e3000 r--s 00014000 ca:01 261761                     /home/ubuntu/spark-2.1.1-bin-hadoop2.7/jars/super-csv-2.2.0.jar
7fc3b79e3000-7fc3b79f5000 r--s 000b3000 ca:01 261829                     /home/ubuntu/spark-2.1.1-bin-hadoop2.7/jars/scalap-2.11.8.jar
7fc3b79f5000-7fc3b79f7000 r--s 00003000 ca:01 261843                     /home/ubuntu/spark-2.1.1-bin-hadoop2.7/jars/base64-2.3.8.jar
7fc3b79f7000-7fc3b7a0f000 r--s 00115000 ca:01 261537                     /home/ubuntu/spark-2.1.1-bin-hadoop2.7/jars/xercesImpl-2.9.1.jar
7fc3b7a0f000-7fc3b7a64000 r--s 0069c000 ca:01 261595                     /home/ubuntu/spark-2.1.1-bin-hadoop2.7/jars/spire_2.11-0.7.4.jar
7fc3b7a64000-7fc3b7a65000 ---p 00000000 00:00 0 
7fc3b7a65000-7fc3b7b65000 rw-p 00000000 00:00 0 
7fc3b7b65000-7fc3b7b68000 ---p 00000000 00:00 0 
7fc3b7b68000-7fc3b7c66000 rw-p 00000000 00:00 0 
7fc3b7c66000-7fc3b7c69000 ---p 00000000 00:00 0 
7fc3b7c69000-7fc3b7d67000 rw-p 00000000 00:00 0 
7fc3b7d67000-7fc3b7d6a000 ---p 00000000 00:00 0 
7fc3b7d6a000-7fc3b7e68000 rw-p 00000000 00:00 0 
7fc3b7e68000-7fc3b8000000 r--p 00000000 ca:01 8059                       /usr/lib/locale/locale-archive
7fc3b8000000-7fc3b884c000 rw-p 00000000 00:00 0 
7fc3b884c000-7fc3bc000000 ---p 00000000 00:00 0 
7fc3bc000000-7fc3bc001000 r--s 00002000 ca:01 261586                     /home/ubuntu/spark-2.1.1-bin-hadoop2.7/jars/java-xmlbuilder-1.0.jar
7fc3bc001000-7fc3bc003000 r--s 00003000 ca:01 261570                     /home/ubuntu/spark-2.1.1-bin-hadoop2.7/jars/jersey-container-servlet-2.22.2.jar
7fc3bc003000-7fc3bc00d000 r--s 000a5000 ca:01 261766                     /home/ubuntu/spark-2.1.1-bin-hadoop2.7/jars/javassist-3.18.1-GA.jar
7fc3bc00d000-7fc3bc010000 r--s 00021000 ca:01 261596                     /home/ubuntu/spark-2.1.1-bin-hadoop2.7/jars/xbean-asm5-shaded-4.4.jar
7fc3bc010000-7fc3bc013000 r--s 00025000 ca:01 261618                     /home/ubuntu/spark-2.1.1-bin-hadoop2.7/jars/commons-dbcp-1.4.jar
7fc3bc013000-7fc3bc03a000 r--s 0020f000 ca:01 261726                     /home/ubuntu/spark-2.1.1-bin-hadoop2.7/jars/netty-all-4.0.42.Final.jar
7fc3bc03a000-7fc3bc03d000 r--s 00015000 ca:01 261620                     /home/ubuntu/spark-2.1.1-bin-hadoop2.7/jars/commons-pool-1.5.4.jar
7fc3bc03d000-7fc3bc03f000 r--s 00004000 ca:01 261787                     /home/ubuntu/spark-2.1.1-bin-hadoop2.7/jars/metrics-graphite-3.1.2.jar
7fc3bc03f000-7fc3bc044000 r--s 00027000 ca:01 261861                     /home/ubuntu/spark-2.1.1-bin-hadoop2.7/jars/hk2-api-2.4.0-b34.jar
7fc3bc044000-7fc3bc05f000 r--s 001d6000 ca:01 258327                     /usr/lib/jvm/java-8-openjdk-amd64/jre/lib/ext/nashorn.jar
7fc3bc05f000-7fc3bc062000 ---p 00000000 00:00 0 
7fc3bc062000-7fc3bc160000 rw-p 00000000 00:00 0 
7fc3bc160000-7fc3bc163000 ---p 00000000 00:00 0 
7fc3bc163000-7fc3bc261000 rw-p 00000000 00:00 0 
7fc3bc261000-7fc3bc264000 ---p 00000000 00:00 0 
7fc3bc264000-7fc3bc362000 rw-p 00000000 00:00 0 
7fc3bc362000-7fc3bc363000 ---p 00000000 00:00 0 
7fc3bc363000-7fc3bc463000 rw-p 00000000 00:00 0 
7fc3bc463000-7fc3bc634000 r--s 03ca5000 ca:01 258308                     /usr/lib/jvm/java-8-openjdk-amd64/jre/lib/rt.jar
7fc3bc634000-7fc3bceaa000 rw-p 00000000 00:00 0 
7fc3bceaa000-7fc3bcf2b000 rw-p 00000000 00:00 0 
7fc3bcf2b000-7fc3bd000000 ---p 00000000 00:00 0 
7fc3bd000000-7fc3c0ed0000 rwxp 00000000 00:00 0 
7fc3c0ed0000-7fc3cc000000 ---p 00000000 00:00 0 
7fc3cc000000-7fc3ccdfa000 rw-p 00000000 00:00 0 
7fc3ccdfa000-7fc3d0000000 ---p 00000000 00:00 0 
7fc3d0000000-7fc3d0001000 r--s 00009000 ca:01 261534                     /home/ubuntu/spark-2.1.1-bin-hadoop2.7/jars/hadoop-annotations-2.7.3.jar
7fc3d0001000-7fc3d0002000 r--s 00003000 ca:01 261827                     /home/ubuntu/spark-2.1.1-bin-hadoop2.7/jars/metrics-json-3.1.2.jar
7fc3d0002000-7fc3d0004000 r--s 0000f000 ca:01 261715                     /home/ubuntu/spark-2.1.1-bin-hadoop2.7/jars/curator-client-2.6.0.jar
7fc3d0004000-7fc3d000a000 r--s 00034000 ca:01 261799                     /home/ubuntu/spark-2.1.1-bin-hadoop2.7/jars/libthrift-0.9.3.jar
7fc3d000a000-7fc3d000d000 r--s 0000f000 ca:01 258331                     /usr/lib/jvm/java-8-openjdk-amd64/jre/lib/ext/icedtea-sound.jar
7fc3d000d000-7fc3d0028000 r--s 00394000 ca:01 258325                     /usr/lib/jvm/java-8-openjdk-amd64/jre/lib/ext/cldrdata.jar
7fc3d0028000-7fc3d002c000 r--s 00040000 ca:01 258330                     /usr/lib/jvm/java-8-openjdk-amd64/jre/lib/ext/sunpkcs11.jar
7fc3d002c000-7fc3d006d000 rw-p 00000000 00:00 0 
7fc3d006d000-7fc3d00d6000 ---p 00000000 00:00 0 
7fc3d00d6000-7fc3d0158000 rw-p 00000000 00:00 0 
7fc3d0158000-7fc3d022c000 ---p 00000000 00:00 0 
7fc3d022c000-7fc3d0329000 rw-p 00000000 00:00 0 
7fc3d0329000-7fc3d05ed000 ---p 00000000 00:00 0 
7fc3d05ed000-7fc3d05f5000 r-xp 00000000 ca:01 258347                     /usr/lib/jvm/java-8-openjdk-amd64/jre/lib/amd64/libzip.so
7fc3d05f5000-7fc3d07f4000 ---p 00008000 ca:01 258347                     /usr/lib/jvm/java-8-openjdk-amd64/jre/lib/amd64/libzip.so
7fc3d07f4000-7fc3d07f5000 r--p 00007000 ca:01 258347                     /usr/lib/jvm/java-8-openjdk-amd64/jre/lib/amd64/libzip.so
7fc3d07f5000-7fc3d07f6000 rw-p 00008000 ca:01 258347                     /usr/lib/jvm/java-8-openjdk-amd64/jre/lib/amd64/libzip.so
7fc3d07f6000-7fc3d0801000 r-xp 00000000 ca:01 10412                      /lib/x86_64-linux-gnu/libnss_files-2.23.so
7fc3d0801000-7fc3d0a00000 ---p 0000b000 ca:01 10412                      /lib/x86_64-linux-gnu/libnss_files-2.23.so
7fc3d0a00000-7fc3d0a01000 r--p 0000a000 ca:01 10412                      /lib/x86_64-linux-gnu/libnss_files-2.23.so
7fc3d0a01000-7fc3d0a02000 rw-p 0000b000 ca:01 10412                      /lib/x86_64-linux-gnu/libnss_files-2.23.so
7fc3d0a02000-7fc3d0a08000 rw-p 00000000 00:00 0 
7fc3d0a08000-7fc3d0a13000 r-xp 00000000 ca:01 10420                      /lib/x86_64-linux-gnu/libnss_nis-2.23.so
7fc3d0a13000-7fc3d0c12000 ---p 0000b000 ca:01 10420                      /lib/x86_64-linux-gnu/libnss_nis-2.23.so
7fc3d0c12000-7fc3d0c13000 r--p 0000a000 ca:01 10420                      /lib/x86_64-linux-gnu/libnss_nis-2.23.so
7fc3d0c13000-7fc3d0c14000 rw-p 0000b000 ca:01 10420                      /lib/x86_64-linux-gnu/libnss_nis-2.23.so
7fc3d0c14000-7fc3d0c2a000 r-xp 00000000 ca:01 10421                      /lib/x86_64-linux-gnu/libnsl-2.23.so
7fc3d0c2a000-7fc3d0e29000 ---p 00016000 ca:01 10421                      /lib/x86_64-linux-gnu/libnsl-2.23.so
7fc3d0e29000-7fc3d0e2a000 r--p 00015000 ca:01 10421                      /lib/x86_64-linux-gnu/libnsl-2.23.so
7fc3d0e2a000-7fc3d0e2b000 rw-p 00016000 ca:01 10421                      /lib/x86_64-linux-gnu/libnsl-2.23.so
7fc3d0e2b000-7fc3d0e2d000 rw-p 00000000 00:00 0 
7fc3d0e2d000-7fc3d0e35000 r-xp 00000000 ca:01 10423                      /lib/x86_64-linux-gnu/libnss_compat-2.23.so
7fc3d0e35000-7fc3d1034000 ---p 00008000 ca:01 10423                      /lib/x86_64-linux-gnu/libnss_compat-2.23.so
7fc3d1034000-7fc3d1035000 r--p 00007000 ca:01 10423                      /lib/x86_64-linux-gnu/libnss_compat-2.23.so
7fc3d1035000-7fc3d1036000 rw-p 00008000 ca:01 10423                      /lib/x86_64-linux-gnu/libnss_compat-2.23.so
7fc3d1036000-7fc3d1060000 r-xp 00000000 ca:01 258354                     /usr/lib/jvm/java-8-openjdk-amd64/jre/lib/amd64/libjava.so
7fc3d1060000-7fc3d125f000 ---p 0002a000 ca:01 258354                     /usr/lib/jvm/java-8-openjdk-amd64/jre/lib/amd64/libjava.so
7fc3d125f000-7fc3d1260000 r--p 00029000 ca:01 258354                     /usr/lib/jvm/java-8-openjdk-amd64/jre/lib/amd64/libjava.so
7fc3d1260000-7fc3d1262000 rw-p 0002a000 ca:01 258354                     /usr/lib/jvm/java-8-openjdk-amd64/jre/lib/amd64/libjava.so
7fc3d1262000-7fc3d1271000 r-xp 00000000 ca:01 258352                     /usr/lib/jvm/java-8-openjdk-amd64/jre/lib/amd64/libverify.so
7fc3d1271000-7fc3d1470000 ---p 0000f000 ca:01 258352                     /usr/lib/jvm/java-8-openjdk-amd64/jre/lib/amd64/libverify.so
7fc3d1470000-7fc3d1472000 r--p 0000e000 ca:01 258352                     /usr/lib/jvm/java-8-openjdk-amd64/jre/lib/amd64/libverify.so
7fc3d1472000-7fc3d1473000 rw-p 00010000 ca:01 258352                     /usr/lib/jvm/java-8-openjdk-amd64/jre/lib/amd64/libverify.so
7fc3d1473000-7fc3d147a000 r-xp 00000000 ca:01 10411                      /lib/x86_64-linux-gnu/librt-2.23.so
7fc3d147a000-7fc3d1679000 ---p 00007000 ca:01 10411                      /lib/x86_64-linux-gnu/librt-2.23.so
7fc3d1679000-7fc3d167a000 r--p 00006000 ca:01 10411                      /lib/x86_64-linux-gnu/librt-2.23.so
7fc3d167a000-7fc3d167b000 rw-p 00007000 ca:01 10411                      /lib/x86_64-linux-gnu/librt-2.23.so
7fc3d167b000-7fc3d1691000 r-xp 00000000 ca:01 1975                       /lib/x86_64-linux-gnu/libgcc_s.so.1
7fc3d1691000-7fc3d1890000 ---p 00016000 ca:01 1975                       /lib/x86_64-linux-gnu/libgcc_s.so.1
7fc3d1890000-7fc3d1891000 rw-p 00015000 ca:01 1975                       /lib/x86_64-linux-gnu/libgcc_s.so.1
7fc3d1891000-7fc3d1999000 r-xp 00000000 ca:01 10417                      /lib/x86_64-linux-gnu/libm-2.23.so
7fc3d1999000-7fc3d1b98000 ---p 00108000 ca:01 10417                      /lib/x86_64-linux-gnu/libm-2.23.so
7fc3d1b98000-7fc3d1b99000 r--p 00107000 ca:01 10417                      /lib/x86_64-linux-gnu/libm-2.23.so
7fc3d1b99000-7fc3d1b9a000 rw-p 00108000 ca:01 10417                      /lib/x86_64-linux-gnu/libm-2.23.so
7fc3d1b9a000-7fc3d1d0c000 r-xp 00000000 ca:01 5294                       /usr/lib/x86_64-linux-gnu/libstdc++.so.6.0.21
7fc3d1d0c000-7fc3d1f0c000 ---p 00172000 ca:01 5294                       /usr/lib/x86_64-linux-gnu/libstdc++.so.6.0.21
7fc3d1f0c000-7fc3d1f16000 r--p 00172000 ca:01 5294                       /usr/lib/x86_64-linux-gnu/libstdc++.so.6.0.21
7fc3d1f16000-7fc3d1f18000 rw-p 0017c000 ca:01 5294                       /usr/lib/x86_64-linux-gnu/libstdc++.so.6.0.21
7fc3d1f18000-7fc3d1f1c000 rw-p 00000000 00:00 0 
7fc3d1f1c000-7fc3d2c42000 r-xp 00000000 ca:01 258369                     /usr/lib/jvm/java-8-openjdk-amd64/jre/lib/amd64/server/libjvm.so
7fc3d2c42000-7fc3d2e41000 ---p 00d26000 ca:01 258369                     /usr/lib/jvm/java-8-openjdk-amd64/jre/lib/amd64/server/libjvm.so
7fc3d2e41000-7fc3d2ed7000 r--p 00d25000 ca:01 258369                     /usr/lib/jvm/java-8-openjdk-amd64/jre/lib/amd64/server/libjvm.so
7fc3d2ed7000-7fc3d2f00000 rw-p 00dbb000 ca:01 258369                     /usr/lib/jvm/java-8-openjdk-amd64/jre/lib/amd64/server/libjvm.so
7fc3d2f00000-7fc3d2f33000 rw-p 00000000 00:00 0 
7fc3d2f33000-7fc3d2f4b000 r-xp 00000000 ca:01 10402                      /lib/x86_64-linux-gnu/libpthread-2.23.so
7fc3d2f4b000-7fc3d314a000 ---p 00018000 ca:01 10402                      /lib/x86_64-linux-gnu/libpthread-2.23.so
7fc3d314a000-7fc3d314b000 r--p 00017000 ca:01 10402                      /lib/x86_64-linux-gnu/libpthread-2.23.so
7fc3d314b000-7fc3d314c000 rw-p 00018000 ca:01 10402                      /lib/x86_64-linux-gnu/libpthread-2.23.so
7fc3d314c000-7fc3d3150000 rw-p 00000000 00:00 0 
7fc3d3150000-7fc3d3153000 r-xp 00000000 ca:01 10408                      /lib/x86_64-linux-gnu/libdl-2.23.so
7fc3d3153000-7fc3d3352000 ---p 00003000 ca:01 10408                      /lib/x86_64-linux-gnu/libdl-2.23.so
7fc3d3352000-7fc3d3353000 r--p 00002000 ca:01 10408                      /lib/x86_64-linux-gnu/libdl-2.23.so
7fc3d3353000-7fc3d3354000 rw-p 00003000 ca:01 10408                      /lib/x86_64-linux-gnu/libdl-2.23.so
7fc3d3354000-7fc3d336d000 r-xp 00000000 ca:01 1303                       /lib/x86_64-linux-gnu/libz.so.1.2.8
7fc3d336d000-7fc3d356c000 ---p 00019000 ca:01 1303                       /lib/x86_64-linux-gnu/libz.so.1.2.8
7fc3d356c000-7fc3d356d000 r--p 00018000 ca:01 1303                       /lib/x86_64-linux-gnu/libz.so.1.2.8
7fc3d356d000-7fc3d356e000 rw-p 00019000 ca:01 1303                       /lib/x86_64-linux-gnu/libz.so.1.2.8
7fc3d356e000-7fc3d372e000 r-xp 00000000 ca:01 10422                      /lib/x86_64-linux-gnu/libc-2.23.so
7fc3d372e000-7fc3d392e000 ---p 001c0000 ca:01 10422                      /lib/x86_64-linux-gnu/libc-2.23.so
7fc3d392e000-7fc3d3932000 r--p 001c0000 ca:01 10422                      /lib/x86_64-linux-gnu/libc-2.23.so
7fc3d3932000-7fc3d3934000 rw-p 001c4000 ca:01 10422                      /lib/x86_64-linux-gnu/libc-2.23.so
7fc3d3934000-7fc3d3938000 rw-p 00000000 00:00 0 
7fc3d3938000-7fc3d3946000 r-xp 00000000 ca:01 258359                     /usr/lib/jvm/java-8-openjdk-amd64/jre/lib/amd64/jli/libjli.so
7fc3d3946000-7fc3d3b45000 ---p 0000e000 ca:01 258359                     /usr/lib/jvm/java-8-openjdk-amd64/jre/lib/amd64/jli/libjli.so
7fc3d3b45000-7fc3d3b46000 r--p 0000d000 ca:01 258359                     /usr/lib/jvm/java-8-openjdk-amd64/jre/lib/amd64/jli/libjli.so
7fc3d3b46000-7fc3d3b47000 rw-p 0000e000 ca:01 258359                     /usr/lib/jvm/java-8-openjdk-amd64/jre/lib/amd64/jli/libjli.so
7fc3d3b47000-7fc3d3b6d000 r-xp 00000000 ca:01 10413                      /lib/x86_64-linux-gnu/ld-2.23.so
7fc3d3b6d000-7fc3d3b6f000 r--s 00010000 ca:01 258326                     /usr/lib/jvm/java-8-openjdk-amd64/jre/lib/ext/zipfs.jar
7fc3d3b6f000-7fc3d3b70000 r--s 0000a000 ca:01 258328                     /usr/lib/jvm/java-8-openjdk-amd64/jre/lib/ext/jaccess.jar
7fc3d3b70000-7fc3d3b72000 r--s 00001000 ca:01 258332                     /usr/lib/jvm/java-8-openjdk-amd64/jre/lib/ext/dnsns.jar
7fc3d3b72000-7fc3d3b78000 r--s 0003d000 ca:01 258333                     /usr/lib/jvm/java-8-openjdk-amd64/jre/lib/ext/sunjce_provider.jar
7fc3d3b78000-7fc3d3b83000 r--s 00116000 ca:01 258329                     /usr/lib/jvm/java-8-openjdk-amd64/jre/lib/ext/localedata.jar
7fc3d3b83000-7fc3d3b85000 r--s 00008000 ca:01 258324                     /usr/lib/jvm/java-8-openjdk-amd64/jre/lib/ext/sunec.jar
7fc3d3b85000-7fc3d3c56000 rw-p 00000000 00:00 0 
7fc3d3c56000-7fc3d3c5e000 rw-s 00000000 ca:01 555474                     /tmp/hsperfdata_ubuntu/1696
7fc3d3c5e000-7fc3d3c61000 ---p 00000000 00:00 0 
7fc3d3c61000-7fc3d3d63000 rw-p 00000000 00:00 0 
7fc3d3d63000-7fc3d3d69000 r--s 000d3000 ca:01 258316                     /usr/lib/jvm/java-8-openjdk-amd64/jre/lib/jfr.jar
7fc3d3d69000-7fc3d3d6a000 rw-p 00000000 00:00 0 
7fc3d3d6a000-7fc3d3d6b000 ---p 00000000 00:00 0 
7fc3d3d6b000-7fc3d3d6c000 rw-p 00000000 00:00 0 
7fc3d3d6c000-7fc3d3d6d000 r--p 00025000 ca:01 10413                      /lib/x86_64-linux-gnu/ld-2.23.so
7fc3d3d6d000-7fc3d3d6e000 rw-p 00026000 ca:01 10413                      /lib/x86_64-linux-gnu/ld-2.23.so
7fc3d3d6e000-7fc3d3d6f000 rw-p 00000000 00:00 0 
7ffed1651000-7ffed1672000 rw-p 00000000 00:00 0                          [stack]
7ffed16ba000-7ffed16bc000 r--p 00000000 00:00 0                          [vvar]
7ffed16bc000-7ffed16be000 r-xp 00000000 00:00 0                          [vdso]
ffffffffff600000-ffffffffff601000 r-xp 00000000 00:00 0                  [vsyscall]

VM Arguments:
jvm_args: -Xmx1g 
java_command: org.apache.spark.deploy.SparkSubmit --conf spark.app.name=police_data_analysis pyspark-shell
java_class_path (initial): /home/ubuntu/spark-2.1.1-bin-hadoop2.7/conf/:/home/ubuntu/spark-2.1.1-bin-hadoop2.7/jars/libthrift-0.9.3.jar:/home/ubuntu/spark-2.1.1-bin-hadoop2.7/jars/curator-client-2.6.0.jar:/home/ubuntu/spark-2.1.1-bin-hadoop2.7/jars/hk2-api-2.4.0-b34.jar:/home/ubuntu/spark-2.1.1-bin-hadoop2.7/jars/metrics-json-3.1.2.jar:/home/ubuntu/spark-2.1.1-bin-hadoop2.7/jars/metrics-graphite-3.1.2.jar:/home/ubuntu/spark-2.1.1-bin-hadoop2.7/jars/spire_2.11-0.7.4.jar:/home/ubuntu/spark-2.1.1-bin-hadoop2.7/jars/commons-pool-1.5.4.jar:/home/ubuntu/spark-2.1.1-bin-hadoop2.7/jars/netty-all-4.0.42.Final.jar:/home/ubuntu/spark-2.1.1-bin-hadoop2.7/jars/commons-dbcp-1.4.jar:/home/ubuntu/spark-2.1.1-bin-hadoop2.7/jars/xbean-asm5-shaded-4.4.jar:/home/ubuntu/spark-2.1.1-bin-hadoop2.7/jars/xercesImpl-2.9.1.jar:/home/ubuntu/spark-2.1.1-bin-hadoop2.7/jars/hadoop-annotations-2.7.3.jar:/home/ubuntu/spark-2.1.1-bin-hadoop2.7/jars/javassist-3.18.1-GA.jar:/home/ubuntu/spark-2.1.1-bin-hadoop2.7/jars/jersey-container-servlet-2.22.2.jar:/home/ubuntu/spark-2.1.1-bin-hadoop2.7/jars/base64-2.3.8.jar:/home/ubuntu/spark-2.1.1-bin-hadoop2.7/jars/scalap-2.11.8.jar:/home/ubuntu/spark-2.1.1-bin-hadoop2.7/jars/super-csv-2.2.0.jar:/home/ubuntu/spark-2.1.1-bin-hadoop2.7/jars/jul-to-slf4j-1.7.16.jar:/home/ubuntu/spark-2.1.1-bin-hadoop2.7/jars/hadoop-mapreduce-client-shuffle-2.7.3.jar:/home/ubuntu/spark-2.1.1-bin-hadoop2.7/jars/libfb303-0.9.3.jar:/home/ubuntu/spark-2.1.1-bin-hadoop2.7/jars/jdo-api-3.0.1.jar:/home/ubuntu/spark-2.1.1-bin-hadoop2.7/jars/jersey-guava-2.22.2.jar:/home/ubuntu/spark-2.1.1-bin-hadoop2.7/jars/arpack_combined_all-0.1.jar:/home/ubuntu/spark-2.1.1-bin-hadoop2.7/jars/scala-parser-combinators_2.11-1.0.4.jar:/home/ubuntu/spark-2.1.1-bin-hadoop2.7/jars/chill_2.11-0.8.0.jar:/home/ubuntu/spark-2.1.1-bin-hadoop2.7/jars/javax.annotation-api-1.2.jar:/home/ubuntu/spark-2.1.1-bin-hadoop2.7/jars/joda-time-2.9.3.jar:/home/ubuntu/spark-2.1.1-bin-hadoop2.7/jars/antlr-runtime-3.4.jar:/home/u
Launcher Type: SUN_STANDARD

Environment Variables:
PATH=/home/ubuntu/.local/bin:/home/ubuntu/bin:/home/ubuntu/.local/bin:/usr/local/sbin:/usr/local/bin:/usr/sbin:/usr/bin:/sbin:/bin:/usr/games:/usr/local/games:/snap/bin
SHELL=/bin/bash

Signal Handlers:
SIGSEGV: [libjvm.so+0xb1f1b0], sa_mask[0]=11111111011111111101111111111110, sa_flags=SA_RESTART|SA_SIGINFO
SIGBUS: [libjvm.so+0xb1f1b0], sa_mask[0]=11111111011111111101111111111110, sa_flags=SA_RESTART|SA_SIGINFO
SIGFPE: [libjvm.so+0x956cf0], sa_mask[0]=11111111011111111101111111111110, sa_flags=SA_RESTART|SA_SIGINFO
SIGPIPE: [libjvm.so+0x956cf0], sa_mask[0]=11111111011111111101111111111110, sa_flags=SA_RESTART|SA_SIGINFO
SIGXFSZ: [libjvm.so+0x956cf0], sa_mask[0]=11111111011111111101111111111110, sa_flags=SA_RESTART|SA_SIGINFO
SIGILL: [libjvm.so+0x956cf0], sa_mask[0]=11111111011111111101111111111110, sa_flags=SA_RESTART|SA_SIGINFO
SIGUSR1: SIG_DFL, sa_mask[0]=00000000000000000000000000000000, sa_flags=none
SIGUSR2: [libjvm.so+0x956ba0], sa_mask[0]=00000000000000000000000000000000, sa_flags=SA_RESTART|SA_SIGINFO
SIGHUP: [libjvm.so+0x957230], sa_mask[0]=11111111011111111101111111111110, sa_flags=SA_RESTART|SA_SIGINFO
SIGINT: SIG_IGN, sa_mask[0]=00000000000000000000000000000000, sa_flags=none
SIGTERM: [libjvm.so+0x957230], sa_mask[0]=11111111011111111101111111111110, sa_flags=SA_RESTART|SA_SIGINFO
SIGQUIT: [libjvm.so+0x957230], sa_mask[0]=11111111011111111101111111111110, sa_flags=SA_RESTART|SA_SIGINFO


---------------  S Y S T E M  ---------------

OS:DISTRIB_ID=Ubuntu
DISTRIB_RELEASE=16.04
DISTRIB_CODENAME=xenial
DISTRIB_DESCRIPTION="Ubuntu 16.04.4 LTS"

uname:Linux 4.4.0-1128-aws #142-Ubuntu SMP Fri Apr 16 12:42:33 UTC 2021 x86_64
libc:glibc 2.23 NPTL 2.23 
rlimit: STACK 8192k, CORE 0k, NPROC 3901, NOFILE 1048576, AS infinity
load average:2.11 3.60 2.93

/proc/meminfo:
MemTotal:        1014528 kB
MemFree:           68968 kB
MemAvailable:       9476 kB
Buffers:             384 kB
Cached:            16232 kB
SwapCached:            0 kB
Active:           883948 kB
Inactive:           8668 kB
Active(anon):     878776 kB
Inactive(anon):     2724 kB
Active(file):       5172 kB
Inactive(file):     5944 kB
Unevictable:        3652 kB
Mlocked:            3652 kB
SwapTotal:             0 kB
SwapFree:              0 kB
Dirty:               152 kB
Writeback:             0 kB
AnonPages:        879684 kB
Mapped:            12212 kB
Shmem:              3044 kB
Slab:              28172 kB
SReclaimable:      12720 kB
SUnreclaim:        15452 kB
KernelStack:        3776 kB
PageTables:         5644 kB
NFS_Unstable:          0 kB
Bounce:                0 kB
WritebackTmp:          0 kB
CommitLimit:      507264 kB
Committed_AS:    1068336 kB
VmallocTotal:   34359738367 kB
VmallocUsed:           0 kB
VmallocChunk:          0 kB
HardwareCorrupted:     0 kB
AnonHugePages:         0 kB
CmaTotal:              0 kB
CmaFree:               0 kB
HugePages_Total:       0
HugePages_Free:        0
HugePages_Rsvd:        0
HugePages_Surp:        0
Hugepagesize:       2048 kB
DirectMap4k:       36864 kB
DirectMap2M:     1011712 kB

container (cgroup) information:
container_type: cgroupv1
cpu_cpuset_cpus: 0
cpu_memory_nodes: 0
active_processor_count: 1
cpu_quota: -1
cpu_period: 100000
cpu_shares: -1
memory_limit_in_bytes: -1
memory_and_swap_limit_in_bytes: -2
memory_soft_limit_in_bytes: -1
memory_usage_in_bytes: 899452928
memory_max_usage_in_bytes: 909815808


CPU:total 1 (initial active 1) (1 cores per cpu, 1 threads per core) family 6 model 63 stepping 2, cmov, cx8, fxsr, mmx, sse, sse2, sse3, ssse3, sse4.1, sse4.2, popcnt, avx, avx2, aes, clmul, erms, lzcnt, tsc, bmi1, bmi2

/proc/cpuinfo:
processor	: 0
vendor_id	: GenuineIntel
cpu family	: 6
model		: 63
model name	: Intel(R) Xeon(R) CPU E5-2676 v3 @ 2.40GHz
stepping	: 2
microcode	: 0x44
cpu MHz		: 2400.008
cache size	: 30720 KB
physical id	: 0
siblings	: 1
core id		: 0
cpu cores	: 1
apicid		: 0
initial apicid	: 0
fpu		: yes
fpu_exception	: yes
cpuid level	: 13
wp		: yes
flags		: fpu vme de pse tsc msr pae mce cx8 apic sep mtrr pge mca cmov pat pse36 clflush mmx fxsr sse sse2 ht syscall nx rdtscp lm constant_tsc rep_good nopl xtopology pni pclmulqdq ssse3 fma cx16 pcid sse4_1 sse4_2 x2apic movbe popcnt tsc_deadline_timer aes xsave avx f16c rdrand hypervisor lahf_lm abm invpcid_single kaiser fsgsbase bmi1 avx2 smep bmi2 erms invpcid xsaveopt
bugs		: cpu_meltdown spectre_v1 spectre_v2 spec_store_bypass l1tf mds swapgs itlb_multihit
bogomips	: 4800.01
clflush size	: 64
cache_alignment	: 64
address sizes	: 46 bits physical, 48 bits virtual
power management:



Memory: 4k page, physical 1014528k(68844k free), swap 0k(0k free)

vm_info: OpenJDK 64-Bit Server VM (25.292-b10) for linux-amd64 JRE (1.8.0_292-8u292-b10-0ubuntu1~16.04.1-b10), built on Apr 21 2021 12:47:35 by "buildd" with gcc 5.4.0 20160609

time: Sat Jun  5 04:55:31 2021
timezone: UTC
elapsed time: 159.156319 seconds (0d 0h 2m 39s)

