#
# There is insufficient memory for the Java Runtime Environment to continue.
# Native memory allocation (mmap) failed to map 16781312 bytes for committing reserved memory.
# Possible reasons:
#   The system is out of physical RAM or swap space
#   The process is running with CompressedOops enabled, and the Java Heap may be blocking the growth of the native heap
# Possible solutions:
#   Reduce memory load on the system
#   Increase physical memory or swap space
#   Check if swap backing store is full
#   Decrease Java heap size (-Xmx/-Xms)
#   Decrease number of Java threads
#   Decrease Java thread stack sizes (-Xss)
#   Set larger code cache with -XX:ReservedCodeCacheSize=
#   JVM is running with Unscaled Compressed Oops mode in which the Java heap is
#     placed in the first 4GB address space. The Java Heap base address is the
#     maximum limit for the native heap growth. Please use -XX:HeapBaseMinAddress
#     to set the Java Heap base and to place the Java Heap above 4GB virtual address.
# This output file may be truncated or incomplete.
#
#  Out of Memory Error (os_linux.cpp:2798), pid=2085, tid=0x00007f3de2e89700
#
# JRE version: OpenJDK Runtime Environment (8.0_292-b10) (build 1.8.0_292-8u292-b10-0ubuntu1~16.04.1-b10)
# Java VM: OpenJDK 64-Bit Server VM (25.292-b10 mixed mode linux-amd64 compressed oops)
# Failed to write core dump. Core dumps have been disabled. To enable core dumping, try "ulimit -c unlimited" before starting Java again
#

---------------  T H R E A D  ---------------

Current thread (0x00007f3df4076000):  VMThread [stack: 0x00007f3de2d89000,0x00007f3de2e8a000] [id=2099]

Stack: [0x00007f3de2d89000,0x00007f3de2e8a000],  sp=0x00007f3de2e87f10,  free space=1019k
Native frames: (J=compiled Java code, j=interpreted, Vv=VM code, C=native code)
V  [libjvm.so+0xb1e67b]
V  [libjvm.so+0x4e01dc]
V  [libjvm.so+0x95bc48]
V  [libjvm.so+0x953b3e]
V  [libjvm.so+0xb1ad94]
V  [libjvm.so+0x5f3bfd]
V  [libjvm.so+0x5f4b6c]
V  [libjvm.so+0x5e1966]
V  [libjvm.so+0x4e810c]
V  [libjvm.so+0x64516f]
V  [libjvm.so+0xa3aa23]
V  [libjvm.so+0x4e4e32]
V  [libjvm.so+0x5e0070]
V  [libjvm.so+0x4e6a38]
V  [libjvm.so+0x5e1008]
V  [libjvm.so+0x4637bf]
V  [libjvm.so+0xb1f761]
V  [libjvm.so+0xb26067]
V  [libjvm.so+0xb23b43]
V  [libjvm.so+0xb23ee5]
V  [libjvm.so+0xb244b2]
V  [libjvm.so+0x958fe2]

VM_Operation (0x00007f3dbd959ea0): GenCollectForAllocation, mode: safepoint, requested by thread 0x00007f3dd405d800


---------------  P R O C E S S  ---------------

Java Threads: ( => current thread )
  0x00007f3dd25f9000 JavaThread "broadcast-exchange-63" daemon [_thread_blocked, id=2244, stack(0x00007f3dbdf61000,0x00007f3dbe062000)]
  0x00007f3ddc1fe800 JavaThread "block-manager-slave-async-thread-pool-4" daemon [_thread_blocked, id=2243, stack(0x00007f3dbdc5e000,0x00007f3dbdd5f000)]
  0x00007f3dd0b1c800 JavaThread "broadcast-exchange-62" daemon [_thread_blocked, id=2242, stack(0x00007f3dbdd5f000,0x00007f3dbde60000)]
  0x00007f3dd089b800 JavaThread "broadcast-exchange-61" daemon [_thread_blocked, id=2241, stack(0x00007f3dbde60000,0x00007f3dbdf61000)]
  0x00007f3dd1bcf800 JavaThread "broadcast-exchange-60" daemon [_thread_blocked, id=2240, stack(0x00007f3dbe363000,0x00007f3dbe464000)]
  0x00007f3dd2751000 JavaThread "broadcast-exchange-59" daemon [_thread_blocked, id=2239, stack(0x00007f3dbb844000,0x00007f3dbb945000)]
  0x00007f3dd26b5000 JavaThread "broadcast-exchange-58" daemon [_thread_blocked, id=2238, stack(0x00007f3dbe666000,0x00007f3dbe767000)]
  0x00007f3dd1980000 JavaThread "broadcast-exchange-57" daemon [_thread_blocked, id=2237, stack(0x00007f3dbbc46000,0x00007f3dbbd47000)]
  0x00007f3dd1d0a800 JavaThread "broadcast-exchange-56" daemon [_thread_blocked, id=2236, stack(0x00007f3dbbf49000,0x00007f3dbc04a000)]
  0x00007f3dd113c000 JavaThread "broadcast-exchange-55" daemon [_thread_blocked, id=2235, stack(0x00007f3dc066e000,0x00007f3dc076f000)]
  0x00007f3dd2a09800 JavaThread "broadcast-exchange-54" daemon [_thread_blocked, id=2234, stack(0x00007f3dbbe48000,0x00007f3dbbf49000)]
  0x00007f3dd1fe5000 JavaThread "broadcast-exchange-53" daemon [_thread_blocked, id=2233, stack(0x00007f3dbbd47000,0x00007f3dbbe48000)]
  0x00007f3dd149e800 JavaThread "broadcast-exchange-52" daemon [_thread_blocked, id=2232, stack(0x00007f3dbc14b000,0x00007f3dbc24c000)]
  0x00007f3dd149d800 JavaThread "broadcast-exchange-51" daemon [_thread_blocked, id=2231, stack(0x00007f3dbc24c000,0x00007f3dbc34d000)]
  0x00007f3dd23ea800 JavaThread "broadcast-exchange-50" daemon [_thread_blocked, id=2230, stack(0x00007f3dbc34d000,0x00007f3dbc44e000)]
  0x00007f3dd8055000 JavaThread "stderr reader for /usr/bin/python3" daemon [_thread_in_native, id=2221, stack(0x00007f3dbcc52000,0x00007f3dbcd53000)]
  0x00007f3dd8054800 JavaThread "stdout reader for /usr/bin/python3" daemon [_thread_in_native, id=2220, stack(0x00007f3dbca50000,0x00007f3dbcb51000)]
  0x00007f3dd8042800 JavaThread "process reaper" daemon [_thread_in_native, id=2219, stack(0x00007f3de0830000,0x00007f3de0869000)]
  0x00007f3dd8048800 JavaThread "Idle Worker Monitor for /usr/bin/python3" daemon [_thread_blocked, id=2217, stack(0x00007f3dbcb51000,0x00007f3dbcc52000)]
  0x00007f3dd14c9000 JavaThread "broadcast-exchange-49" daemon [_thread_blocked, id=2216, stack(0x00007f3dbb03c000,0x00007f3dbb13d000)]
  0x00007f3dd2874800 JavaThread "broadcast-exchange-48" daemon [_thread_blocked, id=2215, stack(0x00007f3dbce54000,0x00007f3dbcf55000)]
  0x00007f3dd404b000 JavaThread "block-manager-ask-thread-pool-6" daemon [_thread_blocked, id=2211, stack(0x00007f3dbd95d000,0x00007f3dbda5e000)]
  0x00007f3dd8059800 JavaThread "block-manager-ask-thread-pool-4" daemon [_thread_blocked, id=2209, stack(0x00007f3dbd458000,0x00007f3dbd559000)]
  0x00007f3dd405d800 JavaThread "Executor task launch worker for task 3029" daemon [_thread_blocked, id=2167, stack(0x00007f3dbd85c000,0x00007f3dbd95d000)]
  0x00007f3dc4690800 JavaThread "Thread-18" [_thread_in_native, id=2155, stack(0x00007f3dbf367000,0x00007f3dbf468000)]
  0x00007f3dd4043000 JavaThread "task-result-getter-3" daemon [_thread_blocked, id=2154, stack(0x00007f3dbf468000,0x00007f3dbf569000)]
  0x00007f3dd4016800 JavaThread "task-result-getter-2" daemon [_thread_blocked, id=2153, stack(0x00007f3dbf569000,0x00007f3dbf66a000)]
  0x00007f3dd800a000 JavaThread "block-manager-slave-async-thread-pool-3" daemon [_thread_blocked, id=2152, stack(0x00007f3dc026a000,0x00007f3dc036b000)]
  0x00007f3dd8008000 JavaThread "block-manager-slave-async-thread-pool-2" daemon [_thread_blocked, id=2151, stack(0x00007f3dc036b000,0x00007f3dc046c000)]
  0x00007f3dd8006800 JavaThread "block-manager-slave-async-thread-pool-1" daemon [_thread_blocked, id=2150, stack(0x00007f3dc046c000,0x00007f3dc056d000)]
  0x00007f3ddc148000 JavaThread "block-manager-slave-async-thread-pool-0" daemon [_thread_blocked, id=2149, stack(0x00007f3dc056d000,0x00007f3dc066e000)]
  0x00007f3ddc136000 JavaThread "task-result-getter-1" daemon [_thread_blocked, id=2147, stack(0x00007f3dc076f000,0x00007f3dc0870000)]
  0x00007f3dd4038800 JavaThread "task-result-getter-0" daemon [_thread_blocked, id=2146, stack(0x00007f3dc0870000,0x00007f3dc0971000)]
  0x00007f3dd4036000 JavaThread "Executor task launch worker for task 2966" daemon [_thread_blocked, id=2145, stack(0x00007f3dc0b71000,0x00007f3dc0c72000)]
  0x00007f3dd1db5800 JavaThread "org.apache.hadoop.fs.FileSystem$Statistics$StatisticsDataReferenceCleaner" daemon [_thread_blocked, id=2144, stack(0x00007f3dc147f000,0x00007f3dc1580000)]
  0x00007f3dd22ae000 JavaThread "SparkListenerBus" daemon [_thread_blocked, id=2142, stack(0x00007f3dc1980000,0x00007f3dc1a81000)]
  0x00007f3dd22ab000 JavaThread "context-cleaner-periodic-gc" daemon [_thread_blocked, id=2141, stack(0x00007f3dc1a81000,0x00007f3dc1b82000)]
  0x00007f3dd22a9000 JavaThread "Spark Context Cleaner" daemon [_thread_blocked, id=2140, stack(0x00007f3dc1b82000,0x00007f3dc1c83000)]
  0x00007f3dd0c61000 JavaThread "shuffle-server-5-1" daemon [_thread_in_native, id=2139, stack(0x00007f3dc1e83000,0x00007f3dc1f84000)]
  0x00007f3dd1052000 JavaThread "driver-heartbeater" daemon [_thread_blocked, id=2138, stack(0x00007f3dc1f84000,0x00007f3dc2085000)]
  0x00007f3dd1193800 JavaThread "dag-scheduler-event-loop" daemon [_thread_blocked, id=2137, stack(0x00007f3dc2085000,0x00007f3dc2186000)]
  0x000055ad356a3800 JavaThread "netty-rpc-env-timeout" daemon [_thread_blocked, id=2136, stack(0x00007f3dc2186000,0x00007f3dc2287000)]
  0x00007f3dd0f76800 JavaThread "Timer-0" daemon [_thread_blocked, id=2135, stack(0x00007f3dc2287000,0x00007f3dc2388000)]
  0x00007f3ddc0a7000 JavaThread "heartbeat-receiver-event-loop-thread" daemon [_thread_blocked, id=2134, stack(0x00007f3dc2388000,0x00007f3dc2489000)]
  0x00007f3dd0c6e800 JavaThread "SparkUI-37" daemon [_thread_blocked, id=2133, stack(0x00007f3dc2489000,0x00007f3dc258a000)]
  0x00007f3dd0b9d800 JavaThread "SparkUI-36" daemon [_thread_blocked, id=2132, stack(0x00007f3dc258a000,0x00007f3dc268b000)]
  0x00007f3dd09eb800 JavaThread "SparkUI-35" daemon [_thread_blocked, id=2131, stack(0x00007f3dc268b000,0x00007f3dc278c000)]
  0x00007f3dd09e9800 JavaThread "SparkUI-34" daemon [_thread_blocked, id=2130, stack(0x00007f3dc278c000,0x00007f3dc288d000)]
  0x00007f3dd09e7800 JavaThread "SparkUI-33" daemon [_thread_blocked, id=2129, stack(0x00007f3dc288d000,0x00007f3dc298e000)]
  0x00007f3dd0900000 JavaThread "SparkUI-32" daemon [_thread_blocked, id=2128, stack(0x00007f3dc298e000,0x00007f3dc2a8f000)]
  0x00007f3dd098f000 JavaThread "SparkUI-31-acceptor-0@213cc3e3-Spark@2ffb29b4{HTTP/1.1}{0.0.0.0:4040}" daemon [_thread_in_native, id=2127, stack(0x00007f3dc2a8f000,0x00007f3dc2b90000)]
  0x00007f3dd098e000 JavaThread "SparkUI-30-selector-ServerConnectorManager@7f82f83b/0" daemon [_thread_in_native, id=2126, stack(0x00007f3dc2b90000,0x00007f3dc2c91000)]
  0x00007f3dd0864800 JavaThread "refresh progress" daemon [_thread_blocked, id=2124, stack(0x00007f3dc2e91000,0x00007f3dc2f92000)]
  0x00007f3dd0840800 JavaThread "map-output-dispatcher-7" daemon [_thread_blocked, id=2123, stack(0x00007f3dc3192000,0x00007f3dc3293000)]
  0x00007f3dd083f000 JavaThread "map-output-dispatcher-6" daemon [_thread_blocked, id=2122, stack(0x00007f3dc3293000,0x00007f3dc3394000)]
  0x00007f3dd06d1800 JavaThread "map-output-dispatcher-5" daemon [_thread_blocked, id=2121, stack(0x00007f3dc3443000,0x00007f3dc3544000)]
  0x00007f3dd06d0000 JavaThread "map-output-dispatcher-4" daemon [_thread_blocked, id=2120, stack(0x00007f3dc3544000,0x00007f3dc3645000)]
  0x00007f3dd06a4000 JavaThread "map-output-dispatcher-3" daemon [_thread_blocked, id=2119, stack(0x00007f3dc3645000,0x00007f3dc3746000)]
  0x00007f3dd0756000 JavaThread "map-output-dispatcher-2" daemon [_thread_blocked, id=2118, stack(0x00007f3dc3746000,0x00007f3dc3847000)]
  0x00007f3dd04f8000 JavaThread "map-output-dispatcher-1" daemon [_thread_blocked, id=2117, stack(0x00007f3dc3847000,0x00007f3dc3948000)]
  0x00007f3dd075a000 JavaThread "map-output-dispatcher-0" daemon [_thread_blocked, id=2116, stack(0x00007f3dc3948000,0x00007f3dc3a49000)]
  0x00007f3dd0636800 JavaThread "rpc-server-3-1" daemon [_thread_in_native, id=2115, stack(0x00007f3dc3aec000,0x00007f3dc3bed000)]
  0x00007f3dd04e5000 JavaThread "dispatcher-event-loop-1" daemon [_thread_blocked, id=2114, stack(0x00007f3de0002000,0x00007f3de0103000)]
  0x00007f3dd04e4800 JavaThread "dispatcher-event-loop-0" daemon [_thread_blocked, id=2113, stack(0x00007f3de072f000,0x00007f3de0830000)]
  0x00007f3dc42de000 JavaThread "Thread-2" [_thread_blocked, id=2109, stack(0x00007f3de0e73000,0x00007f3de0f74000)]
  0x00007f3df4d97000 JavaThread "Thread-1" [_thread_in_native, id=2108, stack(0x00007f3de0f74000,0x00007f3de1075000)]
  0x00007f3df4d87800 JavaThread "pool-1-thread-1" [_thread_blocked, id=2107, stack(0x00007f3de1075000,0x00007f3de1176000)]
  0x00007f3df40bd000 JavaThread "Service Thread" daemon [_thread_blocked, id=2105, stack(0x00007f3de25eb000,0x00007f3de26ec000)]
  0x00007f3df40ba000 JavaThread "C1 CompilerThread1" daemon [_thread_blocked, id=2104, stack(0x00007f3de26ec000,0x00007f3de27ed000)]
  0x00007f3df40b7800 JavaThread "C2 CompilerThread0" daemon [_thread_blocked, id=2103, stack(0x00007f3de27ed000,0x00007f3de28ee000)]
  0x00007f3df40b4800 JavaThread "Signal Dispatcher" daemon [_thread_blocked, id=2102, stack(0x00007f3de28ee000,0x00007f3de29ef000)]
  0x00007f3df4084800 JavaThread "Finalizer" daemon [_thread_blocked, id=2101, stack(0x00007f3de2b87000,0x00007f3de2c88000)]
  0x00007f3df4080000 JavaThread "Reference Handler" daemon [_thread_blocked, id=2100, stack(0x00007f3de2c88000,0x00007f3de2d89000)]
  0x00007f3df4011800 JavaThread "main" [_thread_in_native, id=2098, stack(0x00007f3dfa728000,0x00007f3dfa829000)]

Other Threads:
=>0x00007f3df4076000 VMThread [stack: 0x00007f3de2d89000,0x00007f3de2e8a000] [id=2099]
  0x00007f3df40c0000 WatcherThread [stack: 0x00007f3de24ea000,0x00007f3de25eb000] [id=2106]

VM state:at safepoint (normal execution)

VM Mutex/Monitor currently owned by a thread:  ([mutex/lock_event])
[0x00007f3df400df60] Threads_lock - owner thread: 0x00007f3df4076000
[0x00007f3df400e460] Heap_lock - owner thread: 0x00007f3dd405d800

heap address: 0x00000000c0000000, size: 1024 MB, Compressed Oops mode: 32-bit
Narrow klass base: 0x0000000000000000, Narrow klass shift: 3
Compressed class space size: 1073741824 Address: 0x0000000100000000

Heap:
 def new generation   total 120960K, used 108734K [0x00000000c0000000, 0x00000000c8340000, 0x00000000d5550000)
  eden space 107520K, 100% used [0x00000000c0000000, 0x00000000c6900000, 0x00000000c6900000)
  from space 13440K,   9% used [0x00000000c6900000, 0x00000000c6a2fbc0, 0x00000000c7620000)
  to   space 13440K,   1% used [0x00000000c7620000, 0x00000000c765c160, 0x00000000c8340000)
 tenured generation   total 268704K, used 255641K [0x00000000d5550000, 0x00000000e5bb8000, 0x0000000100000000)
   the space 268704K,  95% used [0x00000000d5550000, 0x00000000e4ef6450, 0x00000000e4ef6600, 0x00000000e5bb8000)
 Metaspace       used 97806K, capacity 101773K, committed 102104K, reserved 1138688K
  class space    used 12581K, capacity 12969K, committed 13056K, reserved 1048576K

Card table byte_map: [0x00007f3de39b1000,0x00007f3de3bb2000] byte_map_base: 0x00007f3de33b1000

Polling page: 0x00007f3dfa834000

CodeCache: size=245760Kb used=57209Kb max_used=58050Kb free=188550Kb
 bounds [0x00007f3de3f72000, 0x00007f3de7942000, 0x00007f3df2f72000]
 total_blobs=15404 nmethods=14655 adapters=658
 compilation: enabled

Compilation events (10 events):
Event: 202.253 Thread 0x00007f3df40ba000 22304       3       org.apache.spark.sql.execution.joins.HashJoin$::rewriteKeyExpr (178 bytes)
Event: 202.260 Thread 0x00007f3df40ba000 nmethod 22304 0x00007f3de452f590 code [0x00007f3de452f940, 0x00007f3de4531ba0]
Event: 202.260 Thread 0x00007f3df40ba000 22305       3       org.apache.spark.sql.execution.joins.HashJoin$$anonfun$rewriteKeyExpr$1::<init> (5 bytes)
Event: 202.260 Thread 0x00007f3df40ba000 nmethod 22305 0x00007f3de4d96e90 code [0x00007f3de4d97000, 0x00007f3de4d97270]
Event: 202.306 Thread 0x00007f3df40b7800 22306   !   4       sun.reflect.GeneratedSerializationConstructorAccessor278::newInstance (49 bytes)
Event: 202.312 Thread 0x00007f3df40ba000 22308       3       java.util.ServiceLoader$LazyIterator::hasNext (42 bytes)
Event: 202.313 Thread 0x00007f3df40ba000 nmethod 22308 0x00007f3de4b7ccd0 code [0x00007f3de4b7ce80, 0x00007f3de4b7d2a0]
Event: 202.314 Thread 0x00007f3df40b7800 nmethod 22306 0x00007f3de5f69650 code [0x00007f3de5f69800, 0x00007f3de5f69b08]
Event: 202.316 Thread 0x00007f3df40b7800 22307       4       scala.collection.TraversableOnce$class::toArray (47 bytes)
Event: 202.329 Thread 0x00007f3df40b7800 nmethod 22307 0x00007f3de5ba8010 code [0x00007f3de5ba81e0, 0x00007f3de5ba86e8]

GC Heap History (10 events):
Event: 201.196 GC heap after
Heap after GC invocations=1176 (full 17):
 def new generation   total 120960K, used 850K [0x00000000c0000000, 0x00000000c8340000, 0x00000000d5550000)
  eden space 107520K,   0% used [0x00000000c0000000, 0x00000000c0000000, 0x00000000c6900000)
  from space 13440K,   6% used [0x00000000c6900000, 0x00000000c69d4ae0, 0x00000000c7620000)
  to   space 13440K,   0% used [0x00000000c7620000, 0x00000000c7620000, 0x00000000c8340000)
 tenured generation   total 268704K, used 255638K [0x00000000d5550000, 0x00000000e5bb8000, 0x0000000100000000)
   the space 268704K,  95% used [0x00000000d5550000, 0x00000000e4ef5ab0, 0x00000000e4ef5c00, 0x00000000e5bb8000)
 Metaspace       used 97789K, capacity 101767K, committed 102104K, reserved 1138688K
  class space    used 12580K, capacity 12968K, committed 13056K, reserved 1048576K
}
Event: 201.354 GC heap before
{Heap before GC invocations=1176 (full 17):
 def new generation   total 120960K, used 108370K [0x00000000c0000000, 0x00000000c8340000, 0x00000000d5550000)
  eden space 107520K, 100% used [0x00000000c0000000, 0x00000000c6900000, 0x00000000c6900000)
  from space 13440K,   6% used [0x00000000c6900000, 0x00000000c69d4ae0, 0x00000000c7620000)
  to   space 13440K,   0% used [0x00000000c7620000, 0x00000000c7620000, 0x00000000c8340000)
 tenured generation   total 268704K, used 255638K [0x00000000d5550000, 0x00000000e5bb8000, 0x0000000100000000)
   the space 268704K,  95% used [0x00000000d5550000, 0x00000000e4ef5ab0, 0x00000000e4ef5c00, 0x00000000e5bb8000)
 Metaspace       used 97789K, capacity 101767K, committed 102104K, reserved 1138688K
  class space    used 12580K, capacity 12968K, committed 13056K, reserved 1048576K
Event: 201.357 GC heap after
Heap after GC invocations=1177 (full 17):
 def new generation   total 120960K, used 848K [0x00000000c0000000, 0x00000000c8340000, 0x00000000d5550000)
  eden space 107520K,   0% used [0x00000000c0000000, 0x00000000c0000000, 0x00000000c6900000)
  from space 13440K,   6% used [0x00000000c7620000, 0x00000000c76f40e8, 0x00000000c8340000)
  to   space 13440K,   0% used [0x00000000c6900000, 0x00000000c6900000, 0x00000000c7620000)
 tenured generation   total 268704K, used 255638K [0x00000000d5550000, 0x00000000e5bb8000, 0x0000000100000000)
   the space 268704K,  95% used [0x00000000d5550000, 0x00000000e4ef5ab0, 0x00000000e4ef5c00, 0x00000000e5bb8000)
 Metaspace       used 97789K, capacity 101767K, committed 102104K, reserved 1138688K
  class space    used 12580K, capacity 12968K, committed 13056K, reserved 1048576K
}
Event: 201.627 GC heap before
{Heap before GC invocations=1177 (full 17):
 def new generation   total 120960K, used 108368K [0x00000000c0000000, 0x00000000c8340000, 0x00000000d5550000)
  eden space 107520K, 100% used [0x00000000c0000000, 0x00000000c6900000, 0x00000000c6900000)
  from space 13440K,   6% used [0x00000000c7620000, 0x00000000c76f40e8, 0x00000000c8340000)
  to   space 13440K,   0% used [0x00000000c6900000, 0x00000000c6900000, 0x00000000c7620000)
 tenured generation   total 268704K, used 255638K [0x00000000d5550000, 0x00000000e5bb8000, 0x0000000100000000)
   the space 268704K,  95% used [0x00000000d5550000, 0x00000000e4ef5ab0, 0x00000000e4ef5c00, 0x00000000e5bb8000)
 Metaspace       used 97792K, capacity 101767K, committed 102104K, reserved 1138688K
  class space    used 12580K, capacity 12968K, committed 13056K, reserved 1048576K
Event: 201.633 GC heap after
Heap after GC invocations=1178 (full 17):
 def new generation   total 120960K, used 261K [0x00000000c0000000, 0x00000000c8340000, 0x00000000d5550000)
  eden space 107520K,   0% used [0x00000000c0000000, 0x00000000c0000000, 0x00000000c6900000)
  from space 13440K,   1% used [0x00000000c6900000, 0x00000000c69415c8, 0x00000000c7620000)
  to   space 13440K,   0% used [0x00000000c7620000, 0x00000000c7620000, 0x00000000c8340000)
 tenured generation   total 268704K, used 255638K [0x00000000d5550000, 0x00000000e5bb8000, 0x0000000100000000)
   the space 268704K,  95% used [0x00000000d5550000, 0x00000000e4ef5ab0, 0x00000000e4ef5c00, 0x00000000e5bb8000)
 Metaspace       used 97792K, capacity 101767K, committed 102104K, reserved 1138688K
  class space    used 12580K, capacity 12968K, committed 13056K, reserved 1048576K
}
Event: 202.042 GC heap before
{Heap before GC invocations=1178 (full 17):
 def new generation   total 120960K, used 107781K [0x00000000c0000000, 0x00000000c8340000, 0x00000000d5550000)
  eden space 107520K, 100% used [0x00000000c0000000, 0x00000000c6900000, 0x00000000c6900000)
  from space 13440K,   1% used [0x00000000c6900000, 0x00000000c69415c8, 0x00000000c7620000)
  to   space 13440K,   0% used [0x00000000c7620000, 0x00000000c7620000, 0x00000000c8340000)
 tenured generation   total 268704K, used 255638K [0x00000000d5550000, 0x00000000e5bb8000, 0x0000000100000000)
   the space 268704K,  95% used [0x00000000d5550000, 0x00000000e4ef5ab0, 0x00000000e4ef5c00, 0x00000000e5bb8000)
 Metaspace       used 97804K, capacity 101773K, committed 102104K, reserved 1138688K
  class space    used 12581K, capacity 12969K, committed 13056K, reserved 1048576K
Event: 202.049 GC heap after
Heap after GC invocations=1179 (full 17):
 def new generation   total 120960K, used 1217K [0x00000000c0000000, 0x00000000c8340000, 0x00000000d5550000)
  eden space 107520K,   0% used [0x00000000c0000000, 0x00000000c0000000, 0x00000000c6900000)
  from space 13440K,   9% used [0x00000000c7620000, 0x00000000c7750738, 0x00000000c8340000)
  to   space 13440K,   0% used [0x00000000c6900000, 0x00000000c6900000, 0x00000000c7620000)
 tenured generation   total 268704K, used 255638K [0x00000000d5550000, 0x00000000e5bb8000, 0x0000000100000000)
   the space 268704K,  95% used [0x00000000d5550000, 0x00000000e4ef5ab0, 0x00000000e4ef5c00, 0x00000000e5bb8000)
 Metaspace       used 97804K, capacity 101773K, committed 102104K, reserved 1138688K
  class space    used 12581K, capacity 12969K, committed 13056K, reserved 1048576K
}
Event: 202.199 GC heap before
{Heap before GC invocations=1179 (full 17):
 def new generation   total 120960K, used 108737K [0x00000000c0000000, 0x00000000c8340000, 0x00000000d5550000)
  eden space 107520K, 100% used [0x00000000c0000000, 0x00000000c6900000, 0x00000000c6900000)
  from space 13440K,   9% used [0x00000000c7620000, 0x00000000c7750738, 0x00000000c8340000)
  to   space 13440K,   0% used [0x00000000c6900000, 0x00000000c6900000, 0x00000000c7620000)
 tenured generation   total 268704K, used 255638K [0x00000000d5550000, 0x00000000e5bb8000, 0x0000000100000000)
   the space 268704K,  95% used [0x00000000d5550000, 0x00000000e4ef5ab0, 0x00000000e4ef5c00, 0x00000000e5bb8000)
 Metaspace       used 97804K, capacity 101773K, committed 102104K, reserved 1138688K
  class space    used 12581K, capacity 12969K, committed 13056K, reserved 1048576K
Event: 202.203 GC heap after
Heap after GC invocations=1180 (full 17):
 def new generation   total 120960K, used 1214K [0x00000000c0000000, 0x00000000c8340000, 0x00000000d5550000)
  eden space 107520K,   0% used [0x00000000c0000000, 0x00000000c0000000, 0x00000000c6900000)
  from space 13440K,   9% used [0x00000000c6900000, 0x00000000c6a2fbc0, 0x00000000c7620000)
  to   space 13440K,   0% used [0x00000000c7620000, 0x00000000c7620000, 0x00000000c8340000)
 tenured generation   total 268704K, used 255638K [0x00000000d5550000, 0x00000000e5bb8000, 0x0000000100000000)
   the space 268704K,  95% used [0x00000000d5550000, 0x00000000e4ef5ab0, 0x00000000e4ef5c00, 0x00000000e5bb8000)
 Metaspace       used 97804K, capacity 101773K, committed 102104K, reserved 1138688K
  class space    used 12581K, capacity 12969K, committed 13056K, reserved 1048576K
}
Event: 202.355 GC heap before
{Heap before GC invocations=1180 (full 17):
 def new generation   total 120960K, used 108734K [0x00000000c0000000, 0x00000000c8340000, 0x00000000d5550000)
  eden space 107520K, 100% used [0x00000000c0000000, 0x00000000c6900000, 0x00000000c6900000)
  from space 13440K,   9% used [0x00000000c6900000, 0x00000000c6a2fbc0, 0x00000000c7620000)
  to   space 13440K,   0% used [0x00000000c7620000, 0x00000000c7620000, 0x00000000c8340000)
 tenured generation   total 268704K, used 255638K [0x00000000d5550000, 0x00000000e5bb8000, 0x0000000100000000)
   the space 268704K,  95% used [0x00000000d5550000, 0x00000000e4ef5ab0, 0x00000000e4ef5c00, 0x00000000e5bb8000)
 Metaspace       used 97806K, capacity 101773K, committed 102104K, reserved 1138688K
  class space    used 12581K, capacity 12969K, committed 13056K, reserved 1048576K

Deoptimization events (10 events):
Event: 189.227 Thread 0x00007f3dd1193800 Uncommon trap: reason=class_check action=maybe_recompile pc=0x00007f3de51c25d8 method=org.apache.spark.executor.TaskMetrics$$anonfun$fromAccumulators$1.apply(Ljava/lang/Object;)Ljava/lang/Object; @ 2
Event: 189.230 Thread 0x00007f3dd1193800 Uncommon trap: reason=class_check action=maybe_recompile pc=0x00007f3de4200ba4 method=org.apache.spark.executor.TaskMetrics$$anonfun$fromAccumulators$1.apply(Lorg/apache/spark/util/AccumulatorV2;)V @ 19
Event: 192.549 Thread 0x00007f3dd405d800 Uncommon trap: reason=bimorphic action=maybe_recompile pc=0x00007f3de5542110 method=java.util.concurrent.ConcurrentHashMap.replaceNode(Ljava/lang/Object;Ljava/lang/Object;Ljava/lang/Object;)Ljava/lang/Object; @ 147
Event: 192.575 Thread 0x00007f3dc42de000 Uncommon trap: reason=bimorphic action=maybe_recompile pc=0x00007f3de73cb7f0 method=scala.collection.mutable.FlatHashTable$class.removeElem(Lscala/collection/mutable/FlatHashTable;Ljava/lang/Object;)Z @ 202
Event: 194.750 Thread 0x00007f3dc42de000 Uncommon trap: reason=class_check action=maybe_recompile pc=0x00007f3de53fa810 method=org.spark_project.guava.base.Equivalence$Equals.doEquivalent(Ljava/lang/Object;Ljava/lang/Object;)Z @ 2
Event: 194.764 Thread 0x00007f3dc42de000 Uncommon trap: reason=bimorphic action=maybe_recompile pc=0x00007f3de73cb7f0 method=scala.collection.mutable.FlatHashTable$class.removeElem(Lscala/collection/mutable/FlatHashTable;Ljava/lang/Object;)Z @ 202
Event: 195.863 Thread 0x00007f3dd8006800 Uncommon trap: reason=unstable_if action=reinterpret pc=0x00007f3de46ce6f8 method=java.util.concurrent.locks.ReentrantLock$Sync.nonfairTryAcquire(I)Z @ 34
Event: 197.017 Thread 0x00007f3dc42de000 Uncommon trap: reason=bimorphic action=maybe_recompile pc=0x00007f3de57d6c20 method=scala.collection.IndexedSeqOptimized$class.zip(Lscala/collection/IndexedSeqOptimized;Lscala/collection/GenIterable;Lscala/collection/generic/CanBuildFrom;)Ljava/lang/Objec
Event: 198.121 Thread 0x00007f3dd405d800 Uncommon trap: reason=class_check action=maybe_recompile pc=0x00007f3de4c262e4 method=org.apache.spark.util.collection.ExternalSorter.insertAll(Lscala/collection/Iterator;)V @ 63
Event: 199.233 Thread 0x00007f3dd405d800 Uncommon trap: reason=class_check action=maybe_recompile pc=0x00007f3de4c262e4 method=org.apache.spark.util.collection.ExternalSorter.insertAll(Lscala/collection/Iterator;)V @ 63

Classes redefined (0 events):
No events

Internal exceptions (10 events):
Event: 173.072 Thread 0x00007f3dd405d800 Exception <a 'java/lang/NoSuchMethodError': <clinit>> (0x00000000c13510d8) thrown at [/build/openjdk-8-RKFhH1/openjdk-8-8u292-b10/src/hotspot/src/share/vm/prims/jni.cpp, line 1616]
Event: 173.073 Thread 0x00007f3dd405d800 Exception <a 'java/lang/NoSuchMethodError': <clinit>> (0x00000000c135dd98) thrown at [/build/openjdk-8-RKFhH1/openjdk-8-8u292-b10/src/hotspot/src/share/vm/prims/jni.cpp, line 1616]
Event: 173.117 Thread 0x00007f3dc42de000 Exception <a 'java/lang/NoSuchMethodError': <clinit>> (0x00000000c16b86f8) thrown at [/build/openjdk-8-RKFhH1/openjdk-8-8u292-b10/src/hotspot/src/share/vm/prims/jni.cpp, line 1616]
Event: 173.120 Thread 0x00007f3dc42de000 Exception <a 'java/lang/NoSuchMethodError': <clinit>> (0x00000000c1738108) thrown at [/build/openjdk-8-RKFhH1/openjdk-8-8u292-b10/src/hotspot/src/share/vm/prims/jni.cpp, line 1616]
Event: 173.127 Thread 0x00007f3dc42de000 Exception <a 'java/lang/NoSuchMethodError': <clinit>> (0x00000000c1749040) thrown at [/build/openjdk-8-RKFhH1/openjdk-8-8u292-b10/src/hotspot/src/share/vm/prims/jni.cpp, line 1616]
Event: 173.145 Thread 0x00007f3dd04e5000 Exception <a 'java/lang/NoSuchMethodError': <clinit>> (0x00000000c1da1190) thrown at [/build/openjdk-8-RKFhH1/openjdk-8-8u292-b10/src/hotspot/src/share/vm/prims/jni.cpp, line 1616]
Event: 174.285 Thread 0x00007f3dd405d800 Exception <a 'java/lang/NoSuchMethodError': <clinit>> (0x00000000c0187190) thrown at [/build/openjdk-8-RKFhH1/openjdk-8-8u292-b10/src/hotspot/src/share/vm/prims/jni.cpp, line 1616]
Event: 176.924 Thread 0x00007f3dc42de000 Exception <a 'java/lang/NoSuchMethodError': <clinit>> (0x00000000c4b607a0) thrown at [/build/openjdk-8-RKFhH1/openjdk-8-8u292-b10/src/hotspot/src/share/vm/prims/jni.cpp, line 1616]
Event: 180.681 Thread 0x00007f3dc42de000 Exception <a 'java/lang/NoSuchMethodError': <clinit>> (0x00000000c2531ef0) thrown at [/build/openjdk-8-RKFhH1/openjdk-8-8u292-b10/src/hotspot/src/share/vm/prims/jni.cpp, line 1616]
Event: 181.975 Thread 0x00007f3dc42de000 Exception <a 'java/lang/NoSuchMethodError': <clinit>> (0x00000000c1f0ade8) thrown at [/build/openjdk-8-RKFhH1/openjdk-8-8u292-b10/src/hotspot/src/share/vm/prims/jni.cpp, line 1616]

Events (10 events):
Event: 202.298 Executing VM operation: BulkRevokeBias
Event: 202.298 Executing VM operation: BulkRevokeBias done
Event: 202.298 Executing VM operation: BulkRevokeBias
Event: 202.298 Executing VM operation: BulkRevokeBias done
Event: 202.314 Thread 0x00007f3df40ba000 flushing nmethod 0x00007f3de4134250
Event: 202.314 Thread 0x00007f3df40ba000 flushing nmethod 0x00007f3de42008d0
Event: 202.315 Thread 0x00007f3df40b7800 flushing nmethod 0x00007f3de4358090
Event: 202.329 Thread 0x00007f3df40b7800 flushing nmethod 0x00007f3de4438a10
Event: 202.329 Thread 0x00007f3df40b7800 flushing nmethod 0x00007f3de45e9f90
Event: 202.355 Executing VM operation: GenCollectForAllocation


Dynamic libraries:
c0000000-c8340000 rw-p 00000000 00:00 0 
c8340000-d5550000 ---p 00000000 00:00 0 
d5550000-e5bb8000 rw-p 00000000 00:00 0 
e6bb9000-100000000 ---p 00000000 00:00 0 
100000000-100cc0000 rw-p 00000000 00:00 0 
100cc0000-140000000 ---p 00000000 00:00 0 
55ad33855000-55ad33856000 r-xp 00000000 ca:01 258406                     /usr/lib/jvm/java-8-openjdk-amd64/jre/bin/java
55ad33a55000-55ad33a56000 r--p 00000000 ca:01 258406                     /usr/lib/jvm/java-8-openjdk-amd64/jre/bin/java
55ad33a56000-55ad33a57000 rw-p 00001000 ca:01 258406                     /usr/lib/jvm/java-8-openjdk-amd64/jre/bin/java
55ad35684000-55ad35719000 rw-p 00000000 00:00 0                          [heap]
7f3db4000000-7f3db4222000 rw-p 00000000 00:00 0 
7f3db4222000-7f3db8000000 ---p 00000000 00:00 0 
7f3db9e3a000-7f3db9f3a000 rw-p 00000000 00:00 0 
7f3db9f3a000-7f3dba03a000 ---p 00000000 00:00 0 
7f3dba03a000-7f3dba23a000 rw-p 00000000 00:00 0 
7f3dba23a000-7f3dba43a000 rw-p 00000000 00:00 0 
7f3dba43a000-7f3dba63a000 rw-p 00000000 00:00 0 
7f3dba63a000-7f3dba83a000 rw-p 00000000 00:00 0 
7f3dba83a000-7f3dbaa3a000 rw-p 00000000 00:00 0 
7f3dbaa3a000-7f3dbac3a000 rw-p 00000000 00:00 0 
7f3dbac3a000-7f3dbac3d000 ---p 00000000 00:00 0 
7f3dbac3d000-7f3dbad3b000 rw-p 00000000 00:00 0 
7f3dbad3b000-7f3dbad3e000 ---p 00000000 00:00 0 
7f3dbad3e000-7f3dbb03c000 rw-p 00000000 00:00 0 
7f3dbb03c000-7f3dbb03f000 ---p 00000000 00:00 0 
7f3dbb03f000-7f3dbb13d000 rw-p 00000000 00:00 0 
7f3dbb13d000-7f3dbb140000 ---p 00000000 00:00 0 
7f3dbb140000-7f3dbb23e000 rw-p 00000000 00:00 0 
7f3dbb23e000-7f3dbb241000 ---p 00000000 00:00 0 
7f3dbb241000-7f3dbb33f000 rw-p 00000000 00:00 0 
7f3dbb33f000-7f3dbb342000 ---p 00000000 00:00 0 
7f3dbb342000-7f3dbb440000 rw-p 00000000 00:00 0 
7f3dbb440000-7f3dbb443000 ---p 00000000 00:00 0 
7f3dbb443000-7f3dbb541000 rw-p 00000000 00:00 0 
7f3dbb541000-7f3dbb544000 ---p 00000000 00:00 0 
7f3dbb544000-7f3dbb642000 rw-p 00000000 00:00 0 
7f3dbb642000-7f3dbb645000 ---p 00000000 00:00 0 
7f3dbb645000-7f3dbb743000 rw-p 00000000 00:00 0 
7f3dbb743000-7f3dbb746000 ---p 00000000 00:00 0 
7f3dbb746000-7f3dbb844000 rw-p 00000000 00:00 0 
7f3dbb844000-7f3dbb847000 ---p 00000000 00:00 0 
7f3dbb847000-7f3dbbb45000 rw-p 00000000 00:00 0 
7f3dbbb45000-7f3dbbb48000 ---p 00000000 00:00 0 
7f3dbbb48000-7f3dbbc46000 rw-p 00000000 00:00 0 
7f3dbbc46000-7f3dbbc49000 ---p 00000000 00:00 0 
7f3dbbc49000-7f3dbbd47000 rw-p 00000000 00:00 0 
7f3dbbd47000-7f3dbbd4a000 ---p 00000000 00:00 0 
7f3dbbd4a000-7f3dbbe48000 rw-p 00000000 00:00 0 
7f3dbbe48000-7f3dbbe4b000 ---p 00000000 00:00 0 
7f3dbbe4b000-7f3dbbf49000 rw-p 00000000 00:00 0 
7f3dbbf49000-7f3dbbf4c000 ---p 00000000 00:00 0 
7f3dbbf4c000-7f3dbc04a000 rw-p 00000000 00:00 0 
7f3dbc04a000-7f3dbc04d000 ---p 00000000 00:00 0 
7f3dbc04d000-7f3dbc14b000 rw-p 00000000 00:00 0 
7f3dbc14b000-7f3dbc14e000 ---p 00000000 00:00 0 
7f3dbc14e000-7f3dbc24c000 rw-p 00000000 00:00 0 
7f3dbc24c000-7f3dbc24f000 ---p 00000000 00:00 0 
7f3dbc24f000-7f3dbc34d000 rw-p 00000000 00:00 0 
7f3dbc34d000-7f3dbc350000 ---p 00000000 00:00 0 
7f3dbc350000-7f3dbc64e000 rw-p 00000000 00:00 0 
7f3dbc64e000-7f3dbc651000 ---p 00000000 00:00 0 
7f3dbc651000-7f3dbc74f000 rw-p 00000000 00:00 0 
7f3dbc74f000-7f3dbc752000 ---p 00000000 00:00 0 
7f3dbc752000-7f3dbca50000 rw-p 00000000 00:00 0 
7f3dbca50000-7f3dbca53000 ---p 00000000 00:00 0 
7f3dbca53000-7f3dbcb51000 rw-p 00000000 00:00 0 
7f3dbcb51000-7f3dbcb54000 ---p 00000000 00:00 0 
7f3dbcb54000-7f3dbcc52000 rw-p 00000000 00:00 0 
7f3dbcc52000-7f3dbcc55000 ---p 00000000 00:00 0 
7f3dbcc55000-7f3dbcd53000 rw-p 00000000 00:00 0 
7f3dbcd53000-7f3dbcd56000 ---p 00000000 00:00 0 
7f3dbcd56000-7f3dbce54000 rw-p 00000000 00:00 0 
7f3dbce54000-7f3dbce57000 ---p 00000000 00:00 0 
7f3dbce57000-7f3dbcf55000 rw-p 00000000 00:00 0 
7f3dbcf55000-7f3dbcf58000 ---p 00000000 00:00 0 
7f3dbcf58000-7f3dbd256000 rw-p 00000000 00:00 0 
7f3dbd256000-7f3dbd259000 ---p 00000000 00:00 0 
7f3dbd259000-7f3dbd357000 rw-p 00000000 00:00 0 
7f3dbd357000-7f3dbd35a000 ---p 00000000 00:00 0 
7f3dbd35a000-7f3dbd458000 rw-p 00000000 00:00 0 
7f3dbd458000-7f3dbd45b000 ---p 00000000 00:00 0 
7f3dbd45b000-7f3dbd559000 rw-p 00000000 00:00 0 
7f3dbd559000-7f3dbd55c000 ---p 00000000 00:00 0 
7f3dbd55c000-7f3dbd65a000 rw-p 00000000 00:00 0 
7f3dbd65a000-7f3dbd65d000 ---p 00000000 00:00 0 
7f3dbd65d000-7f3dbd75b000 rw-p 00000000 00:00 0 
7f3dbd75b000-7f3dbd75e000 ---p 00000000 00:00 0 
7f3dbd75e000-7f3dbd85c000 rw-p 00000000 00:00 0 
7f3dbd85c000-7f3dbd85f000 ---p 00000000 00:00 0 
7f3dbd85f000-7f3dbd95d000 rw-p 00000000 00:00 0 
7f3dbd95d000-7f3dbd960000 ---p 00000000 00:00 0 
7f3dbd960000-7f3dbdc5e000 rw-p 00000000 00:00 0 
7f3dbdc5e000-7f3dbdc61000 ---p 00000000 00:00 0 
7f3dbdc61000-7f3dbdd5f000 rw-p 00000000 00:00 0 
7f3dbdd5f000-7f3dbdd62000 ---p 00000000 00:00 0 
7f3dbdd62000-7f3dbde60000 rw-p 00000000 00:00 0 
7f3dbde60000-7f3dbde63000 ---p 00000000 00:00 0 
7f3dbde63000-7f3dbdf61000 rw-p 00000000 00:00 0 
7f3dbdf61000-7f3dbdf64000 ---p 00000000 00:00 0 
7f3dbdf64000-7f3dbe062000 rw-p 00000000 00:00 0 
7f3dbe062000-7f3dbe065000 ---p 00000000 00:00 0 
7f3dbe065000-7f3dbe363000 rw-p 00000000 00:00 0 
7f3dbe363000-7f3dbe366000 ---p 00000000 00:00 0 
7f3dbe366000-7f3dbe464000 rw-p 00000000 00:00 0 
7f3dbe464000-7f3dbe467000 ---p 00000000 00:00 0 
7f3dbe467000-7f3dbe565000 rw-p 00000000 00:00 0 
7f3dbe565000-7f3dbe568000 ---p 00000000 00:00 0 
7f3dbe568000-7f3dbe666000 rw-p 00000000 00:00 0 
7f3dbe666000-7f3dbe669000 ---p 00000000 00:00 0 
7f3dbe669000-7f3dbe967000 rw-p 00000000 00:00 0 
7f3dbe967000-7f3dbeb67000 rw-p 00000000 00:00 0 
7f3dbeb67000-7f3dbed67000 rw-p 00000000 00:00 0 
7f3dbed67000-7f3dbef67000 rw-p 00000000 00:00 0 
7f3dbef67000-7f3dbf167000 rw-p 00000000 00:00 0 
7f3dbf167000-7f3dbf367000 rw-p 00000000 00:00 0 
7f3dbf367000-7f3dbf36a000 ---p 00000000 00:00 0 
7f3dbf36a000-7f3dbf468000 rw-p 00000000 00:00 0 
7f3dbf468000-7f3dbf46b000 ---p 00000000 00:00 0 
7f3dbf46b000-7f3dbf569000 rw-p 00000000 00:00 0 
7f3dbf569000-7f3dbf56c000 ---p 00000000 00:00 0 
7f3dbf56c000-7f3dbf86a000 rw-p 00000000 00:00 0 
7f3dbf86a000-7f3dbfa6a000 rw-p 00000000 00:00 0 
7f3dbfa6a000-7f3dbfc6a000 rw-p 00000000 00:00 0 
7f3dbfc6a000-7f3dbfe6a000 rw-p 00000000 00:00 0 
7f3dbfe6a000-7f3dc006a000 rw-p 00000000 00:00 0 
7f3dc006a000-7f3dc026a000 rw-p 00000000 00:00 0 
7f3dc026a000-7f3dc026d000 ---p 00000000 00:00 0 
7f3dc026d000-7f3dc036b000 rw-p 00000000 00:00 0 
7f3dc036b000-7f3dc036e000 ---p 00000000 00:00 0 
7f3dc036e000-7f3dc046c000 rw-p 00000000 00:00 0 
7f3dc046c000-7f3dc046f000 ---p 00000000 00:00 0 
7f3dc046f000-7f3dc056d000 rw-p 00000000 00:00 0 
7f3dc056d000-7f3dc0570000 ---p 00000000 00:00 0 
7f3dc0570000-7f3dc066e000 rw-p 00000000 00:00 0 
7f3dc066e000-7f3dc0671000 ---p 00000000 00:00 0 
7f3dc0671000-7f3dc076f000 rw-p 00000000 00:00 0 
7f3dc076f000-7f3dc0772000 ---p 00000000 00:00 0 
7f3dc0772000-7f3dc0870000 rw-p 00000000 00:00 0 
7f3dc0870000-7f3dc0873000 ---p 00000000 00:00 0 
7f3dc0873000-7f3dc0b71000 rw-p 00000000 00:00 0 
7f3dc0b71000-7f3dc0b74000 ---p 00000000 00:00 0 
7f3dc0b74000-7f3dc0e72000 rw-p 00000000 00:00 0 
7f3dc0e72000-7f3dc0e7f000 r-xp 00000000 ca:01 1103                       /tmp/liblz4-java2160588018298998875.so
7f3dc0e7f000-7f3dc107e000 ---p 0000d000 ca:01 1103                       /tmp/liblz4-java2160588018298998875.so
7f3dc107e000-7f3dc107f000 rw-p 0000c000 ca:01 1103                       /tmp/liblz4-java2160588018298998875.so
7f3dc107f000-7f3dc127f000 rw-p 00000000 00:00 0 
7f3dc127f000-7f3dc1475000 rw-p 00000000 00:00 0 
7f3dc1475000-7f3dc147f000 ---p 00000000 00:00 0 
7f3dc147f000-7f3dc1482000 ---p 00000000 00:00 0 
7f3dc1482000-7f3dc1780000 rw-p 00000000 00:00 0 
7f3dc1780000-7f3dc1980000 rw-p 00000000 00:00 0 
7f3dc1980000-7f3dc1983000 ---p 00000000 00:00 0 
7f3dc1983000-7f3dc1a81000 rw-p 00000000 00:00 0 
7f3dc1a81000-7f3dc1a84000 ---p 00000000 00:00 0 
7f3dc1a84000-7f3dc1b82000 rw-p 00000000 00:00 0 
7f3dc1b82000-7f3dc1b85000 ---p 00000000 00:00 0 
7f3dc1b85000-7f3dc1e83000 rw-p 00000000 00:00 0 
7f3dc1e83000-7f3dc1e86000 ---p 00000000 00:00 0 
7f3dc1e86000-7f3dc1f84000 rw-p 00000000 00:00 0 
7f3dc1f84000-7f3dc1f87000 ---p 00000000 00:00 0 
7f3dc1f87000-7f3dc2085000 rw-p 00000000 00:00 0 
7f3dc2085000-7f3dc2088000 ---p 00000000 00:00 0 
7f3dc2088000-7f3dc2186000 rw-p 00000000 00:00 0 
7f3dc2186000-7f3dc2189000 ---p 00000000 00:00 0 
7f3dc2189000-7f3dc2287000 rw-p 00000000 00:00 0 
7f3dc2287000-7f3dc228a000 ---p 00000000 00:00 0 
7f3dc228a000-7f3dc2388000 rw-p 00000000 00:00 0 
7f3dc2388000-7f3dc238b000 ---p 00000000 00:00 0 
7f3dc238b000-7f3dc2489000 rw-p 00000000 00:00 0 
7f3dc2489000-7f3dc248c000 ---p 00000000 00:00 0 
7f3dc248c000-7f3dc258a000 rw-p 00000000 00:00 0 
7f3dc258a000-7f3dc258d000 ---p 00000000 00:00 0 
7f3dc258d000-7f3dc268b000 rw-p 00000000 00:00 0 
7f3dc268b000-7f3dc268e000 ---p 00000000 00:00 0 
7f3dc268e000-7f3dc278c000 rw-p 00000000 00:00 0 
7f3dc278c000-7f3dc278f000 ---p 00000000 00:00 0 
7f3dc278f000-7f3dc288d000 rw-p 00000000 00:00 0 
7f3dc288d000-7f3dc2890000 ---p 00000000 00:00 0 
7f3dc2890000-7f3dc298e000 rw-p 00000000 00:00 0 
7f3dc298e000-7f3dc2991000 ---p 00000000 00:00 0 
7f3dc2991000-7f3dc2a8f000 rw-p 00000000 00:00 0 
7f3dc2a8f000-7f3dc2a92000 ---p 00000000 00:00 0 
7f3dc2a92000-7f3dc2b90000 rw-p 00000000 00:00 0 
7f3dc2b90000-7f3dc2b93000 ---p 00000000 00:00 0 
7f3dc2b93000-7f3dc2e91000 rw-p 00000000 00:00 0 
7f3dc2e91000-7f3dc2e94000 ---p 00000000 00:00 0 
7f3dc2e94000-7f3dc3192000 rw-p 00000000 00:00 0 
7f3dc3192000-7f3dc3195000 ---p 00000000 00:00 0 
7f3dc3195000-7f3dc3293000 rw-p 00000000 00:00 0 
7f3dc3293000-7f3dc3296000 ---p 00000000 00:00 0 
7f3dc3296000-7f3dc3394000 rw-p 00000000 00:00 0 
7f3dc3443000-7f3dc3446000 ---p 00000000 00:00 0 
7f3dc3446000-7f3dc3544000 rw-p 00000000 00:00 0 
7f3dc3544000-7f3dc3547000 ---p 00000000 00:00 0 
7f3dc3547000-7f3dc3645000 rw-p 00000000 00:00 0 
7f3dc3645000-7f3dc3648000 ---p 00000000 00:00 0 
7f3dc3648000-7f3dc3746000 rw-p 00000000 00:00 0 
7f3dc3746000-7f3dc3749000 ---p 00000000 00:00 0 
7f3dc3749000-7f3dc3847000 rw-p 00000000 00:00 0 
7f3dc3847000-7f3dc384a000 ---p 00000000 00:00 0 
7f3dc384a000-7f3dc3948000 rw-p 00000000 00:00 0 
7f3dc3948000-7f3dc394b000 ---p 00000000 00:00 0 
7f3dc394b000-7f3dc3a49000 rw-p 00000000 00:00 0 
7f3dc3adb000-7f3dc3aec000 r--s 001bf000 ca:01 258306                     /usr/lib/jvm/java-8-openjdk-amd64/jre/lib/jsse.jar
7f3dc3aec000-7f3dc3aef000 ---p 00000000 00:00 0 
7f3dc3aef000-7f3dc3ded000 rw-p 00000000 00:00 0 
7f3dc3ded000-7f3dc3e00000 r--s 0034b000 ca:01 258375                     /usr/lib/jvm/java-8-openjdk-amd64/jre/lib/resources.jar
7f3dc3e00000-7f3dc4000000 rw-p 00000000 00:00 0 
7f3dc4000000-7f3dc6c34000 rw-p 00000000 00:00 0 
7f3dc6c34000-7f3dc8000000 ---p 00000000 00:00 0 
7f3dc8000000-7f3dc826e000 rw-p 00000000 00:00 0 
7f3dc826e000-7f3dcc000000 ---p 00000000 00:00 0 
7f3dcc000000-7f3dcc065000 rw-p 00000000 00:00 0 
7f3dcc065000-7f3dd0000000 ---p 00000000 00:00 0 
7f3dd0000000-7f3dd3ffe000 rw-p 00000000 00:00 0 
7f3dd3ffe000-7f3dd4000000 ---p 00000000 00:00 0 
7f3dd4000000-7f3dd40eb000 rw-p 00000000 00:00 0 
7f3dd40eb000-7f3dd8000000 ---p 00000000 00:00 0 
7f3dd8000000-7f3dd85ba000 rw-p 00000000 00:00 0 
7f3dd85ba000-7f3ddc000000 ---p 00000000 00:00 0 
7f3ddc000000-7f3ddc40c000 rw-p 00000000 00:00 0 
7f3ddc40c000-7f3de0000000 ---p 00000000 00:00 0 
7f3de0002000-7f3de0005000 ---p 00000000 00:00 0 
7f3de0005000-7f3de0103000 rw-p 00000000 00:00 0 
7f3de0103000-7f3de011a000 r-xp 00000000 ca:01 10418                      /lib/x86_64-linux-gnu/libresolv-2.23.so
7f3de011a000-7f3de031a000 ---p 00017000 ca:01 10418                      /lib/x86_64-linux-gnu/libresolv-2.23.so
7f3de031a000-7f3de031b000 r--p 00017000 ca:01 10418                      /lib/x86_64-linux-gnu/libresolv-2.23.so
7f3de031b000-7f3de031c000 rw-p 00018000 ca:01 10418                      /lib/x86_64-linux-gnu/libresolv-2.23.so
7f3de031c000-7f3de031e000 rw-p 00000000 00:00 0 
7f3de031e000-7f3de0323000 r-xp 00000000 ca:01 10403                      /lib/x86_64-linux-gnu/libnss_dns-2.23.so
7f3de0323000-7f3de0523000 ---p 00005000 ca:01 10403                      /lib/x86_64-linux-gnu/libnss_dns-2.23.so
7f3de0523000-7f3de0524000 r--p 00005000 ca:01 10403                      /lib/x86_64-linux-gnu/libnss_dns-2.23.so
7f3de0524000-7f3de0525000 rw-p 00006000 ca:01 10403                      /lib/x86_64-linux-gnu/libnss_dns-2.23.so
7f3de052b000-7f3de052d000 r--s 00016000 ca:01 258298                     /usr/lib/jvm/java-8-openjdk-amd64/jre/lib/jce.jar
7f3de052d000-7f3de052e000 r-xp 00000000 ca:01 258364                     /usr/lib/jvm/java-8-openjdk-amd64/jre/lib/amd64/libjaas_unix.so
7f3de052e000-7f3de072d000 ---p 00001000 ca:01 258364                     /usr/lib/jvm/java-8-openjdk-amd64/jre/lib/amd64/libjaas_unix.so
7f3de072d000-7f3de072e000 r--p 00000000 ca:01 258364                     /usr/lib/jvm/java-8-openjdk-amd64/jre/lib/amd64/libjaas_unix.so
7f3de072e000-7f3de072f000 rw-p 00001000 ca:01 258364                     /usr/lib/jvm/java-8-openjdk-amd64/jre/lib/amd64/libjaas_unix.so
7f3de072f000-7f3de0732000 ---p 00000000 00:00 0 
7f3de0732000-7f3de0830000 rw-p 00000000 00:00 0 
7f3de0830000-7f3de0833000 ---p 00000000 00:00 0 
7f3de0833000-7f3de0a69000 rw-p 00000000 00:00 0 
7f3de0a69000-7f3de0a72000 r-xp 00000000 ca:01 258340                     /usr/lib/jvm/java-8-openjdk-amd64/jre/lib/amd64/libmanagement.so
7f3de0a72000-7f3de0c71000 ---p 00009000 ca:01 258340                     /usr/lib/jvm/java-8-openjdk-amd64/jre/lib/amd64/libmanagement.so
7f3de0c71000-7f3de0c72000 r--p 00008000 ca:01 258340                     /usr/lib/jvm/java-8-openjdk-amd64/jre/lib/amd64/libmanagement.so
7f3de0c72000-7f3de0c73000 rw-p 00009000 ca:01 258340                     /usr/lib/jvm/java-8-openjdk-amd64/jre/lib/amd64/libmanagement.so
7f3de0c73000-7f3de0e73000 rw-p 00000000 00:00 0 
7f3de0e73000-7f3de0e76000 ---p 00000000 00:00 0 
7f3de0e76000-7f3de0f74000 rw-p 00000000 00:00 0 
7f3de0f74000-7f3de0f77000 ---p 00000000 00:00 0 
7f3de0f77000-7f3de1075000 rw-p 00000000 00:00 0 
7f3de1075000-7f3de1078000 ---p 00000000 00:00 0 
7f3de1078000-7f3de1376000 rw-p 00000000 00:00 0 
7f3de1376000-7f3de1379000 r--s 00015000 ca:01 261533                     /home/ubuntu/spark-2.1.1-bin-hadoop2.7/jars/javax.servlet-api-3.1.0.jar
7f3de1379000-7f3de13a5000 r--s 001c9000 ca:01 261798                     /home/ubuntu/spark-2.1.1-bin-hadoop2.7/jars/shapeless_2.11-2.0.0.jar
7f3de13a5000-7f3de13b0000 r--s 000b0000 ca:01 261731                     /home/ubuntu/spark-2.1.1-bin-hadoop2.7/jars/jtransforms-2.4.0.jar
7f3de13b0000-7f3de13b6000 r--s 00043000 ca:01 261858                     /home/ubuntu/spark-2.1.1-bin-hadoop2.7/jars/commons-configuration-1.6.jar
7f3de13b6000-7f3de13ba000 r--s 00019000 ca:01 261784                     /home/ubuntu/spark-2.1.1-bin-hadoop2.7/jars/javax.ws.rs-api-2.0.1.jar
7f3de13ba000-7f3de13bc000 r--s 00009000 ca:01 261839                     /home/ubuntu/spark-2.1.1-bin-hadoop2.7/jars/commons-cli-1.2.jar
7f3de13bc000-7f3de13c6000 r--s 00095000 ca:01 261728                     /home/ubuntu/spark-2.1.1-bin-hadoop2.7/jars/scala-xml_2.11-1.0.2.jar
7f3de13c6000-7f3de13cb000 r--s 00031000 ca:01 261744                     /home/ubuntu/spark-2.1.1-bin-hadoop2.7/jars/parquet-hadoop-1.8.1.jar
7f3de13cb000-7f3de13cf000 r--s 00020000 ca:01 261720                     /home/ubuntu/spark-2.1.1-bin-hadoop2.7/jars/commons-digester-1.8.jar
7f3de13cf000-7f3de13d1000 r--s 00027000 ca:01 261790                     /home/ubuntu/spark-2.1.1-bin-hadoop2.7/jars/core-1.1.2.jar
7f3de13d1000-7f3de13e8000 r--s 00183000 ca:01 261753                     /home/ubuntu/spark-2.1.1-bin-hadoop2.7/jars/hadoop-yarn-common-2.7.3.jar
7f3de13e8000-7f3de13e9000 r--s 00004000 ca:01 261711                     /home/ubuntu/spark-2.1.1-bin-hadoop2.7/jars/eigenbase-properties-1.1.5.jar
7f3de13e9000-7f3de13ef000 r--s 00044000 ca:01 261763                     /home/ubuntu/spark-2.1.1-bin-hadoop2.7/jars/antlr4-runtime-4.5.3.jar
7f3de13ef000-7f3de13f1000 r--s 0000b000 ca:01 261840                     /home/ubuntu/spark-2.1.1-bin-hadoop2.7/jars/chill-java-0.8.0.jar
7f3de13f1000-7f3de13fb000 r--s 00086000 ca:01 261718                     /home/ubuntu/spark-2.1.1-bin-hadoop2.7/jars/json4s-core_2.11-3.2.11.jar
7f3de13fb000-7f3de13fd000 r--s 0000f000 ca:01 261566                     /home/ubuntu/spark-2.1.1-bin-hadoop2.7/jars/activation-1.1.1.jar
7f3de13fd000-7f3de1401000 r--s 00031000 ca:01 261583                     /home/ubuntu/spark-2.1.1-bin-hadoop2.7/jars/jline-2.12.1.jar
7f3de1401000-7f3de1407000 r--s 00028000 ca:01 261745                     /home/ubuntu/spark-2.1.1-bin-hadoop2.7/jars/curator-framework-2.6.0.jar
7f3de1407000-7f3de1414000 r--s 000b1000 ca:01 261545                     /home/ubuntu/spark-2.1.1-bin-hadoop2.7/jars/hadoop-mapreduce-client-common-2.7.3.jar
7f3de1414000-7f3de1416000 r--s 00009000 ca:01 261758                     /home/ubuntu/spark-2.1.1-bin-hadoop2.7/jars/jackson-module-paranamer-2.6.5.jar
7f3de1416000-7f3de1417000 r--s 00009000 ca:01 261845                     /home/ubuntu/spark-2.1.1-bin-hadoop2.7/jars/slf4j-api-1.7.16.jar
7f3de1417000-7f3de1418000 r--s 00004000 ca:01 261710                     /home/ubuntu/spark-2.1.1-bin-hadoop2.7/jars/jackson-jaxrs-1.9.13.jar
7f3de1418000-7f3de141a000 r--s 00012000 ca:01 261803                     /home/ubuntu/spark-2.1.1-bin-hadoop2.7/jars/api-util-1.0.0-M20.jar
7f3de141a000-7f3de1422000 r--s 00066000 ca:01 261732                     /home/ubuntu/spark-2.1.1-bin-hadoop2.7/jars/apache-log4j-extras-1.2.17.jar
7f3de1422000-7f3de1424000 r--s 00004000 ca:01 261587                     /home/ubuntu/spark-2.1.1-bin-hadoop2.7/jars/stax-api-1.0-2.jar
7f3de1424000-7f3de1432000 r--s 00078000 ca:01 261756                     /home/ubuntu/spark-2.1.1-bin-hadoop2.7/jars/spark-mesos_2.11-2.1.1.jar
7f3de1432000-7f3de1460000 r--s 00212000 ca:01 261712                     /home/ubuntu/spark-2.1.1-bin-hadoop2.7/jars/spark-network-common_2.11-2.1.1.jar
7f3de1460000-7f3de1468000 r--s 0006e000 ca:01 261765                     /home/ubuntu/spark-2.1.1-bin-hadoop2.7/jars/commons-lang3-3.5.jar
7f3de1468000-7f3de1469000 r--s 00009000 ca:01 261830                     /home/ubuntu/spark-2.1.1-bin-hadoop2.7/jars/hive-cli-1.2.1.spark2.jar
7f3de1469000-7f3de147f000 r--s 001a4000 ca:01 261613                     /home/ubuntu/spark-2.1.1-bin-hadoop2.7/jars/datanucleus-rdbms-3.2.9.jar
7f3de147f000-7f3de1490000 r--s 0010d000 ca:01 261714                     /home/ubuntu/spark-2.1.1-bin-hadoop2.7/jars/jackson-databind-2.6.5.jar
7f3de1490000-7f3de1492000 r--s 0000a000 ca:01 261612                     /home/ubuntu/spark-2.1.1-bin-hadoop2.7/jars/spark-unsafe_2.11-2.1.1.jar
7f3de1492000-7f3de14b6000 r--s 001cd000 ca:01 261855                     /home/ubuntu/spark-2.1.1-bin-hadoop2.7/jars/commons-math3-3.4.1.jar
7f3de14b6000-7f3de14ba000 r--s 0002a000 ca:01 261747                     /home/ubuntu/spark-2.1.1-bin-hadoop2.7/jars/commons-io-2.4.jar
7f3de14ba000-7f3de14c2000 r--s 00059000 ca:01 261611                     /home/ubuntu/spark-2.1.1-bin-hadoop2.7/jars/javolution-5.5.1.jar
7f3de14c2000-7f3de14c3000 r--s 00003000 ca:01 261568                     /home/ubuntu/spark-2.1.1-bin-hadoop2.7/jars/jta-1.1.jar
7f3de14c3000-7f3de14c6000 r--s 00009000 ca:01 261751                     /home/ubuntu/spark-2.1.1-bin-hadoop2.7/jars/jackson-annotations-2.6.5.jar
7f3de14c6000-7f3de153a000 r--s 00574000 ca:01 261739                     /home/ubuntu/spark-2.1.1-bin-hadoop2.7/jars/spark-mllib_2.11-2.1.1.jar
7f3de153a000-7f3de1555000 r--s 001d8000 ca:01 261572                     /home/ubuntu/spark-2.1.1-bin-hadoop2.7/jars/jets3t-0.9.3.jar
7f3de1555000-7f3de15e0000 r--s 0069e000 ca:01 261713                     /home/ubuntu/spark-2.1.1-bin-hadoop2.7/jars/spark-catalyst_2.11-2.1.1.jar
7f3de15e0000-7f3de15e5000 r--s 0002a000 ca:01 261576                     /home/ubuntu/spark-2.1.1-bin-hadoop2.7/jars/commons-beanutils-1.7.0.jar
7f3de15e5000-7f3de15e7000 r--s 00006000 ca:01 261588                     /home/ubuntu/spark-2.1.1-bin-hadoop2.7/jars/paranamer-2.3.jar
7f3de15e7000-7f3de15eb000 r--s 0002c000 ca:01 261748                     /home/ubuntu/spark-2.1.1-bin-hadoop2.7/jars/avro-ipc-1.7.7.jar
7f3de15eb000-7f3de15ec000 r--s 00003000 ca:01 261594                     /home/ubuntu/spark-2.1.1-bin-hadoop2.7/jars/xmlenc-0.52.jar
7f3de15ec000-7f3de1609000 r--s 001d5000 ca:01 261860                     /home/ubuntu/spark-2.1.1-bin-hadoop2.7/jars/hadoop-yarn-api-2.7.3.jar
7f3de1609000-7f3de160a000 r--s 00004000 ca:01 261716                     /home/ubuntu/spark-2.1.1-bin-hadoop2.7/jars/opencsv-2.3.jar
7f3de160a000-7f3de160e000 r--s 00014000 ca:01 261856                     /home/ubuntu/spark-2.1.1-bin-hadoop2.7/jars/xz-1.0.jar
7f3de160e000-7f3de1611000 r--s 000fd000 ca:01 261604                     /home/ubuntu/spark-2.1.1-bin-hadoop2.7/jars/leveldbjni-all-1.8.jar
7f3de1611000-7f3de1617000 r--s 00063000 ca:01 261849                     /home/ubuntu/spark-2.1.1-bin-hadoop2.7/jars/jodd-core-3.5.2.jar
7f3de1617000-7f3de161b000 r--s 00030000 ca:01 261532                     /home/ubuntu/spark-2.1.1-bin-hadoop2.7/jars/commons-net-2.2.jar
7f3de161b000-7f3de161f000 r--s 00028000 ca:01 261608                     /home/ubuntu/spark-2.1.1-bin-hadoop2.7/jars/spark-mllib-local_2.11-2.1.1.jar
7f3de161f000-7f3de1626000 r--s 0007d000 ca:01 261722                     /home/ubuntu/spark-2.1.1-bin-hadoop2.7/jars/jetty-6.1.26.jar
7f3de1626000-7f3de1629000 r--s 0002f000 ca:01 261546                     /home/ubuntu/spark-2.1.1-bin-hadoop2.7/jars/RoaringBitmap-0.5.11.jar
7f3de1629000-7f3de162a000 r--s 00004000 ca:01 261866                     /home/ubuntu/spark-2.1.1-bin-hadoop2.7/jars/osgi-resource-locator-1.0.1.jar
7f3de162a000-7f3de164b000 r--s 0019b000 ca:01 261796                     /home/ubuntu/spark-2.1.1-bin-hadoop2.7/jars/spark-hive-thriftserver_2.11-2.1.1.jar
7f3de164b000-7f3de1650000 r--s 00041000 ca:01 261740                     /home/ubuntu/spark-2.1.1-bin-hadoop2.7/jars/commons-lang-2.6.jar
7f3de1650000-7f3de1652000 r--s 00020000 ca:01 261749                     /home/ubuntu/spark-2.1.1-bin-hadoop2.7/jars/hive-beeline-1.2.1.spark2.jar
7f3de1652000-7f3de1659000 r--s 00049000 ca:01 261736                     /home/ubuntu/spark-2.1.1-bin-hadoop2.7/jars/httpcore-4.4.4.jar
7f3de1659000-7f3de165b000 r--s 00014000 ca:01 261717                     /home/ubuntu/spark-2.1.1-bin-hadoop2.7/jars/spire-macros_2.11-0.7.4.jar
7f3de165b000-7f3de165c000 r--s 00001000 ca:01 261621                     /home/ubuntu/spark-2.1.1-bin-hadoop2.7/jars/pmml-schema-1.2.15.jar
7f3de165c000-7f3de1660000 r--s 00028000 ca:01 261573                     /home/ubuntu/spark-2.1.1-bin-hadoop2.7/jars/jetty-util-6.1.26.jar
7f3de1660000-7f3de1663000 r--s 00006000 ca:01 261721                     /home/ubuntu/spark-2.1.1-bin-hadoop2.7/jars/jsr305-1.3.9.jar
7f3de1663000-7f3de166a000 r--s 0005d000 ca:01 261793                     /home/ubuntu/spark-2.1.1-bin-hadoop2.7/jars/mx4j-3.0.2.jar
7f3de166a000-7f3de166c000 r--s 0000e000 ca:01 261821                     /home/ubuntu/spark-2.1.1-bin-hadoop2.7/jars/guice-servlet-3.0.jar
7f3de166c000-7f3de1674000 r--s 0007b000 ca:01 261737                     /home/ubuntu/spark-2.1.1-bin-hadoop2.7/jars/protobuf-java-2.5.0.jar
7f3de1674000-7f3de167d000 r--s 00062000 ca:01 261580                     /home/ubuntu/spark-2.1.1-bin-hadoop2.7/jars/avro-1.7.7.jar
7f3de167d000-7f3de167f000 r--s 00003000 ca:01 261733                     /home/ubuntu/spark-2.1.1-bin-hadoop2.7/jars/jcl-over-slf4j-1.7.16.jar
7f3de167f000-7f3de174f000 r--s 00cf0000 ca:01 261540                     /home/ubuntu/spark-2.1.1-bin-hadoop2.7/jars/breeze_2.11-0.12.jar
7f3de174f000-7f3de1750000 r--s 00002000 ca:01 261619                     /home/ubuntu/spark-2.1.1-bin-hadoop2.7/jars/slf4j-log4j12-1.7.16.jar
7f3de1750000-7f3de1752000 r--s 00006000 ca:01 261578                     /home/ubuntu/spark-2.1.1-bin-hadoop2.7/jars/spark-sketch_2.11-2.1.1.jar
7f3de1752000-7f3de1757000 r--s 00068000 ca:01 261791                     /home/ubuntu/spark-2.1.1-bin-hadoop2.7/jars/antlr-2.7.7.jar
7f3de1757000-7f3de1759000 r--s 00000000 ca:01 261759                     /home/ubuntu/spark-2.1.1-bin-hadoop2.7/jars/aopalliance-1.0.jar
7f3de1759000-7f3de175b000 r--s 00012000 ca:01 261730                     /home/ubuntu/spark-2.1.1-bin-hadoop2.7/jars/compress-lzf-1.0.3.jar
7f3de175b000-7f3de1768000 r--s 0009e000 ca:01 261822                     /home/ubuntu/spark-2.1.1-bin-hadoop2.7/jars/spark-graphx_2.11-2.1.1.jar
7f3de1768000-7f3de176d000 r--s 00028000 ca:01 261841                     /home/ubuntu/spark-2.1.1-bin-hadoop2.7/jars/avro-mapred-1.7.7-hadoop2.jar
7f3de176d000-7f3de1783000 r--s 00124000 ca:01 261833                     /home/ubuntu/spark-2.1.1-bin-hadoop2.7/jars/ivy-2.4.0.jar
7f3de1783000-7f3de178b000 r--s 00078000 ca:01 261805                     /home/ubuntu/spark-2.1.1-bin-hadoop2.7/jars/mail-1.4.7.jar
7f3de178b000-7f3de1790000 r--s 0004e000 ca:01 261582                     /home/ubuntu/spark-2.1.1-bin-hadoop2.7/jars/datanucleus-api-jdo-3.2.6.jar
7f3de1790000-7f3de17c1000 rw-p 00000000 00:00 0 
7f3de17c1000-7f3de17d9000 r-xp 00000000 ca:01 258348                     /usr/lib/jvm/java-8-openjdk-amd64/jre/lib/amd64/libnet.so
7f3de17d9000-7f3de19d8000 ---p 00018000 ca:01 258348                     /usr/lib/jvm/java-8-openjdk-amd64/jre/lib/amd64/libnet.so
7f3de19d8000-7f3de19d9000 r--p 00017000 ca:01 258348                     /usr/lib/jvm/java-8-openjdk-amd64/jre/lib/amd64/libnet.so
7f3de19d9000-7f3de19da000 rw-p 00018000 ca:01 258348                     /usr/lib/jvm/java-8-openjdk-amd64/jre/lib/amd64/libnet.so
7f3de19da000-7f3de19ec000 r-xp 00000000 ca:01 258344                     /usr/lib/jvm/java-8-openjdk-amd64/jre/lib/amd64/libnio.so
7f3de19ec000-7f3de1beb000 ---p 00012000 ca:01 258344                     /usr/lib/jvm/java-8-openjdk-amd64/jre/lib/amd64/libnio.so
7f3de1beb000-7f3de1bec000 r--p 00011000 ca:01 258344                     /usr/lib/jvm/java-8-openjdk-amd64/jre/lib/amd64/libnio.so
7f3de1bec000-7f3de1bed000 rw-p 00012000 ca:01 258344                     /usr/lib/jvm/java-8-openjdk-amd64/jre/lib/amd64/libnio.so
7f3de1bed000-7f3de1cc5000 r--s 00a88000 ca:01 261543                     /home/ubuntu/spark-2.1.1-bin-hadoop2.7/jars/spark-core_2.11-2.1.1.jar
7f3de1cc5000-7f3de1cdd000 r--s 001b6000 ca:01 261569                     /home/ubuntu/spark-2.1.1-bin-hadoop2.7/jars/datanucleus-core-3.2.10.jar
7f3de1cdd000-7f3de1cf1000 r--s 000ec000 ca:01 261539                     /home/ubuntu/spark-2.1.1-bin-hadoop2.7/jars/parquet-jackson-1.8.1.jar
7f3de1cf1000-7f3de1cf3000 r--s 0000e000 ca:01 261785                     /home/ubuntu/spark-2.1.1-bin-hadoop2.7/jars/hadoop-mapreduce-client-jobclient-2.7.3.jar
7f3de1cf3000-7f3de1cf5000 r--s 0000e000 ca:01 261536                     /home/ubuntu/spark-2.1.1-bin-hadoop2.7/jars/oro-2.0.8.jar
7f3de1cf5000-7f3de1cf7000 r--s 00003000 ca:01 261826                     /home/ubuntu/spark-2.1.1-bin-hadoop2.7/jars/JavaEWAH-0.3.2.jar
7f3de1cf7000-7f3de1cf9000 r--s 0000f000 ca:01 261757                     /home/ubuntu/spark-2.1.1-bin-hadoop2.7/jars/spark-launcher_2.11-2.1.1.jar
7f3de1cf9000-7f3de1d1b000 r--s 00335000 ca:01 261750                     /home/ubuntu/spark-2.1.1-bin-hadoop2.7/jars/mesos-1.0.0-shaded-protobuf.jar
7f3de1d1b000-7f3de1d1c000 r--s 00001000 ca:01 261610                     /home/ubuntu/spark-2.1.1-bin-hadoop2.7/jars/minlog-1.3.0.jar
7f3de1d1c000-7f3de1d1f000 r--s 0001a000 ca:01 261834                     /home/ubuntu/spark-2.1.1-bin-hadoop2.7/jars/py4j-0.10.4.jar
7f3de1d1f000-7f3de1d20000 r--s 00009000 ca:01 261601                     /home/ubuntu/spark-2.1.1-bin-hadoop2.7/jars/json4s-jackson_2.11-3.2.11.jar
7f3de1d20000-7f3de1d22000 r--s 0000d000 ca:01 261725                     /home/ubuntu/spark-2.1.1-bin-hadoop2.7/jars/hadoop-yarn-server-web-proxy-2.7.3.jar
7f3de1d22000-7f3de1d85000 r--s 004de000 ca:01 261719                     /home/ubuntu/spark-2.1.1-bin-hadoop2.7/jars/hive-metastore-1.2.1.spark2.jar
7f3de1d85000-7f3de1d8c000 r--s 00039000 ca:01 261727                     /home/ubuntu/spark-2.1.1-bin-hadoop2.7/jars/calcite-avatica-1.2.0-incubating.jar
7f3de1d8c000-7f3de1d93000 r--s 0003f000 ca:01 261603                     /home/ubuntu/spark-2.1.1-bin-hadoop2.7/jars/commons-codec-1.10.jar
7f3de1d93000-7f3de1d95000 r--s 00100000 ca:01 261842                     /home/ubuntu/spark-2.1.1-bin-hadoop2.7/jars/snappy-java-1.1.2.6.jar
7f3de1d95000-7f3de1d99000 r--s 00029000 ca:01 261591                     /home/ubuntu/spark-2.1.1-bin-hadoop2.7/jars/hk2-locator-2.4.0-b34.jar
7f3de1d99000-7f3de1d9c000 r--s 0000d000 ca:01 261742                     /home/ubuntu/spark-2.1.1-bin-hadoop2.7/jars/spark-network-shuffle_2.11-2.1.1.jar
7f3de1d9c000-7f3de1d9d000 r--s 00006000 ca:01 261788                     /home/ubuntu/spark-2.1.1-bin-hadoop2.7/jars/jackson-xc-1.9.13.jar
7f3de1d9d000-7f3de1db3000 r--s 000d1000 ca:01 261585                     /home/ubuntu/spark-2.1.1-bin-hadoop2.7/jars/parquet-column-1.8.1.jar
7f3de1db3000-7f3de1dd8000 rw-p 00000000 00:00 0 
7f3de1dd8000-7f3de1ee4000 r--s 00dba000 ca:01 261859                     /home/ubuntu/spark-2.1.1-bin-hadoop2.7/jars/scala-compiler-2.11.8.jar
7f3de1ee4000-7f3de1ee5000 r--s 00002000 ca:01 261764                     /home/ubuntu/spark-2.1.1-bin-hadoop2.7/jars/jpam-1.1.jar
7f3de1ee5000-7f3de1ef4000 r--s 0009f000 ca:01 261734                     /home/ubuntu/spark-2.1.1-bin-hadoop2.7/jars/guice-3.0.jar
7f3de1ef4000-7f3de1f0d000 r--s 00150000 ca:01 261626                     /home/ubuntu/spark-2.1.1-bin-hadoop2.7/jars/htrace-core-3.1.0-incubating.jar
7f3de1f0d000-7f3de1f23000 r--s 000d3000 ca:01 261625                     /home/ubuntu/spark-2.1.1-bin-hadoop2.7/jars/jersey-server-2.22.2.jar
7f3de1f23000-7f3de1f25000 r--s 00008000 ca:01 261581                     /home/ubuntu/spark-2.1.1-bin-hadoop2.7/jars/parquet-common-1.8.1.jar
7f3de1f25000-7f3de1f27000 r--s 00002000 ca:01 261606                     /home/ubuntu/spark-2.1.1-bin-hadoop2.7/jars/aopalliance-repackaged-2.4.0-b34.jar
7f3de1f27000-7f3de1f2b000 r--s 0003c000 ca:01 261854                     /home/ubuntu/spark-2.1.1-bin-hadoop2.7/jars/jackson-core-2.6.5.jar
7f3de1f2b000-7f3de1f36000 r--s 00062000 ca:01 261729                     /home/ubuntu/spark-2.1.1-bin-hadoop2.7/jars/calcite-linq4j-1.2.0-incubating.jar
7f3de1f36000-7f3de1f6c000 r--s 0031c000 ca:01 261565                     /home/ubuntu/spark-2.1.1-bin-hadoop2.7/jars/hadoop-common-2.7.3.jar
7f3de1f6c000-7f3de1f70000 r--s 0001a000 ca:01 261579                     /home/ubuntu/spark-2.1.1-bin-hadoop2.7/jars/hk2-utils-2.4.0-b34.jar
7f3de1f70000-7f3de1f7c000 r--s 000b6000 ca:01 261831                     /home/ubuntu/spark-2.1.1-bin-hadoop2.7/jars/zookeeper-3.4.6.jar
7f3de1f7c000-7f3de1f82000 r--s 00040000 ca:01 261709                     /home/ubuntu/spark-2.1.1-bin-hadoop2.7/jars/parquet-encoding-1.8.1.jar
7f3de1f82000-7f3de1f87000 r--s 00036000 ca:01 261574                     /home/ubuntu/spark-2.1.1-bin-hadoop2.7/jars/commons-compress-1.4.1.jar
7f3de1f87000-7f3de1fb4000 r--s 001d4000 ca:01 261863                     /home/ubuntu/spark-2.1.1-bin-hadoop2.7/jars/spark-streaming_2.11-2.1.1.jar
7f3de1fb4000-7f3de1fb7000 r--s 00022000 ca:01 261806                     /home/ubuntu/spark-2.1.1-bin-hadoop2.7/jars/stringtemplate-3.2.1.jar
7f3de1fb7000-7f3de1fbe000 r--s 00036000 ca:01 261624                     /home/ubuntu/spark-2.1.1-bin-hadoop2.7/jars/curator-recipes-2.6.0.jar
7f3de1fbe000-7f3de1fc2000 r--s 00029000 ca:01 261548                     /home/ubuntu/spark-2.1.1-bin-hadoop2.7/jars/breeze-macros_2.11-0.12.jar
7f3de1fc2000-7f3de1fc6000 r--s 00036000 ca:01 261851                     /home/ubuntu/spark-2.1.1-bin-hadoop2.7/jars/ST4-4.0.4.jar
7f3de1fc6000-7f3de1fca000 r--s 00018000 ca:01 261584                     /home/ubuntu/spark-2.1.1-bin-hadoop2.7/jars/metrics-core-3.1.2.jar
7f3de1fca000-7f3de1fd8000 r--s 000b1000 ca:01 261754                     /home/ubuntu/spark-2.1.1-bin-hadoop2.7/jars/jackson-mapper-asl-1.9.13.jar
7f3de1fd8000-7f3de1fe8000 r--s 000a0000 ca:01 261599                     /home/ubuntu/spark-2.1.1-bin-hadoop2.7/jars/spark-yarn_2.11-2.1.1.jar
7f3de1fe8000-7f3de1fe9000 r--s 00003000 ca:01 261590                     /home/ubuntu/spark-2.1.1-bin-hadoop2.7/jars/spark-tags_2.11-2.1.1.jar
7f3de1fe9000-7f3de1ffb000 r--s 00097000 ca:01 261804                     /home/ubuntu/spark-2.1.1-bin-hadoop2.7/jars/apacheds-kerberos-codec-2.0.0-M15.jar
7f3de1ffb000-7f3de1ffe000 r--s 00017000 ca:01 261800                     /home/ubuntu/spark-2.1.1-bin-hadoop2.7/jars/jaxb-api-2.2.2.jar
7f3de1ffe000-7f3de2000000 r--s 00009000 ca:01 261848                     /home/ubuntu/spark-2.1.1-bin-hadoop2.7/jars/objenesis-2.1.jar
7f3de2000000-7f3de206b000 r--s 00784000 ca:01 261535                     /home/ubuntu/spark-2.1.1-bin-hadoop2.7/jars/hadoop-hdfs-2.7.3.jar
7f3de206b000-7f3de206d000 r--s 00010000 ca:01 261752                     /home/ubuntu/spark-2.1.1-bin-hadoop2.7/jars/jersey-media-jaxb-2.22.2.jar
7f3de206d000-7f3de207a000 r--s 00083000 ca:01 261598                     /home/ubuntu/spark-2.1.1-bin-hadoop2.7/jars/commons-collections-3.2.2.jar
7f3de207a000-7f3de2081000 r--s 00051000 ca:01 261542                     /home/ubuntu/spark-2.1.1-bin-hadoop2.7/jars/kryo-shaded-3.0.3.jar
7f3de2081000-7f3de20b8000 r--s 00325000 ca:01 261802                     /home/ubuntu/spark-2.1.1-bin-hadoop2.7/jars/calcite-core-1.2.0-incubating.jar
7f3de20b8000-7f3de20bb000 r--s 00012000 ca:01 261602                     /home/ubuntu/spark-2.1.1-bin-hadoop2.7/jars/json4s-ast_2.11-3.2.11.jar
7f3de20bb000-7f3de20bd000 r--s 0000e000 ca:01 261794                     /home/ubuntu/spark-2.1.1-bin-hadoop2.7/jars/commons-logging-1.1.3.jar
7f3de20bd000-7f3de2166000 r--s 00a4f000 ca:01 261801                     /home/ubuntu/spark-2.1.1-bin-hadoop2.7/jars/hive-exec-1.2.1.spark2.jar
7f3de2166000-7f3de2167000 r--s 0000b000 ca:01 261631                     /home/ubuntu/spark-2.1.1-bin-hadoop2.7/jars/snappy-0.2.jar
7f3de2167000-7f3de216a000 r--s 00028000 ca:01 261541                     /home/ubuntu/spark-2.1.1-bin-hadoop2.7/jars/stream-2.7.0.jar
7f3de216a000-7f3de219e000 r--s 00277000 ca:01 261592                     /home/ubuntu/spark-2.1.1-bin-hadoop2.7/jars/parquet-hadoop-bundle-1.6.0.jar
7f3de219e000-7f3de21a2000 r--s 0000c000 ca:01 261617                     /home/ubuntu/spark-2.1.1-bin-hadoop2.7/jars/validation-api-1.1.0.Final.jar
7f3de21a2000-7f3de21cb000 r--s 001ee000 ca:01 261862                     /home/ubuntu/spark-2.1.1-bin-hadoop2.7/jars/guava-14.0.1.jar
7f3de21cb000-7f3de21d8000 r--s 00071000 ca:01 261832                     /home/ubuntu/spark-2.1.1-bin-hadoop2.7/jars/jackson-module-scala_2.11-2.6.5.jar
7f3de21d8000-7f3de21f1000 r--s 00114000 ca:01 261577                     /home/ubuntu/spark-2.1.1-bin-hadoop2.7/jars/spark-hive_2.11-2.1.1.jar
7f3de21f1000-7f3de2209000 r--s 00115000 ca:01 261824                     /home/ubuntu/spark-2.1.1-bin-hadoop2.7/jars/netty-3.8.0.Final.jar
7f3de2209000-7f3de2262000 r--s 00522000 ca:01 261865                     /home/ubuntu/spark-2.1.1-bin-hadoop2.7/jars/scala-library-2.11.8.jar
7f3de2262000-7f3de2269000 r--s 00049000 ca:01 261852                     /home/ubuntu/spark-2.1.1-bin-hadoop2.7/jars/univocity-parsers-2.2.1.jar
7f3de2269000-7f3de22b5000 r--s 00411000 ca:01 261857                     /home/ubuntu/spark-2.1.1-bin-hadoop2.7/jars/scala-reflect-2.11.8.jar
7f3de22b5000-7f3de22c3000 r--s 0009d000 ca:01 261614                     /home/ubuntu/spark-2.1.1-bin-hadoop2.7/jars/jersey-common-2.22.2.jar
7f3de22c3000-7f3de22cd000 r--s 000aa000 ca:01 261762                     /home/ubuntu/spark-2.1.1-bin-hadoop2.7/jars/janino-3.0.0.jar
7f3de22cd000-7f3de22ce000 r--s 00008000 ca:01 261844                     /home/ubuntu/spark-2.1.1-bin-hadoop2.7/jars/commons-compiler-3.0.0.jar
7f3de22ce000-7f3de22d7000 r--s 00097000 ca:01 261837                     /home/ubuntu/spark-2.1.1-bin-hadoop2.7/jars/pmml-model-1.2.15.jar
7f3de22d7000-7f3de22d9000 r--s 00005000 ca:01 261741                     /home/ubuntu/spark-2.1.1-bin-hadoop2.7/jars/stax-api-1.0.1.jar
7f3de22d9000-7f3de22dd000 r--s 00035000 ca:01 261597                     /home/ubuntu/spark-2.1.1-bin-hadoop2.7/jars/jackson-core-asl-1.9.13.jar
7f3de22dd000-7f3de22e0000 r--s 00019000 ca:01 261530                     /home/ubuntu/spark-2.1.1-bin-hadoop2.7/jars/bonecp-0.8.0.RELEASE.jar
7f3de22e0000-7f3de22e2000 r--s 00038000 ca:01 261789                     /home/ubuntu/spark-2.1.1-bin-hadoop2.7/jars/lz4-1.3.0.jar
7f3de22e2000-7f3de22fb000 r--s 00164000 ca:01 261738                     /home/ubuntu/spark-2.1.1-bin-hadoop2.7/jars/hadoop-mapreduce-client-core-2.7.3.jar
7f3de22fb000-7f3de22fe000 r--s 00026000 ca:01 261792                     /home/ubuntu/spark-2.1.1-bin-hadoop2.7/jars/hadoop-yarn-client-2.7.3.jar
7f3de22fe000-7f3de2300000 r--s 00017000 ca:01 261607                     /home/ubuntu/spark-2.1.1-bin-hadoop2.7/jars/hive-jdbc-1.2.1.spark2.jar
7f3de2300000-7f3de2381000 r--s 005d9000 ca:01 261746                     /home/ubuntu/spark-2.1.1-bin-hadoop2.7/jars/spark-sql_2.11-2.1.1.jar
7f3de2381000-7f3de2382000 r--s 00006000 ca:01 261755                     /home/ubuntu/spark-2.1.1-bin-hadoop2.7/jars/hadoop-client-2.7.3.jar
7f3de2382000-7f3de2389000 r--s 00058000 ca:01 261609                     /home/ubuntu/spark-2.1.1-bin-hadoop2.7/jars/hadoop-yarn-server-common-2.7.3.jar
7f3de2389000-7f3de238a000 r--s 0000a000 ca:01 261616                     /home/ubuntu/spark-2.1.1-bin-hadoop2.7/jars/apacheds-i18n-2.0.0-M15.jar
7f3de238a000-7f3de238b000 r--s 00000000 ca:01 261600                     /home/ubuntu/spark-2.1.1-bin-hadoop2.7/jars/javax.inject-1.jar
7f3de238b000-7f3de2391000 r--s 00045000 ca:01 261605                     /home/ubuntu/spark-2.1.1-bin-hadoop2.7/jars/commons-httpclient-3.1.jar
7f3de2391000-7f3de239e000 r--s 000a7000 ca:01 261627                     /home/ubuntu/spark-2.1.1-bin-hadoop2.7/jars/httpclient-4.5.2.jar
7f3de239e000-7f3de23a0000 r--s 0001f000 ca:01 261825                     /home/ubuntu/spark-2.1.1-bin-hadoop2.7/jars/commons-crypto-1.0.0.jar
7f3de23a0000-7f3de23a5000 r--s 0002a000 ca:01 261735                     /home/ubuntu/spark-2.1.1-bin-hadoop2.7/jars/gson-2.2.4.jar
7f3de23a5000-7f3de23e5000 r--s 00277000 ca:01 261767                     /home/ubuntu/spark-2.1.1-bin-hadoop2.7/jars/bcprov-jdk15on-1.51.jar
7f3de23e5000-7f3de23e8000 r--s 00016000 ca:01 261593                     /home/ubuntu/spark-2.1.1-bin-hadoop2.7/jars/jsp-api-2.1.jar
7f3de23e8000-7f3de23e9000 r--s 00001000 ca:01 261838                     /home/ubuntu/spark-2.1.1-bin-hadoop2.7/jars/javax.inject-2.4.0-b34.jar
7f3de23e9000-7f3de23ea000 r--s 00002000 ca:01 261586                     /home/ubuntu/spark-2.1.1-bin-hadoop2.7/jars/java-xmlbuilder-1.0.jar
7f3de23ea000-7f3de23ec000 r--s 00015000 ca:01 261547                     /home/ubuntu/spark-2.1.1-bin-hadoop2.7/jars/hadoop-auth-2.7.3.jar
7f3de23ec000-7f3de23f0000 r--s 0002f000 ca:01 261795                     /home/ubuntu/spark-2.1.1-bin-hadoop2.7/jars/commons-beanutils-core-1.8.0.jar
7f3de23f0000-7f3de241f000 r--s 002e5000 ca:01 261846                     /home/ubuntu/spark-2.1.1-bin-hadoop2.7/jars/derby-10.12.1.1.jar
7f3de241f000-7f3de2421000 r--s 00008000 ca:01 261544                     /home/ubuntu/spark-2.1.1-bin-hadoop2.7/jars/metrics-jvm-3.1.2.jar
7f3de2421000-7f3de2424000 r--s 00015000 ca:01 261723                     /home/ubuntu/spark-2.1.1-bin-hadoop2.7/jars/pyrolite-4.13.jar
7f3de2424000-7f3de2426000 r--s 0000e000 ca:01 261760                     /home/ubuntu/spark-2.1.1-bin-hadoop2.7/jars/spark-repl_2.11-2.1.1.jar
7f3de2426000-7f3de242f000 r--s 0006f000 ca:01 261724                     /home/ubuntu/spark-2.1.1-bin-hadoop2.7/jars/log4j-1.2.17.jar
7f3de242f000-7f3de2433000 r--s 00025000 ca:01 261850                     /home/ubuntu/spark-2.1.1-bin-hadoop2.7/jars/jersey-client-2.22.2.jar
7f3de2433000-7f3de243a000 r--s 00058000 ca:01 261589                     /home/ubuntu/spark-2.1.1-bin-hadoop2.7/jars/parquet-format-2.3.0-incubating.jar
7f3de243a000-7f3de243c000 r--s 00003000 ca:01 261615                     /home/ubuntu/spark-2.1.1-bin-hadoop2.7/jars/api-asn1-api-1.0.0-M20.jar
7f3de243c000-7f3de2446000 r--s 0007b000 ca:01 261847                     /home/ubuntu/spark-2.1.1-bin-hadoop2.7/jars/hadoop-mapreduce-client-app-2.7.3.jar
7f3de2446000-7f3de2449000 r--s 0000e000 ca:01 261575                     /home/ubuntu/spark-2.1.1-bin-hadoop2.7/jars/jersey-container-servlet-core-2.22.2.jar
7f3de2449000-7f3de244d000 r--s 00025000 ca:01 261538                     /home/ubuntu/spark-2.1.1-bin-hadoop2.7/jars/antlr-runtime-3.4.jar
7f3de244d000-7f3de245e000 r--s 00089000 ca:01 261623                     /home/ubuntu/spark-2.1.1-bin-hadoop2.7/jars/joda-time-2.9.3.jar
7f3de245e000-7f3de2460000 r--s 00005000 ca:01 261743                     /home/ubuntu/spark-2.1.1-bin-hadoop2.7/jars/javax.annotation-api-1.2.jar
7f3de2460000-7f3de2465000 r--s 00032000 ca:01 261864                     /home/ubuntu/spark-2.1.1-bin-hadoop2.7/jars/chill_2.11-0.8.0.jar
7f3de2465000-7f3de2470000 r--s 0005d000 ca:01 261853                     /home/ubuntu/spark-2.1.1-bin-hadoop2.7/jars/scala-parser-combinators_2.11-1.0.4.jar
7f3de2470000-7f3de2482000 r--s 00112000 ca:01 261835                     /home/ubuntu/spark-2.1.1-bin-hadoop2.7/jars/arpack_combined_all-0.1.jar
7f3de2482000-7f3de249a000 r--s 000d6000 ca:01 261571                     /home/ubuntu/spark-2.1.1-bin-hadoop2.7/jars/jersey-guava-2.22.2.jar
7f3de249a000-7f3de24a0000 r--s 0002c000 ca:01 261828                     /home/ubuntu/spark-2.1.1-bin-hadoop2.7/jars/jdo-api-3.0.1.jar
7f3de24a0000-7f3de24a7000 r--s 00046000 ca:01 261797                     /home/ubuntu/spark-2.1.1-bin-hadoop2.7/jars/libfb303-0.9.3.jar
7f3de24a7000-7f3de24a9000 r--s 00010000 ca:01 261622                     /home/ubuntu/spark-2.1.1-bin-hadoop2.7/jars/hadoop-mapreduce-client-shuffle-2.7.3.jar
7f3de24a9000-7f3de24ab000 r--s 00000000 ca:01 261836                     /home/ubuntu/spark-2.1.1-bin-hadoop2.7/jars/jul-to-slf4j-1.7.16.jar
7f3de24ab000-7f3de24ae000 r--s 00014000 ca:01 261761                     /home/ubuntu/spark-2.1.1-bin-hadoop2.7/jars/super-csv-2.2.0.jar
7f3de24ae000-7f3de24c0000 r--s 000b3000 ca:01 261829                     /home/ubuntu/spark-2.1.1-bin-hadoop2.7/jars/scalap-2.11.8.jar
7f3de24c0000-7f3de24c2000 r--s 00003000 ca:01 261843                     /home/ubuntu/spark-2.1.1-bin-hadoop2.7/jars/base64-2.3.8.jar
7f3de24c2000-7f3de24c4000 r--s 00003000 ca:01 261570                     /home/ubuntu/spark-2.1.1-bin-hadoop2.7/jars/jersey-container-servlet-2.22.2.jar
7f3de24c4000-7f3de24ce000 r--s 000a5000 ca:01 261766                     /home/ubuntu/spark-2.1.1-bin-hadoop2.7/jars/javassist-3.18.1-GA.jar
7f3de24ce000-7f3de24cf000 r--s 00009000 ca:01 261534                     /home/ubuntu/spark-2.1.1-bin-hadoop2.7/jars/hadoop-annotations-2.7.3.jar
7f3de24cf000-7f3de24e7000 r--s 00115000 ca:01 261537                     /home/ubuntu/spark-2.1.1-bin-hadoop2.7/jars/xercesImpl-2.9.1.jar
7f3de24e7000-7f3de24ea000 r--s 00021000 ca:01 261596                     /home/ubuntu/spark-2.1.1-bin-hadoop2.7/jars/xbean-asm5-shaded-4.4.jar
7f3de24ea000-7f3de24eb000 ---p 00000000 00:00 0 
7f3de24eb000-7f3de25eb000 rw-p 00000000 00:00 0 
7f3de25eb000-7f3de25ee000 ---p 00000000 00:00 0 
7f3de25ee000-7f3de26ec000 rw-p 00000000 00:00 0 
7f3de26ec000-7f3de26ef000 ---p 00000000 00:00 0 
7f3de26ef000-7f3de27ed000 rw-p 00000000 00:00 0 
7f3de27ed000-7f3de27f0000 ---p 00000000 00:00 0 
7f3de27f0000-7f3de28ee000 rw-p 00000000 00:00 0 
7f3de28ee000-7f3de28f1000 ---p 00000000 00:00 0 
7f3de28f1000-7f3de29ef000 rw-p 00000000 00:00 0 
7f3de29ef000-7f3de2b87000 r--p 00000000 ca:01 8059                       /usr/lib/locale/locale-archive
7f3de2b87000-7f3de2b8a000 ---p 00000000 00:00 0 
7f3de2b8a000-7f3de2c88000 rw-p 00000000 00:00 0 
7f3de2c88000-7f3de2c8b000 ---p 00000000 00:00 0 
7f3de2c8b000-7f3de2d89000 rw-p 00000000 00:00 0 
7f3de2d89000-7f3de2d8a000 ---p 00000000 00:00 0 
7f3de2d8a000-7f3de2e8a000 rw-p 00000000 00:00 0 
7f3de2e8a000-7f3de305b000 r--s 03ca5000 ca:01 258308                     /usr/lib/jvm/java-8-openjdk-amd64/jre/lib/rt.jar
7f3de305b000-7f3de385b000 rw-p 00000000 00:00 0 
7f3de385b000-7f3de38df000 rw-p 00000000 00:00 0 
7f3de38df000-7f3de39b1000 ---p 00000000 00:00 0 
7f3de39b1000-7f3de39f3000 rw-p 00000000 00:00 0 
7f3de39f3000-7f3de3a5b000 ---p 00000000 00:00 0 
7f3de3a5b000-7f3de3adf000 rw-p 00000000 00:00 0 
7f3de3adf000-7f3de3bb1000 ---p 00000000 00:00 0 
7f3de3bb1000-7f3de3c9a000 rw-p 00000000 00:00 0 
7f3de3c9a000-7f3de3f72000 ---p 00000000 00:00 0 
7f3de3f72000-7f3de7942000 rwxp 00000000 00:00 0 
7f3de7942000-7f3df2f72000 ---p 00000000 00:00 0 
7f3df2f72000-7f3df2f7a000 r-xp 00000000 ca:01 258347                     /usr/lib/jvm/java-8-openjdk-amd64/jre/lib/amd64/libzip.so
7f3df2f7a000-7f3df3179000 ---p 00008000 ca:01 258347                     /usr/lib/jvm/java-8-openjdk-amd64/jre/lib/amd64/libzip.so
7f3df3179000-7f3df317a000 r--p 00007000 ca:01 258347                     /usr/lib/jvm/java-8-openjdk-amd64/jre/lib/amd64/libzip.so
7f3df317a000-7f3df317b000 rw-p 00008000 ca:01 258347                     /usr/lib/jvm/java-8-openjdk-amd64/jre/lib/amd64/libzip.so
7f3df317b000-7f3df3186000 r-xp 00000000 ca:01 10412                      /lib/x86_64-linux-gnu/libnss_files-2.23.so
7f3df3186000-7f3df3385000 ---p 0000b000 ca:01 10412                      /lib/x86_64-linux-gnu/libnss_files-2.23.so
7f3df3385000-7f3df3386000 r--p 0000a000 ca:01 10412                      /lib/x86_64-linux-gnu/libnss_files-2.23.so
7f3df3386000-7f3df3387000 rw-p 0000b000 ca:01 10412                      /lib/x86_64-linux-gnu/libnss_files-2.23.so
7f3df3387000-7f3df338d000 rw-p 00000000 00:00 0 
7f3df338d000-7f3df3398000 r-xp 00000000 ca:01 10420                      /lib/x86_64-linux-gnu/libnss_nis-2.23.so
7f3df3398000-7f3df3597000 ---p 0000b000 ca:01 10420                      /lib/x86_64-linux-gnu/libnss_nis-2.23.so
7f3df3597000-7f3df3598000 r--p 0000a000 ca:01 10420                      /lib/x86_64-linux-gnu/libnss_nis-2.23.so
7f3df3598000-7f3df3599000 rw-p 0000b000 ca:01 10420                      /lib/x86_64-linux-gnu/libnss_nis-2.23.so
7f3df3599000-7f3df35af000 r-xp 00000000 ca:01 10421                      /lib/x86_64-linux-gnu/libnsl-2.23.so
7f3df35af000-7f3df37ae000 ---p 00016000 ca:01 10421                      /lib/x86_64-linux-gnu/libnsl-2.23.so
7f3df37ae000-7f3df37af000 r--p 00015000 ca:01 10421                      /lib/x86_64-linux-gnu/libnsl-2.23.so
7f3df37af000-7f3df37b0000 rw-p 00016000 ca:01 10421                      /lib/x86_64-linux-gnu/libnsl-2.23.so
7f3df37b0000-7f3df37b2000 rw-p 00000000 00:00 0 
7f3df37b2000-7f3df37ba000 r-xp 00000000 ca:01 10423                      /lib/x86_64-linux-gnu/libnss_compat-2.23.so
7f3df37ba000-7f3df39b9000 ---p 00008000 ca:01 10423                      /lib/x86_64-linux-gnu/libnss_compat-2.23.so
7f3df39b9000-7f3df39ba000 r--p 00007000 ca:01 10423                      /lib/x86_64-linux-gnu/libnss_compat-2.23.so
7f3df39ba000-7f3df39bb000 rw-p 00008000 ca:01 10423                      /lib/x86_64-linux-gnu/libnss_compat-2.23.so
7f3df39bb000-7f3df39e5000 r-xp 00000000 ca:01 258354                     /usr/lib/jvm/java-8-openjdk-amd64/jre/lib/amd64/libjava.so
7f3df39e5000-7f3df3be4000 ---p 0002a000 ca:01 258354                     /usr/lib/jvm/java-8-openjdk-amd64/jre/lib/amd64/libjava.so
7f3df3be4000-7f3df3be5000 r--p 00029000 ca:01 258354                     /usr/lib/jvm/java-8-openjdk-amd64/jre/lib/amd64/libjava.so
7f3df3be5000-7f3df3be7000 rw-p 0002a000 ca:01 258354                     /usr/lib/jvm/java-8-openjdk-amd64/jre/lib/amd64/libjava.so
7f3df3be7000-7f3df3bf6000 r-xp 00000000 ca:01 258352                     /usr/lib/jvm/java-8-openjdk-amd64/jre/lib/amd64/libverify.so
7f3df3bf6000-7f3df3df5000 ---p 0000f000 ca:01 258352                     /usr/lib/jvm/java-8-openjdk-amd64/jre/lib/amd64/libverify.so
7f3df3df5000-7f3df3df7000 r--p 0000e000 ca:01 258352                     /usr/lib/jvm/java-8-openjdk-amd64/jre/lib/amd64/libverify.so
7f3df3df7000-7f3df3df8000 rw-p 00010000 ca:01 258352                     /usr/lib/jvm/java-8-openjdk-amd64/jre/lib/amd64/libverify.so
7f3df3df8000-7f3df3dff000 r-xp 00000000 ca:01 10411                      /lib/x86_64-linux-gnu/librt-2.23.so
7f3df3dff000-7f3df3ffe000 ---p 00007000 ca:01 10411                      /lib/x86_64-linux-gnu/librt-2.23.so
7f3df3ffe000-7f3df3fff000 r--p 00006000 ca:01 10411                      /lib/x86_64-linux-gnu/librt-2.23.so
7f3df3fff000-7f3df4000000 rw-p 00007000 ca:01 10411                      /lib/x86_64-linux-gnu/librt-2.23.so
7f3df4000000-7f3df4dda000 rw-p 00000000 00:00 0 
7f3df4dda000-7f3df8000000 ---p 00000000 00:00 0 
7f3df8000000-7f3df8003000 r--s 00025000 ca:01 261618                     /home/ubuntu/spark-2.1.1-bin-hadoop2.7/jars/commons-dbcp-1.4.jar
7f3df8003000-7f3df802a000 r--s 0020f000 ca:01 261726                     /home/ubuntu/spark-2.1.1-bin-hadoop2.7/jars/netty-all-4.0.42.Final.jar
7f3df802a000-7f3df802d000 r--s 00015000 ca:01 261620                     /home/ubuntu/spark-2.1.1-bin-hadoop2.7/jars/commons-pool-1.5.4.jar
7f3df802d000-7f3df8082000 r--s 0069c000 ca:01 261595                     /home/ubuntu/spark-2.1.1-bin-hadoop2.7/jars/spire_2.11-0.7.4.jar
7f3df8082000-7f3df8084000 r--s 00004000 ca:01 261787                     /home/ubuntu/spark-2.1.1-bin-hadoop2.7/jars/metrics-graphite-3.1.2.jar
7f3df8084000-7f3df8085000 r--s 00003000 ca:01 261827                     /home/ubuntu/spark-2.1.1-bin-hadoop2.7/jars/metrics-json-3.1.2.jar
7f3df8085000-7f3df808a000 r--s 00027000 ca:01 261861                     /home/ubuntu/spark-2.1.1-bin-hadoop2.7/jars/hk2-api-2.4.0-b34.jar
7f3df808a000-7f3df808c000 r--s 0000f000 ca:01 261715                     /home/ubuntu/spark-2.1.1-bin-hadoop2.7/jars/curator-client-2.6.0.jar
7f3df808c000-7f3df8092000 r--s 00034000 ca:01 261799                     /home/ubuntu/spark-2.1.1-bin-hadoop2.7/jars/libthrift-0.9.3.jar
7f3df8092000-7f3df8095000 r--s 0000f000 ca:01 258331                     /usr/lib/jvm/java-8-openjdk-amd64/jre/lib/ext/icedtea-sound.jar
7f3df8095000-7f3df80b0000 r--s 001d6000 ca:01 258327                     /usr/lib/jvm/java-8-openjdk-amd64/jre/lib/ext/nashorn.jar
7f3df80b0000-7f3df80cb000 r--s 00394000 ca:01 258325                     /usr/lib/jvm/java-8-openjdk-amd64/jre/lib/ext/cldrdata.jar
7f3df80cb000-7f3df80cf000 r--s 00040000 ca:01 258330                     /usr/lib/jvm/java-8-openjdk-amd64/jre/lib/ext/sunpkcs11.jar
7f3df80cf000-7f3df8145000 rw-p 00000000 00:00 0 
7f3df8145000-7f3df815b000 r-xp 00000000 ca:01 1975                       /lib/x86_64-linux-gnu/libgcc_s.so.1
7f3df815b000-7f3df835a000 ---p 00016000 ca:01 1975                       /lib/x86_64-linux-gnu/libgcc_s.so.1
7f3df835a000-7f3df835b000 rw-p 00015000 ca:01 1975                       /lib/x86_64-linux-gnu/libgcc_s.so.1
7f3df835b000-7f3df8463000 r-xp 00000000 ca:01 10417                      /lib/x86_64-linux-gnu/libm-2.23.so
7f3df8463000-7f3df8662000 ---p 00108000 ca:01 10417                      /lib/x86_64-linux-gnu/libm-2.23.so
7f3df8662000-7f3df8663000 r--p 00107000 ca:01 10417                      /lib/x86_64-linux-gnu/libm-2.23.so
7f3df8663000-7f3df8664000 rw-p 00108000 ca:01 10417                      /lib/x86_64-linux-gnu/libm-2.23.so
7f3df8664000-7f3df87d6000 r-xp 00000000 ca:01 5294                       /usr/lib/x86_64-linux-gnu/libstdc++.so.6.0.21
7f3df87d6000-7f3df89d6000 ---p 00172000 ca:01 5294                       /usr/lib/x86_64-linux-gnu/libstdc++.so.6.0.21
7f3df89d6000-7f3df89e0000 r--p 00172000 ca:01 5294                       /usr/lib/x86_64-linux-gnu/libstdc++.so.6.0.21
7f3df89e0000-7f3df89e2000 rw-p 0017c000 ca:01 5294                       /usr/lib/x86_64-linux-gnu/libstdc++.so.6.0.21
7f3df89e2000-7f3df89e6000 rw-p 00000000 00:00 0 
7f3df89e6000-7f3df970c000 r-xp 00000000 ca:01 258369                     /usr/lib/jvm/java-8-openjdk-amd64/jre/lib/amd64/server/libjvm.so
7f3df970c000-7f3df990b000 ---p 00d26000 ca:01 258369                     /usr/lib/jvm/java-8-openjdk-amd64/jre/lib/amd64/server/libjvm.so
7f3df990b000-7f3df99a1000 r--p 00d25000 ca:01 258369                     /usr/lib/jvm/java-8-openjdk-amd64/jre/lib/amd64/server/libjvm.so
7f3df99a1000-7f3df99ca000 rw-p 00dbb000 ca:01 258369                     /usr/lib/jvm/java-8-openjdk-amd64/jre/lib/amd64/server/libjvm.so
7f3df99ca000-7f3df99fd000 rw-p 00000000 00:00 0 
7f3df99fd000-7f3df9a15000 r-xp 00000000 ca:01 10402                      /lib/x86_64-linux-gnu/libpthread-2.23.so
7f3df9a15000-7f3df9c14000 ---p 00018000 ca:01 10402                      /lib/x86_64-linux-gnu/libpthread-2.23.so
7f3df9c14000-7f3df9c15000 r--p 00017000 ca:01 10402                      /lib/x86_64-linux-gnu/libpthread-2.23.so
7f3df9c15000-7f3df9c16000 rw-p 00018000 ca:01 10402                      /lib/x86_64-linux-gnu/libpthread-2.23.so
7f3df9c16000-7f3df9c1a000 rw-p 00000000 00:00 0 
7f3df9c1a000-7f3df9c1d000 r-xp 00000000 ca:01 10408                      /lib/x86_64-linux-gnu/libdl-2.23.so
7f3df9c1d000-7f3df9e1c000 ---p 00003000 ca:01 10408                      /lib/x86_64-linux-gnu/libdl-2.23.so
7f3df9e1c000-7f3df9e1d000 r--p 00002000 ca:01 10408                      /lib/x86_64-linux-gnu/libdl-2.23.so
7f3df9e1d000-7f3df9e1e000 rw-p 00003000 ca:01 10408                      /lib/x86_64-linux-gnu/libdl-2.23.so
7f3df9e1e000-7f3df9e37000 r-xp 00000000 ca:01 1303                       /lib/x86_64-linux-gnu/libz.so.1.2.8
7f3df9e37000-7f3dfa036000 ---p 00019000 ca:01 1303                       /lib/x86_64-linux-gnu/libz.so.1.2.8
7f3dfa036000-7f3dfa037000 r--p 00018000 ca:01 1303                       /lib/x86_64-linux-gnu/libz.so.1.2.8
7f3dfa037000-7f3dfa038000 rw-p 00019000 ca:01 1303                       /lib/x86_64-linux-gnu/libz.so.1.2.8
7f3dfa038000-7f3dfa1f8000 r-xp 00000000 ca:01 10422                      /lib/x86_64-linux-gnu/libc-2.23.so
7f3dfa1f8000-7f3dfa3f8000 ---p 001c0000 ca:01 10422                      /lib/x86_64-linux-gnu/libc-2.23.so
7f3dfa3f8000-7f3dfa3fc000 r--p 001c0000 ca:01 10422                      /lib/x86_64-linux-gnu/libc-2.23.so
7f3dfa3fc000-7f3dfa3fe000 rw-p 001c4000 ca:01 10422                      /lib/x86_64-linux-gnu/libc-2.23.so
7f3dfa3fe000-7f3dfa402000 rw-p 00000000 00:00 0 
7f3dfa402000-7f3dfa410000 r-xp 00000000 ca:01 258359                     /usr/lib/jvm/java-8-openjdk-amd64/jre/lib/amd64/jli/libjli.so
7f3dfa410000-7f3dfa60f000 ---p 0000e000 ca:01 258359                     /usr/lib/jvm/java-8-openjdk-amd64/jre/lib/amd64/jli/libjli.so
7f3dfa60f000-7f3dfa610000 r--p 0000d000 ca:01 258359                     /usr/lib/jvm/java-8-openjdk-amd64/jre/lib/amd64/jli/libjli.so
7f3dfa610000-7f3dfa611000 rw-p 0000e000 ca:01 258359                     /usr/lib/jvm/java-8-openjdk-amd64/jre/lib/amd64/jli/libjli.so
7f3dfa611000-7f3dfa637000 r-xp 00000000 ca:01 10413                      /lib/x86_64-linux-gnu/ld-2.23.so
7f3dfa637000-7f3dfa639000 r--s 00010000 ca:01 258326                     /usr/lib/jvm/java-8-openjdk-amd64/jre/lib/ext/zipfs.jar
7f3dfa639000-7f3dfa63a000 r--s 0000a000 ca:01 258328                     /usr/lib/jvm/java-8-openjdk-amd64/jre/lib/ext/jaccess.jar
7f3dfa63a000-7f3dfa63c000 r--s 00001000 ca:01 258332                     /usr/lib/jvm/java-8-openjdk-amd64/jre/lib/ext/dnsns.jar
7f3dfa63c000-7f3dfa642000 r--s 0003d000 ca:01 258333                     /usr/lib/jvm/java-8-openjdk-amd64/jre/lib/ext/sunjce_provider.jar
7f3dfa642000-7f3dfa64d000 r--s 00116000 ca:01 258329                     /usr/lib/jvm/java-8-openjdk-amd64/jre/lib/ext/localedata.jar
7f3dfa64d000-7f3dfa64f000 r--s 00008000 ca:01 258324                     /usr/lib/jvm/java-8-openjdk-amd64/jre/lib/ext/sunec.jar
7f3dfa64f000-7f3dfa720000 rw-p 00000000 00:00 0 
7f3dfa720000-7f3dfa728000 rw-s 00000000 ca:01 555474                     /tmp/hsperfdata_ubuntu/2085
7f3dfa728000-7f3dfa72b000 ---p 00000000 00:00 0 
7f3dfa72b000-7f3dfa82d000 rw-p 00000000 00:00 0 
7f3dfa82d000-7f3dfa833000 r--s 000d3000 ca:01 258316                     /usr/lib/jvm/java-8-openjdk-amd64/jre/lib/jfr.jar
7f3dfa833000-7f3dfa834000 rw-p 00000000 00:00 0 
7f3dfa834000-7f3dfa835000 ---p 00000000 00:00 0 
7f3dfa835000-7f3dfa836000 rw-p 00000000 00:00 0 
7f3dfa836000-7f3dfa837000 r--p 00025000 ca:01 10413                      /lib/x86_64-linux-gnu/ld-2.23.so
7f3dfa837000-7f3dfa838000 rw-p 00026000 ca:01 10413                      /lib/x86_64-linux-gnu/ld-2.23.so
7f3dfa838000-7f3dfa839000 rw-p 00000000 00:00 0 
7fff77074000-7fff77095000 rw-p 00000000 00:00 0                          [stack]
7fff771eb000-7fff771ed000 r--p 00000000 00:00 0                          [vvar]
7fff771ed000-7fff771ef000 r-xp 00000000 00:00 0                          [vdso]
ffffffffff600000-ffffffffff601000 r-xp 00000000 00:00 0                  [vsyscall]

VM Arguments:
jvm_args: -Xmx1g 
java_command: org.apache.spark.deploy.SparkSubmit --conf spark.app.name=police_data_analysis pyspark-shell
java_class_path (initial): /home/ubuntu/spark-2.1.1-bin-hadoop2.7/conf/:/home/ubuntu/spark-2.1.1-bin-hadoop2.7/jars/libthrift-0.9.3.jar:/home/ubuntu/spark-2.1.1-bin-hadoop2.7/jars/curator-client-2.6.0.jar:/home/ubuntu/spark-2.1.1-bin-hadoop2.7/jars/hk2-api-2.4.0-b34.jar:/home/ubuntu/spark-2.1.1-bin-hadoop2.7/jars/metrics-json-3.1.2.jar:/home/ubuntu/spark-2.1.1-bin-hadoop2.7/jars/metrics-graphite-3.1.2.jar:/home/ubuntu/spark-2.1.1-bin-hadoop2.7/jars/spire_2.11-0.7.4.jar:/home/ubuntu/spark-2.1.1-bin-hadoop2.7/jars/commons-pool-1.5.4.jar:/home/ubuntu/spark-2.1.1-bin-hadoop2.7/jars/netty-all-4.0.42.Final.jar:/home/ubuntu/spark-2.1.1-bin-hadoop2.7/jars/commons-dbcp-1.4.jar:/home/ubuntu/spark-2.1.1-bin-hadoop2.7/jars/xbean-asm5-shaded-4.4.jar:/home/ubuntu/spark-2.1.1-bin-hadoop2.7/jars/xercesImpl-2.9.1.jar:/home/ubuntu/spark-2.1.1-bin-hadoop2.7/jars/hadoop-annotations-2.7.3.jar:/home/ubuntu/spark-2.1.1-bin-hadoop2.7/jars/javassist-3.18.1-GA.jar:/home/ubuntu/spark-2.1.1-bin-hadoop2.7/jars/jersey-container-servlet-2.22.2.jar:/home/ubuntu/spark-2.1.1-bin-hadoop2.7/jars/base64-2.3.8.jar:/home/ubuntu/spark-2.1.1-bin-hadoop2.7/jars/scalap-2.11.8.jar:/home/ubuntu/spark-2.1.1-bin-hadoop2.7/jars/super-csv-2.2.0.jar:/home/ubuntu/spark-2.1.1-bin-hadoop2.7/jars/jul-to-slf4j-1.7.16.jar:/home/ubuntu/spark-2.1.1-bin-hadoop2.7/jars/hadoop-mapreduce-client-shuffle-2.7.3.jar:/home/ubuntu/spark-2.1.1-bin-hadoop2.7/jars/libfb303-0.9.3.jar:/home/ubuntu/spark-2.1.1-bin-hadoop2.7/jars/jdo-api-3.0.1.jar:/home/ubuntu/spark-2.1.1-bin-hadoop2.7/jars/jersey-guava-2.22.2.jar:/home/ubuntu/spark-2.1.1-bin-hadoop2.7/jars/arpack_combined_all-0.1.jar:/home/ubuntu/spark-2.1.1-bin-hadoop2.7/jars/scala-parser-combinators_2.11-1.0.4.jar:/home/ubuntu/spark-2.1.1-bin-hadoop2.7/jars/chill_2.11-0.8.0.jar:/home/ubuntu/spark-2.1.1-bin-hadoop2.7/jars/javax.annotation-api-1.2.jar:/home/ubuntu/spark-2.1.1-bin-hadoop2.7/jars/joda-time-2.9.3.jar:/home/ubuntu/spark-2.1.1-bin-hadoop2.7/jars/antlr-runtime-3.4.jar:/home/u
Launcher Type: SUN_STANDARD

Environment Variables:
PATH=/home/ubuntu/.local/bin:/home/ubuntu/bin:/home/ubuntu/.local/bin:/usr/local/sbin:/usr/local/bin:/usr/sbin:/usr/bin:/sbin:/bin:/usr/games:/usr/local/games:/snap/bin
SHELL=/bin/bash

Signal Handlers:
SIGSEGV: [libjvm.so+0xb1f1b0], sa_mask[0]=11111111011111111101111111111110, sa_flags=SA_RESTART|SA_SIGINFO
SIGBUS: [libjvm.so+0xb1f1b0], sa_mask[0]=11111111011111111101111111111110, sa_flags=SA_RESTART|SA_SIGINFO
SIGFPE: [libjvm.so+0x956cf0], sa_mask[0]=11111111011111111101111111111110, sa_flags=SA_RESTART|SA_SIGINFO
SIGPIPE: [libjvm.so+0x956cf0], sa_mask[0]=11111111011111111101111111111110, sa_flags=SA_RESTART|SA_SIGINFO
SIGXFSZ: [libjvm.so+0x956cf0], sa_mask[0]=11111111011111111101111111111110, sa_flags=SA_RESTART|SA_SIGINFO
SIGILL: [libjvm.so+0x956cf0], sa_mask[0]=11111111011111111101111111111110, sa_flags=SA_RESTART|SA_SIGINFO
SIGUSR1: SIG_DFL, sa_mask[0]=00000000000000000000000000000000, sa_flags=none
SIGUSR2: [libjvm.so+0x956ba0], sa_mask[0]=00000000000000000000000000000000, sa_flags=SA_RESTART|SA_SIGINFO
SIGHUP: [libjvm.so+0x957230], sa_mask[0]=11111111011111111101111111111110, sa_flags=SA_RESTART|SA_SIGINFO
SIGINT: SIG_IGN, sa_mask[0]=00000000000000000000000000000000, sa_flags=none
SIGTERM: [libjvm.so+0x957230], sa_mask[0]=11111111011111111101111111111110, sa_flags=SA_RESTART|SA_SIGINFO
SIGQUIT: [libjvm.so+0x957230], sa_mask[0]=11111111011111111101111111111110, sa_flags=SA_RESTART|SA_SIGINFO


---------------  S Y S T E M  ---------------

OS:DISTRIB_ID=Ubuntu
DISTRIB_RELEASE=16.04
DISTRIB_CODENAME=xenial
DISTRIB_DESCRIPTION="Ubuntu 16.04.4 LTS"

uname:Linux 4.4.0-1128-aws #142-Ubuntu SMP Fri Apr 16 12:42:33 UTC 2021 x86_64
libc:glibc 2.23 NPTL 2.23 
rlimit: STACK 8192k, CORE 0k, NPROC 3901, NOFILE 1048576, AS infinity
load average:1.40 1.33 1.83

/proc/meminfo:
MemTotal:        1014528 kB
MemFree:           71980 kB
MemAvailable:      10824 kB
Buffers:             328 kB
Cached:            13112 kB
SwapCached:            0 kB
Active:           883428 kB
Inactive:           6692 kB
Active(anon):     879432 kB
Inactive(anon):     2720 kB
Active(file):       3996 kB
Inactive(file):     3972 kB
Unevictable:        3652 kB
Mlocked:            3652 kB
SwapTotal:             0 kB
SwapFree:              0 kB
Dirty:               128 kB
Writeback:             0 kB
AnonPages:        880336 kB
Mapped:             9856 kB
Shmem:              3044 kB
Slab:              27980 kB
SReclaimable:      12540 kB
SUnreclaim:        15440 kB
KernelStack:        3520 kB
PageTables:         5680 kB
NFS_Unstable:          0 kB
Bounce:                0 kB
WritebackTmp:          0 kB
CommitLimit:      507264 kB
Committed_AS:    1074728 kB
VmallocTotal:   34359738367 kB
VmallocUsed:           0 kB
VmallocChunk:          0 kB
HardwareCorrupted:     0 kB
AnonHugePages:         0 kB
CmaTotal:              0 kB
CmaFree:               0 kB
HugePages_Total:       0
HugePages_Free:        0
HugePages_Rsvd:        0
HugePages_Surp:        0
Hugepagesize:       2048 kB
DirectMap4k:       36864 kB
DirectMap2M:     1011712 kB

container (cgroup) information:
container_type: cgroupv1
cpu_cpuset_cpus: 0
cpu_memory_nodes: 0
active_processor_count: 1
cpu_quota: -1
cpu_period: 100000
cpu_shares: -1
memory_limit_in_bytes: -1
memory_and_swap_limit_in_bytes: -2
memory_soft_limit_in_bytes: -1
memory_usage_in_bytes: 897081344
memory_max_usage_in_bytes: 909996032


CPU:total 1 (initial active 1) (1 cores per cpu, 1 threads per core) family 6 model 63 stepping 2, cmov, cx8, fxsr, mmx, sse, sse2, sse3, ssse3, sse4.1, sse4.2, popcnt, avx, avx2, aes, clmul, erms, lzcnt, tsc, bmi1, bmi2

/proc/cpuinfo:
processor	: 0
vendor_id	: GenuineIntel
cpu family	: 6
model		: 63
model name	: Intel(R) Xeon(R) CPU E5-2676 v3 @ 2.40GHz
stepping	: 2
microcode	: 0x44
cpu MHz		: 2400.082
cache size	: 30720 KB
physical id	: 0
siblings	: 1
core id		: 0
cpu cores	: 1
apicid		: 0
initial apicid	: 0
fpu		: yes
fpu_exception	: yes
cpuid level	: 13
wp		: yes
flags		: fpu vme de pse tsc msr pae mce cx8 apic sep mtrr pge mca cmov pat pse36 clflush mmx fxsr sse sse2 ht syscall nx rdtscp lm constant_tsc rep_good nopl xtopology pni pclmulqdq ssse3 fma cx16 pcid sse4_1 sse4_2 x2apic movbe popcnt tsc_deadline_timer aes xsave avx f16c rdrand hypervisor lahf_lm abm invpcid_single kaiser fsgsbase bmi1 avx2 smep bmi2 erms invpcid xsaveopt
bugs		: cpu_meltdown spectre_v1 spectre_v2 spec_store_bypass l1tf mds swapgs itlb_multihit
bogomips	: 4800.16
clflush size	: 64
cache_alignment	: 64
address sizes	: 46 bits physical, 48 bits virtual
power management:



Memory: 4k page, physical 1014528k(71744k free), swap 0k(0k free)

vm_info: OpenJDK 64-Bit Server VM (25.292-b10) for linux-amd64 JRE (1.8.0_292-8u292-b10-0ubuntu1~16.04.1-b10), built on Apr 21 2021 12:47:35 by "buildd" with gcc 5.4.0 20160609

time: Sat Jun  5 00:50:44 2021
timezone: UTC
elapsed time: 202.391253 seconds (0d 0h 3m 22s)

