#
# There is insufficient memory for the Java Runtime Environment to continue.
# Native memory allocation (mmap) failed to map 16781312 bytes for committing reserved memory.
# Possible reasons:
#   The system is out of physical RAM or swap space
#   The process is running with CompressedOops enabled, and the Java Heap may be blocking the growth of the native heap
# Possible solutions:
#   Reduce memory load on the system
#   Increase physical memory or swap space
#   Check if swap backing store is full
#   Decrease Java heap size (-Xmx/-Xms)
#   Decrease number of Java threads
#   Decrease Java thread stack sizes (-Xss)
#   Set larger code cache with -XX:ReservedCodeCacheSize=
#   JVM is running with Unscaled Compressed Oops mode in which the Java heap is
#     placed in the first 4GB address space. The Java Heap base address is the
#     maximum limit for the native heap growth. Please use -XX:HeapBaseMinAddress
#     to set the Java Heap base and to place the Java Heap above 4GB virtual address.
# This output file may be truncated or incomplete.
#
#  Out of Memory Error (os_linux.cpp:2798), pid=1858, tid=0x00007f701433b700
#
# JRE version: OpenJDK Runtime Environment (8.0_292-b10) (build 1.8.0_292-8u292-b10-0ubuntu1~16.04.1-b10)
# Java VM: OpenJDK 64-Bit Server VM (25.292-b10 mixed mode linux-amd64 compressed oops)
# Failed to write core dump. Core dumps have been disabled. To enable core dumping, try "ulimit -c unlimited" before starting Java again
#

---------------  T H R E A D  ---------------

Current thread (0x00007f7010076000):  VMThread [stack: 0x00007f701423b000,0x00007f701433c000] [id=1872]

Stack: [0x00007f701423b000,0x00007f701433c000],  sp=0x00007f7014339f10,  free space=1019k
Native frames: (J=compiled Java code, j=interpreted, Vv=VM code, C=native code)
V  [libjvm.so+0xb1e67b]
V  [libjvm.so+0x4e01dc]
V  [libjvm.so+0x95bc48]
V  [libjvm.so+0x953b3e]
V  [libjvm.so+0xb1ad94]
V  [libjvm.so+0x5f3bfd]
V  [libjvm.so+0x5f4b6c]
V  [libjvm.so+0x5e1966]
V  [libjvm.so+0x4e810c]
V  [libjvm.so+0x64516f]
V  [libjvm.so+0xa3aa23]
V  [libjvm.so+0x4e4e32]
V  [libjvm.so+0x5e0070]
V  [libjvm.so+0x4e6a38]
V  [libjvm.so+0x5e1008]
V  [libjvm.so+0x4637bf]
V  [libjvm.so+0xb1f761]
V  [libjvm.so+0xb26067]
V  [libjvm.so+0xb23b43]
V  [libjvm.so+0xb23ee5]
V  [libjvm.so+0xb244b2]
V  [libjvm.so+0x958fe2]

VM_Operation (0x00007f6fe06175a0): GenCollectForAllocation, mode: safepoint, requested by thread 0x00007f6ff01ca000


---------------  P R O C E S S  ---------------

Java Threads: ( => current thread )
  0x00007f6ff2b63800 JavaThread "broadcast-exchange-96" daemon [_thread_blocked, id=2721, stack(0x00007f6fd90ce000,0x00007f6fd91cf000)]
  0x00007f6ff1f1f000 JavaThread "broadcast-exchange-95" daemon [_thread_blocked, id=2720, stack(0x00007f6fda9e1000,0x00007f6fdaae2000)]
  0x00007f6ff092f800 JavaThread "broadcast-exchange-94" daemon [_thread_blocked, id=2719, stack(0x00007f6fdc4f6000,0x00007f6fdc5f7000)]
  0x00007f6fec0ba000 JavaThread "block-manager-slave-async-thread-pool-40" daemon [_thread_blocked, id=2718, stack(0x00007f6fda4de000,0x00007f6fda5df000)]
  0x00007f6ff153f800 JavaThread "broadcast-exchange-93" daemon [_thread_blocked, id=2717, stack(0x00007f6fda3dd000,0x00007f6fda4de000)]
  0x00007f6ff0995000 JavaThread "broadcast-exchange-92" daemon [_thread_blocked, id=2716, stack(0x00007f6fda2dc000,0x00007f6fda3dd000)]
  0x00007f6ff1161000 JavaThread "broadcast-exchange-91" daemon [_thread_blocked, id=2715, stack(0x00007f6fda1db000,0x00007f6fda2dc000)]
  0x00007f6ff306a800 JavaThread "broadcast-exchange-90" daemon [_thread_blocked, id=2714, stack(0x00007f6fdc5f7000,0x00007f6fdc6f8000)]
  0x00007f6ff2df0000 JavaThread "broadcast-exchange-89" daemon [_thread_blocked, id=2713, stack(0x00007f6fdccfc000,0x00007f6fdcdfd000)]
  0x00007f6ff400c000 JavaThread "Executor task launch worker for task 5135" daemon [_thread_blocked, id=2712, stack(0x00007f6fdc1f3000,0x00007f6fdc2f4000)]
  0x00007f6ff1f24000 JavaThread "broadcast-exchange-88" daemon [_thread_blocked, id=2711, stack(0x00007f6fdc0f2000,0x00007f6fdc1f3000)]
  0x00007f6fec0b8800 JavaThread "block-manager-slave-async-thread-pool-39" daemon [_thread_blocked, id=2710, stack(0x00007f6fdbbef000,0x00007f6fdbcf0000)]
  0x00007f6ff1541000 JavaThread "broadcast-exchange-87" daemon [_thread_blocked, id=2709, stack(0x00007f6fdcafa000,0x00007f6fdcbfb000)]
  0x00007f6ffc22b000 JavaThread "Executor task launch worker for task 5137" daemon [_thread_blocked, id=2708, stack(0x00007f6fd95d1000,0x00007f6fd96d2000)]
  0x00007f6ff403a000 JavaThread "Executor task launch worker for task 5057" daemon [_thread_blocked, id=2707, stack(0x00007f6fd9ed8000,0x00007f6fd9fd9000)]
  0x00007f6fec0b7800 JavaThread "block-manager-slave-async-thread-pool-38" daemon [_thread_blocked, id=2706, stack(0x00007f6fd9fd9000,0x00007f6fda0da000)]
  0x00007f6fec0b6800 JavaThread "block-manager-slave-async-thread-pool-37" daemon [_thread_blocked, id=2705, stack(0x00007f6fdcbfb000,0x00007f6fdccfc000)]
  0x00007f6ff4016800 JavaThread "block-manager-slave-async-thread-pool-36" daemon [_thread_blocked, id=2704, stack(0x00007f6fdbaee000,0x00007f6fdbbef000)]
  0x00007f6ffc23d800 JavaThread "block-manager-ask-thread-pool-13" daemon [_thread_blocked, id=2703, stack(0x00007f6fdb7eb000,0x00007f6fdb8ec000)]
  0x00007f6ffc238000 JavaThread "Executor task launch worker for task 4136" daemon [_thread_blocked, id=2702, stack(0x00007f6fde7ff000,0x00007f6fde900000)]
  0x00007f6ff0570000 JavaThread "broadcast-exchange-86" daemon [_thread_blocked, id=2701, stack(0x00007f6fdc9f9000,0x00007f6fdcafa000)]
  0x00007f6fe80de800 JavaThread "SparkUI-JettyScheduler" daemon [_thread_blocked, id=2604, stack(0x00007f6fdbcf0000,0x00007f6fdbdf1000)]
  0x00007f6ff8016000 JavaThread "stderr reader for /usr/bin/python3" daemon [_thread_in_native, id=2014, stack(0x00007f6fdafe5000,0x00007f6fdb0e6000)]
  0x00007f6ff8015000 JavaThread "stdout reader for /usr/bin/python3" daemon [_thread_in_native, id=2013, stack(0x00007f6fdade3000,0x00007f6fdaee4000)]
  0x00007f6ff804b000 JavaThread "process reaper" daemon [_thread_in_native, id=2012, stack(0x00007f6fe2c13000,0x00007f6fe2c4c000)]
  0x00007f6ff804a000 JavaThread "Idle Worker Monitor for /usr/bin/python3" daemon [_thread_blocked, id=2010, stack(0x00007f6fdaee4000,0x00007f6fdafe5000)]
  0x00007f6fe4679800 JavaThread "Thread-18" [_thread_in_native, id=1932, stack(0x00007f6fdc6f8000,0x00007f6fdc7f9000)]
  0x00007f6ffc07e000 JavaThread "task-result-getter-3" daemon [_thread_blocked, id=1926, stack(0x00007f6fdd9fd000,0x00007f6fddafe000)]
  0x00007f6ffc07c000 JavaThread "task-result-getter-2" daemon [_thread_blocked, id=1925, stack(0x00007f6fddafe000,0x00007f6fddbff000)]
  0x00007f6ffc144000 JavaThread "task-result-getter-1" daemon [_thread_blocked, id=1920, stack(0x00007f6fdec03000,0x00007f6fded04000)]
  0x00007f6ff403c800 JavaThread "task-result-getter-0" daemon [_thread_blocked, id=1919, stack(0x00007f6fded04000,0x00007f6fdee05000)]
  0x00007f6ff0ed6000 JavaThread "org.apache.hadoop.fs.FileSystem$Statistics$StatisticsDataReferenceCleaner" daemon [_thread_blocked, id=1917, stack(0x00007f6fdf913000,0x00007f6fdfa14000)]
  0x00007f6ff21a5000 JavaThread "SparkListenerBus" daemon [_thread_blocked, id=1915, stack(0x00007f6fdfe14000,0x00007f6fdff15000)]
  0x00007f6ff21a1000 JavaThread "context-cleaner-periodic-gc" daemon [_thread_blocked, id=1914, stack(0x00007f6fdff15000,0x00007f6fe0016000)]
  0x00007f6ff219f800 JavaThread "Spark Context Cleaner" daemon [_thread_blocked, id=1913, stack(0x00007f6fe0016000,0x00007f6fe0117000)]
  0x00007f6ff064d800 JavaThread "shuffle-server-5-1" daemon [_thread_in_native, id=1912, stack(0x00007f6fe0317000,0x00007f6fe0418000)]
  0x00007f6ff0072000 JavaThread "driver-heartbeater" daemon [_thread_blocked, id=1911, stack(0x00007f6fe0418000,0x00007f6fe0519000)]
  0x00007f6ff01ca000 JavaThread "dag-scheduler-event-loop" daemon [_thread_blocked, id=1910, stack(0x00007f6fe0519000,0x00007f6fe061a000)]
  0x0000557fc3d48800 JavaThread "netty-rpc-env-timeout" daemon [_thread_blocked, id=1909, stack(0x00007f6fe061a000,0x00007f6fe071b000)]
  0x00007f6ff06d3800 JavaThread "Timer-0" daemon [_thread_blocked, id=1908, stack(0x00007f6fe071b000,0x00007f6fe081c000)]
  0x00007f6ffc095000 JavaThread "heartbeat-receiver-event-loop-thread" daemon [_thread_blocked, id=1907, stack(0x00007f6fe081c000,0x00007f6fe091d000)]
  0x00007f6ff0d99000 JavaThread "SparkUI-37" daemon [_thread_blocked, id=1906, stack(0x00007f6fe091d000,0x00007f6fe0a1e000)]
  0x00007f6ff0a70000 JavaThread "SparkUI-36" daemon [_thread_blocked, id=1905, stack(0x00007f6fe0a1e000,0x00007f6fe0b1f000)]
  0x00007f6ff0a6e000 JavaThread "SparkUI-35" daemon [_thread_blocked, id=1904, stack(0x00007f6fe0b1f000,0x00007f6fe0c20000)]
  0x00007f6ff0a6c000 JavaThread "SparkUI-34" daemon [_thread_blocked, id=1903, stack(0x00007f6fe0c20000,0x00007f6fe0d21000)]
  0x00007f6ff0d12800 JavaThread "SparkUI-33" daemon [_thread_blocked, id=1902, stack(0x00007f6fe0d21000,0x00007f6fe0e22000)]
  0x00007f6ff0838800 JavaThread "SparkUI-32" daemon [_thread_blocked, id=1901, stack(0x00007f6fe0e22000,0x00007f6fe0f23000)]
  0x00007f6ff0d9b800 JavaThread "SparkUI-31-acceptor-0@667373f8-Spark@68b49146{HTTP/1.1}{0.0.0.0:4040}" daemon [_thread_in_native, id=1900, stack(0x00007f6fe0f23000,0x00007f6fe1024000)]
  0x00007f6ff0d1b800 JavaThread "SparkUI-30-selector-ServerConnectorManager@742936a/0" daemon [_thread_in_native, id=1899, stack(0x00007f6fe1024000,0x00007f6fe1125000)]
  0x00007f6ff0584800 JavaThread "refresh progress" daemon [_thread_blocked, id=1897, stack(0x00007f6fe1325000,0x00007f6fe1426000)]
  0x00007f6ff0624800 JavaThread "map-output-dispatcher-7" daemon [_thread_blocked, id=1896, stack(0x00007f6fe1626000,0x00007f6fe1727000)]
  0x00007f6ff0622800 JavaThread "map-output-dispatcher-6" daemon [_thread_blocked, id=1895, stack(0x00007f6fe1727000,0x00007f6fe1828000)]
  0x00007f6ff0621000 JavaThread "map-output-dispatcher-5" daemon [_thread_blocked, id=1894, stack(0x00007f6fe1828000,0x00007f6fe1929000)]
  0x00007f6ff0707800 JavaThread "map-output-dispatcher-4" daemon [_thread_blocked, id=1893, stack(0x00007f6fe1929000,0x00007f6fe1a2a000)]
  0x00007f6ff061f800 JavaThread "map-output-dispatcher-3" daemon [_thread_blocked, id=1892, stack(0x00007f6fe1acd000,0x00007f6fe1bce000)]
  0x00007f6ff05ea000 JavaThread "map-output-dispatcher-2" daemon [_thread_blocked, id=1891, stack(0x00007f6fe1bce000,0x00007f6fe1ccf000)]
  0x00007f6ff058b000 JavaThread "map-output-dispatcher-1" daemon [_thread_blocked, id=1890, stack(0x00007f6fe1ccf000,0x00007f6fe1dd0000)]
  0x00007f6ff05e8000 JavaThread "map-output-dispatcher-0" daemon [_thread_blocked, id=1889, stack(0x00007f6fe1dd0000,0x00007f6fe1ed1000)]
  0x00007f6ff0553800 JavaThread "rpc-server-3-1" daemon [_thread_in_native, id=1888, stack(0x00007f6fe1ed1000,0x00007f6fe1fd2000)]
  0x00007f6ff0460000 JavaThread "dispatcher-event-loop-1" daemon [_thread_blocked, id=1887, stack(0x00007f6fe21e5000,0x00007f6fe22e6000)]
  0x00007f6ff045f000 JavaThread "dispatcher-event-loop-0" daemon [_thread_blocked, id=1886, stack(0x00007f6fe2b12000,0x00007f6fe2c13000)]
  0x00007f6fe4345000 JavaThread "Thread-2" [_thread_blocked, id=1882, stack(0x00007f6fe3256000,0x00007f6fe3357000)]
  0x00007f7010e30800 JavaThread "Thread-1" [_thread_in_native, id=1881, stack(0x00007f6fe3357000,0x00007f6fe3458000)]
  0x00007f7010e21000 JavaThread "pool-1-thread-1" [_thread_blocked, id=1880, stack(0x00007f6fe3458000,0x00007f6fe3559000)]
  0x00007f70100bd000 JavaThread "Service Thread" daemon [_thread_blocked, id=1878, stack(0x00007f7000a64000,0x00007f7000b65000)]
  0x00007f70100ba000 JavaThread "C1 CompilerThread1" daemon [_thread_blocked, id=1877, stack(0x00007f7000b65000,0x00007f7000c66000)]
  0x00007f70100b7800 JavaThread "C2 CompilerThread0" daemon [_thread_blocked, id=1876, stack(0x00007f7000c66000,0x00007f7000d67000)]
  0x00007f70100b4800 JavaThread "Signal Dispatcher" daemon [_thread_blocked, id=1875, stack(0x00007f7000d67000,0x00007f7000e68000)]
  0x00007f7010084800 JavaThread "Finalizer" daemon [_thread_blocked, id=1874, stack(0x00007f7014039000,0x00007f701413a000)]
  0x00007f7010080000 JavaThread "Reference Handler" daemon [_thread_blocked, id=1873, stack(0x00007f701413a000,0x00007f701423b000)]
  0x00007f7010011800 JavaThread "main" [_thread_in_native, id=1871, stack(0x00007f7018b0b000,0x00007f7018c0c000)]

Other Threads:
=>0x00007f7010076000 VMThread [stack: 0x00007f701423b000,0x00007f701433c000] [id=1872]
  0x00007f70100c0000 WatcherThread [stack: 0x00007f7000963000,0x00007f7000a64000] [id=1879]

VM state:at safepoint (normal execution)

VM Mutex/Monitor currently owned by a thread:  ([mutex/lock_event])
[0x00007f701000df60] Threads_lock - owner thread: 0x00007f7010076000
[0x00007f701000e460] Heap_lock - owner thread: 0x00007f6ff01ca000

heap address: 0x00000000c0000000, size: 1024 MB, Compressed Oops mode: 32-bit
Narrow klass base: 0x0000000000000000, Narrow klass shift: 3
Compressed class space size: 1073741824 Address: 0x0000000100000000

Heap:
 def new generation   total 112704K, used 99970K [0x00000000c0000000, 0x00000000c7a40000, 0x00000000d5550000)
  eden space 100224K,  96% used [0x00000000c0000000, 0x00000000c5ec8e28, 0x00000000c61e0000)
  from space 12480K,  23% used [0x00000000c6e10000, 0x00000000c70e7bd0, 0x00000000c7a40000)
  to   space 12480K,  16% used [0x00000000c61e0000, 0x00000000c63df3d0, 0x00000000c6e10000)
 tenured generation   total 250312K, used 236477K [0x00000000d5550000, 0x00000000e49c2000, 0x0000000100000000)
   the space 250312K,  94% used [0x00000000d5550000, 0x00000000e3c3f4b8, 0x00000000e3c3f600, 0x00000000e49c2000)
 Metaspace       used 99823K, capacity 103439K, committed 104920K, reserved 1140736K
  class space    used 12768K, capacity 13029K, committed 13312K, reserved 1048576K

Card table byte_map: [0x00007f7014ed9000,0x00007f70150da000] byte_map_base: 0x00007f70148d9000

Polling page: 0x00007f7018c17000

CodeCache: size=245760Kb used=69915Kb max_used=70356Kb free=175845Kb
 bounds [0x00007f7001000000, 0x00007f7005530000, 0x00007f7010000000]
 total_blobs=16970 nmethods=16215 adapters=664
 compilation: enabled

Compilation events (10 events):
Event: 4238.059 Thread 0x00007f70100b7800 25097       4       java.io.ExpiringCache::entryFor (57 bytes)
Event: 4238.090 Thread 0x00007f70100b7800 nmethod 25097 0x00007f7002ad0350 code [0x00007f7002ad0560, 0x00007f7002ad1678]
Event: 4238.354 Thread 0x00007f70100ba000 25098       3       org.codehaus.janino.UnitCompiler$13::visitNullLiteral (9 bytes)
Event: 4238.360 Thread 0x00007f70100b7800 25099       4       org.codehaus.janino.UnitCompiler::generatesCode2 (41 bytes)
Event: 4238.364 Thread 0x00007f70100ba000 nmethod 25098 0x00007f700124a610 code [0x00007f700124a780, 0x00007f700124a990]
Event: 4238.376 Thread 0x00007f70100b7800 nmethod 25099 0x00007f7002ebcf90 code [0x00007f7002ebd120, 0x00007f7002ebd438]
Event: 4238.378 Thread 0x00007f70100ba000 25100       3       org.codehaus.janino.util.ClassFile$ConstantFieldrefInfo::store (23 bytes)
Event: 4238.378 Thread 0x00007f70100ba000 nmethod 25100 0x00007f700227e710 code [0x00007f700227e900, 0x00007f700227f2f8]
Event: 4238.399 Thread 0x00007f70100ba000 25101       3       scala.collection.MapLike$$anon$2::next (16 bytes)
Event: 4238.400 Thread 0x00007f70100ba000 nmethod 25101 0x00007f7002932710 code [0x00007f70029328a0, 0x00007f7002932c70]

GC Heap History (10 events):
Event: 4237.281 GC heap after
Heap after GC invocations=1992 (full 25):
 def new generation   total 112704K, used 3361K [0x00000000c0000000, 0x00000000c7a40000, 0x00000000d5550000)
  eden space 100224K,   0% used [0x00000000c0000000, 0x00000000c0000000, 0x00000000c61e0000)
  from space 12480K,  26% used [0x00000000c6e10000, 0x00000000c7158538, 0x00000000c7a40000)
  to   space 12480K,   0% used [0x00000000c61e0000, 0x00000000c61e0000, 0x00000000c6e10000)
 tenured generation   total 250312K, used 236394K [0x00000000d5550000, 0x00000000e49c2000, 0x0000000100000000)
   the space 250312K,  94% used [0x00000000d5550000, 0x00000000e3c2abb8, 0x00000000e3c2ac00, 0x00000000e49c2000)
 Metaspace       used 99816K, capacity 103427K, committed 104920K, reserved 1140736K
  class space    used 12767K, capacity 13026K, committed 13312K, reserved 1048576K
}
Event: 4237.528 GC heap before
{Heap before GC invocations=1992 (full 25):
 def new generation   total 112704K, used 103406K [0x00000000c0000000, 0x00000000c7a40000, 0x00000000d5550000)
  eden space 100224K,  99% used [0x00000000c0000000, 0x00000000c61b36b0, 0x00000000c61e0000)
  from space 12480K,  26% used [0x00000000c6e10000, 0x00000000c7158538, 0x00000000c7a40000)
  to   space 12480K,   0% used [0x00000000c61e0000, 0x00000000c61e0000, 0x00000000c6e10000)
 tenured generation   total 250312K, used 236394K [0x00000000d5550000, 0x00000000e49c2000, 0x0000000100000000)
   the space 250312K,  94% used [0x00000000d5550000, 0x00000000e3c2abb8, 0x00000000e3c2ac00, 0x00000000e49c2000)
 Metaspace       used 99816K, capacity 103427K, committed 104920K, reserved 1140736K
  class space    used 12767K, capacity 13026K, committed 13312K, reserved 1048576K
Event: 4237.542 GC heap after
Heap after GC invocations=1993 (full 25):
 def new generation   total 112704K, used 3372K [0x00000000c0000000, 0x00000000c7a40000, 0x00000000d5550000)
  eden space 100224K,   0% used [0x00000000c0000000, 0x00000000c0000000, 0x00000000c61e0000)
  from space 12480K,  27% used [0x00000000c61e0000, 0x00000000c652b098, 0x00000000c6e10000)
  to   space 12480K,   0% used [0x00000000c6e10000, 0x00000000c6e10000, 0x00000000c7a40000)
 tenured generation   total 250312K, used 236467K [0x00000000d5550000, 0x00000000e49c2000, 0x0000000100000000)
   the space 250312K,  94% used [0x00000000d5550000, 0x00000000e3c3ce20, 0x00000000e3c3d000, 0x00000000e49c2000)
 Metaspace       used 99816K, capacity 103427K, committed 104920K, reserved 1140736K
  class space    used 12767K, capacity 13026K, committed 13312K, reserved 1048576K
}
Event: 4237.884 GC heap before
{Heap before GC invocations=1993 (full 25):
 def new generation   total 112704K, used 103596K [0x00000000c0000000, 0x00000000c7a40000, 0x00000000d5550000)
  eden space 100224K, 100% used [0x00000000c0000000, 0x00000000c61e0000, 0x00000000c61e0000)
  from space 12480K,  27% used [0x00000000c61e0000, 0x00000000c652b098, 0x00000000c6e10000)
  to   space 12480K,   0% used [0x00000000c6e10000, 0x00000000c6e10000, 0x00000000c7a40000)
 tenured generation   total 250312K, used 236467K [0x00000000d5550000, 0x00000000e49c2000, 0x0000000100000000)
   the space 250312K,  94% used [0x00000000d5550000, 0x00000000e3c3ce20, 0x00000000e3c3d000, 0x00000000e49c2000)
 Metaspace       used 99816K, capacity 103427K, committed 104920K, reserved 1140736K
  class space    used 12767K, capacity 13026K, committed 13312K, reserved 1048576K
Event: 4237.890 GC heap after
Heap after GC invocations=1994 (full 25):
 def new generation   total 112704K, used 3199K [0x00000000c0000000, 0x00000000c7a40000, 0x00000000d5550000)
  eden space 100224K,   0% used [0x00000000c0000000, 0x00000000c0000000, 0x00000000c61e0000)
  from space 12480K,  25% used [0x00000000c6e10000, 0x00000000c712fd48, 0x00000000c7a40000)
  to   space 12480K,   0% used [0x00000000c61e0000, 0x00000000c61e0000, 0x00000000c6e10000)
 tenured generation   total 250312K, used 236467K [0x00000000d5550000, 0x00000000e49c2000, 0x0000000100000000)
   the space 250312K,  94% used [0x00000000d5550000, 0x00000000e3c3cef8, 0x00000000e3c3d000, 0x00000000e49c2000)
 Metaspace       used 99816K, capacity 103427K, committed 104920K, reserved 1140736K
  class space    used 12767K, capacity 13026K, committed 13312K, reserved 1048576K
}
Event: 4238.160 GC heap before
{Heap before GC invocations=1994 (full 25):
 def new generation   total 112704K, used 103423K [0x00000000c0000000, 0x00000000c7a40000, 0x00000000d5550000)
  eden space 100224K, 100% used [0x00000000c0000000, 0x00000000c61e0000, 0x00000000c61e0000)
  from space 12480K,  25% used [0x00000000c6e10000, 0x00000000c712fd48, 0x00000000c7a40000)
  to   space 12480K,   0% used [0x00000000c61e0000, 0x00000000c61e0000, 0x00000000c6e10000)
 tenured generation   total 250312K, used 236467K [0x00000000d5550000, 0x00000000e49c2000, 0x0000000100000000)
   the space 250312K,  94% used [0x00000000d5550000, 0x00000000e3c3cef8, 0x00000000e3c3d000, 0x00000000e49c2000)
 Metaspace       used 99822K, capacity 103433K, committed 104920K, reserved 1140736K
  class space    used 12768K, capacity 13027K, committed 13312K, reserved 1048576K
Event: 4238.172 GC heap after
Heap after GC invocations=1995 (full 25):
 def new generation   total 112704K, used 2913K [0x00000000c0000000, 0x00000000c7a40000, 0x00000000d5550000)
  eden space 100224K,   0% used [0x00000000c0000000, 0x00000000c0000000, 0x00000000c61e0000)
  from space 12480K,  23% used [0x00000000c61e0000, 0x00000000c64b86a0, 0x00000000c6e10000)
  to   space 12480K,   0% used [0x00000000c6e10000, 0x00000000c6e10000, 0x00000000c7a40000)
 tenured generation   total 250312K, used 236467K [0x00000000d5550000, 0x00000000e49c2000, 0x0000000100000000)
   the space 250312K,  94% used [0x00000000d5550000, 0x00000000e3c3cef8, 0x00000000e3c3d000, 0x00000000e49c2000)
 Metaspace       used 99822K, capacity 103433K, committed 104920K, reserved 1140736K
  class space    used 12768K, capacity 13027K, committed 13312K, reserved 1048576K
}
Event: 4238.268 GC heap before
{Heap before GC invocations=1995 (full 25):
 def new generation   total 112704K, used 103137K [0x00000000c0000000, 0x00000000c7a40000, 0x00000000d5550000)
  eden space 100224K, 100% used [0x00000000c0000000, 0x00000000c61e0000, 0x00000000c61e0000)
  from space 12480K,  23% used [0x00000000c61e0000, 0x00000000c64b86a0, 0x00000000c6e10000)
  to   space 12480K,   0% used [0x00000000c6e10000, 0x00000000c6e10000, 0x00000000c7a40000)
 tenured generation   total 250312K, used 236467K [0x00000000d5550000, 0x00000000e49c2000, 0x0000000100000000)
   the space 250312K,  94% used [0x00000000d5550000, 0x00000000e3c3cef8, 0x00000000e3c3d000, 0x00000000e49c2000)
 Metaspace       used 99822K, capacity 103433K, committed 104920K, reserved 1140736K
  class space    used 12768K, capacity 13027K, committed 13312K, reserved 1048576K
Event: 4238.274 GC heap after
Heap after GC invocations=1996 (full 25):
 def new generation   total 112704K, used 2910K [0x00000000c0000000, 0x00000000c7a40000, 0x00000000d5550000)
  eden space 100224K,   0% used [0x00000000c0000000, 0x00000000c0000000, 0x00000000c61e0000)
  from space 12480K,  23% used [0x00000000c6e10000, 0x00000000c70e7bd0, 0x00000000c7a40000)
  to   space 12480K,   0% used [0x00000000c61e0000, 0x00000000c61e0000, 0x00000000c6e10000)
 tenured generation   total 250312K, used 236467K [0x00000000d5550000, 0x00000000e49c2000, 0x0000000100000000)
   the space 250312K,  94% used [0x00000000d5550000, 0x00000000e3c3cef8, 0x00000000e3c3d000, 0x00000000e49c2000)
 Metaspace       used 99822K, capacity 103433K, committed 104920K, reserved 1140736K
  class space    used 12768K, capacity 13027K, committed 13312K, reserved 1048576K
}
Event: 4238.401 GC heap before
{Heap before GC invocations=1996 (full 25):
 def new generation   total 112704K, used 99970K [0x00000000c0000000, 0x00000000c7a40000, 0x00000000d5550000)
  eden space 100224K,  96% used [0x00000000c0000000, 0x00000000c5ec8e28, 0x00000000c61e0000)
  from space 12480K,  23% used [0x00000000c6e10000, 0x00000000c70e7bd0, 0x00000000c7a40000)
  to   space 12480K,   0% used [0x00000000c61e0000, 0x00000000c61e0000, 0x00000000c6e10000)
 tenured generation   total 250312K, used 236467K [0x00000000d5550000, 0x00000000e49c2000, 0x0000000100000000)
   the space 250312K,  94% used [0x00000000d5550000, 0x00000000e3c3cef8, 0x00000000e3c3d000, 0x00000000e49c2000)
 Metaspace       used 99823K, capacity 103439K, committed 104920K, reserved 1140736K
  class space    used 12768K, capacity 13029K, committed 13312K, reserved 1048576K

Deoptimization events (10 events):
Event: 2884.488 Thread 0x00007f6ff0a6e000 Uncommon trap: reason=bimorphic action=maybe_recompile pc=0x00007f70020d6d74 method=java.util.regex.Matcher.match(II)Z @ 86
Event: 2884.488 Thread 0x00007f6ff0a6e000 Uncommon trap: reason=bimorphic action=maybe_recompile pc=0x00007f7001964604 method=java.util.regex.Pattern$Begin.match(Ljava/util/regex/Matcher;ILjava/lang/CharSequence;)Z @ 30
Event: 4217.385 Thread 0x00007f6fe4345000 Uncommon trap: reason=unstable_if action=reinterpret pc=0x00007f70020d00a4 method=java.lang.ref.SoftReference.get()Ljava/lang/Object; @ 6
Event: 4217.468 Thread 0x00007f6fe4345000 Uncommon trap: reason=unstable_if action=reinterpret pc=0x00007f70038525ec method=java.lang.ref.SoftReference.get()Ljava/lang/Object; @ 6
Event: 4217.468 Thread 0x00007f6fe4345000 Uncommon trap: reason=unstable_if action=reinterpret pc=0x00007f70034b0740 method=java.lang.ref.SoftReference.get()Ljava/lang/Object; @ 6
Event: 4217.919 Thread 0x00007f6fe4345000 Uncommon trap: reason=unstable_if action=reinterpret pc=0x00007f70033e7ccc method=java.lang.ref.SoftReference.get()Ljava/lang/Object; @ 6
Event: 4217.921 Thread 0x00007f6fe4345000 Uncommon trap: reason=unstable_if action=reinterpret pc=0x00007f7002d38258 method=java.lang.ref.SoftReference.get()Ljava/lang/Object; @ 6
Event: 4217.978 Thread 0x00007f6fe4345000 Uncommon trap: reason=unstable_if action=reinterpret pc=0x00007f70026d6ac8 method=java.lang.ref.SoftReference.get()Ljava/lang/Object; @ 6
Event: 4217.980 Thread 0x00007f6fe4345000 Uncommon trap: reason=unstable_if action=reinterpret pc=0x00007f70031dd4ec method=java.lang.ref.SoftReference.get()Ljava/lang/Object; @ 6
Event: 4235.660 Thread 0x00007f6ff045f000 Uncommon trap: reason=null_check action=make_not_entrant pc=0x00007f70014db338 method=org.apache.spark.rpc.netty.Inbox.process(Lorg/apache/spark/rpc/netty/Dispatcher;)V @ 140

Classes redefined (0 events):
No events

Internal exceptions (10 events):
Event: 4218.000 Thread 0x00007f6fe4345000 Exception <a 'java/lang/NoSuchMethodError': <clinit>> (0x00000000c5b6aa78) thrown at [/build/openjdk-8-RKFhH1/openjdk-8-8u292-b10/src/hotspot/src/share/vm/prims/jni.cpp, line 1616]
Event: 4218.001 Thread 0x00007f6fe4345000 Exception <a 'java/lang/NoSuchMethodError': <clinit>> (0x00000000c5b90980) thrown at [/build/openjdk-8-RKFhH1/openjdk-8-8u292-b10/src/hotspot/src/share/vm/prims/jni.cpp, line 1616]
Event: 4218.002 Thread 0x00007f6fe4345000 Exception <a 'java/lang/NoSuchMethodError': <clinit>> (0x00000000c5b9e030) thrown at [/build/openjdk-8-RKFhH1/openjdk-8-8u292-b10/src/hotspot/src/share/vm/prims/jni.cpp, line 1616]
Event: 4218.003 Thread 0x00007f6fe4345000 Exception <a 'java/lang/NoSuchMethodError': <clinit>> (0x00000000c5ba92a0) thrown at [/build/openjdk-8-RKFhH1/openjdk-8-8u292-b10/src/hotspot/src/share/vm/prims/jni.cpp, line 1616]
Event: 4218.003 Thread 0x00007f6fe4345000 Exception <a 'java/lang/NoSuchMethodError': <clinit>> (0x00000000c5bb5098) thrown at [/build/openjdk-8-RKFhH1/openjdk-8-8u292-b10/src/hotspot/src/share/vm/prims/jni.cpp, line 1616]
Event: 4218.003 Thread 0x00007f6fe4345000 Exception <a 'java/lang/NoSuchMethodError': <clinit>> (0x00000000c5bc0148) thrown at [/build/openjdk-8-RKFhH1/openjdk-8-8u292-b10/src/hotspot/src/share/vm/prims/jni.cpp, line 1616]
Event: 4218.014 Thread 0x00007f6ff01ca000 Exception <a 'java/lang/NoSuchMethodError': <clinit>> (0x00000000c5d44a38) thrown at [/build/openjdk-8-RKFhH1/openjdk-8-8u292-b10/src/hotspot/src/share/vm/prims/jni.cpp, line 1616]
Event: 4219.039 Thread 0x00007f6ff045f000 Exception <a 'java/lang/NoSuchMethodError': <clinit>> (0x00000000c5cac088) thrown at [/build/openjdk-8-RKFhH1/openjdk-8-8u292-b10/src/hotspot/src/share/vm/prims/jni.cpp, line 1616]
Event: 4219.049 Thread 0x00007f6ff01ca000 Exception <a 'java/lang/NoSuchMethodError': <clinit>> (0x00000000c5cc2738) thrown at [/build/openjdk-8-RKFhH1/openjdk-8-8u292-b10/src/hotspot/src/share/vm/prims/jni.cpp, line 1616]
Event: 4235.659 Thread 0x00007f6ff045f000 Implicit null exception at 0x00007f70014dacb5 to 0x00007f70014db2fc

Events (10 events):
Event: 4238.377 loading class org/apache/spark/sql/catalyst/expressions/System
Event: 4238.377 loading class org/apache/spark/sql/catalyst/expressions/System done
Event: 4238.379 loading class org/apache/spark/sql/catalyst/expressions/GeneratedClass
Event: 4238.379 loading class org/apache/spark/sql/catalyst/expressions/GeneratedClass done
Event: 4238.393 Executing VM operation: RevokeBias
Event: 4238.393 Executing VM operation: RevokeBias done
Event: 4238.400 Thread 0x00007f70100ba000 flushing nmethod 0x00007f7001115810
Event: 4238.400 Thread 0x00007f70100ba000 flushing nmethod 0x00007f7001115b50
Event: 4238.400 Thread 0x00007f70100ba000 flushing nmethod 0x00007f700123e010
Event: 4238.401 Executing VM operation: GenCollectForAllocation


Dynamic libraries:
c0000000-c7a40000 rw-p 00000000 00:00 0 
c7a40000-d5550000 ---p 00000000 00:00 0 
d5550000-e49c2000 rw-p 00000000 00:00 0 
e59c3000-100000000 ---p 00000000 00:00 0 
100000000-100d00000 rw-p 00000000 00:00 0 
100d00000-140000000 ---p 00000000 00:00 0 
557fc3503000-557fc3504000 r-xp 00000000 ca:01 258406                     /usr/lib/jvm/java-8-openjdk-amd64/jre/bin/java
557fc3703000-557fc3704000 r--p 00000000 ca:01 258406                     /usr/lib/jvm/java-8-openjdk-amd64/jre/bin/java
557fc3704000-557fc3705000 rw-p 00001000 ca:01 258406                     /usr/lib/jvm/java-8-openjdk-amd64/jre/bin/java
557fc3d21000-557fc3db5000 rw-p 00000000 00:00 0                          [heap]
7f6fd4000000-7f6fd4ea9000 rw-p 00000000 00:00 0 
7f6fd4ea9000-7f6fd8000000 ---p 00000000 00:00 0 
7f6fd82ce000-7f6fd84ce000 rw-p 00000000 00:00 0 
7f6fd84ce000-7f6fd86ce000 rw-p 00000000 00:00 0 
7f6fd86ce000-7f6fd88ce000 rw-p 00000000 00:00 0 
7f6fd88ce000-7f6fd8ace000 rw-p 00000000 00:00 0 
7f6fd8ace000-7f6fd8cce000 rw-p 00000000 00:00 0 
7f6fd8cce000-7f6fd8ece000 rw-p 00000000 00:00 0 
7f6fd8ece000-7f6fd90ce000 rw-p 00000000 00:00 0 
7f6fd90ce000-7f6fd90d1000 ---p 00000000 00:00 0 
7f6fd90d1000-7f6fd91cf000 rw-p 00000000 00:00 0 
7f6fd92d0000-7f6fd94d0000 rw-p 00000000 00:00 0 
7f6fd94d0000-7f6fd94d3000 ---p 00000000 00:00 0 
7f6fd94d3000-7f6fd95d1000 rw-p 00000000 00:00 0 
7f6fd95d1000-7f6fd95d4000 ---p 00000000 00:00 0 
7f6fd95d4000-7f6fd96d2000 rw-p 00000000 00:00 0 
7f6fd96d2000-7f6fd96d5000 ---p 00000000 00:00 0 
7f6fd96d5000-7f6fd97d3000 rw-p 00000000 00:00 0 
7f6fd97d3000-7f6fd97d6000 ---p 00000000 00:00 0 
7f6fd97d6000-7f6fd98d4000 rw-p 00000000 00:00 0 
7f6fd98d4000-7f6fd98d7000 ---p 00000000 00:00 0 
7f6fd98d7000-7f6fd99d5000 rw-p 00000000 00:00 0 
7f6fd9ad8000-7f6fd9c58000 rw-p 00000000 00:00 0 
7f6fd9c58000-7f6fd9cd8000 ---p 00000000 00:00 0 
7f6fd9cd8000-7f6fd9ed8000 rw-p 00000000 00:00 0 
7f6fd9ed8000-7f6fd9edb000 ---p 00000000 00:00 0 
7f6fd9edb000-7f6fd9fd9000 rw-p 00000000 00:00 0 
7f6fd9fd9000-7f6fd9fdc000 ---p 00000000 00:00 0 
7f6fd9fdc000-7f6fda0da000 rw-p 00000000 00:00 0 
7f6fda1db000-7f6fda1de000 ---p 00000000 00:00 0 
7f6fda1de000-7f6fda2dc000 rw-p 00000000 00:00 0 
7f6fda2dc000-7f6fda2df000 ---p 00000000 00:00 0 
7f6fda2df000-7f6fda3dd000 rw-p 00000000 00:00 0 
7f6fda3dd000-7f6fda3e0000 ---p 00000000 00:00 0 
7f6fda3e0000-7f6fda4de000 rw-p 00000000 00:00 0 
7f6fda4de000-7f6fda4e1000 ---p 00000000 00:00 0 
7f6fda4e1000-7f6fda5df000 rw-p 00000000 00:00 0 
7f6fda6e0000-7f6fda8e0000 rw-p 00000000 00:00 0 
7f6fda9e1000-7f6fda9e4000 ---p 00000000 00:00 0 
7f6fda9e4000-7f6fdace2000 rw-p 00000000 00:00 0 
7f6fdade3000-7f6fdade6000 ---p 00000000 00:00 0 
7f6fdade6000-7f6fdaee4000 rw-p 00000000 00:00 0 
7f6fdaee4000-7f6fdaee7000 ---p 00000000 00:00 0 
7f6fdaee7000-7f6fdafe5000 rw-p 00000000 00:00 0 
7f6fdafe5000-7f6fdafe8000 ---p 00000000 00:00 0 
7f6fdafe8000-7f6fdb0e6000 rw-p 00000000 00:00 0 
7f6fdb0e6000-7f6fdb0e9000 ---p 00000000 00:00 0 
7f6fdb0e9000-7f6fdb1e7000 rw-p 00000000 00:00 0 
7f6fdb1e7000-7f6fdb1ea000 ---p 00000000 00:00 0 
7f6fdb1ea000-7f6fdb4e8000 rw-p 00000000 00:00 0 
7f6fdb4e8000-7f6fdb4eb000 ---p 00000000 00:00 0 
7f6fdb4eb000-7f6fdb5e9000 rw-p 00000000 00:00 0 
7f6fdb5e9000-7f6fdb5ec000 ---p 00000000 00:00 0 
7f6fdb5ec000-7f6fdb6ea000 rw-p 00000000 00:00 0 
7f6fdb6ea000-7f6fdb6ed000 ---p 00000000 00:00 0 
7f6fdb6ed000-7f6fdb7eb000 rw-p 00000000 00:00 0 
7f6fdb7eb000-7f6fdb7ee000 ---p 00000000 00:00 0 
7f6fdb7ee000-7f6fdb8ec000 rw-p 00000000 00:00 0 
7f6fdb8ec000-7f6fdb8ef000 ---p 00000000 00:00 0 
7f6fdb8ef000-7f6fdb9ed000 rw-p 00000000 00:00 0 
7f6fdb9ed000-7f6fdb9f0000 ---p 00000000 00:00 0 
7f6fdb9f0000-7f6fdbaee000 rw-p 00000000 00:00 0 
7f6fdbaee000-7f6fdbaf1000 ---p 00000000 00:00 0 
7f6fdbaf1000-7f6fdbbef000 rw-p 00000000 00:00 0 
7f6fdbbef000-7f6fdbbf2000 ---p 00000000 00:00 0 
7f6fdbbf2000-7f6fdbcf0000 rw-p 00000000 00:00 0 
7f6fdbcf0000-7f6fdbcf3000 ---p 00000000 00:00 0 
7f6fdbcf3000-7f6fdbff1000 rw-p 00000000 00:00 0 
7f6fdbff1000-7f6fdbff4000 ---p 00000000 00:00 0 
7f6fdbff4000-7f6fdc0f2000 rw-p 00000000 00:00 0 
7f6fdc0f2000-7f6fdc0f5000 ---p 00000000 00:00 0 
7f6fdc0f5000-7f6fdc1f3000 rw-p 00000000 00:00 0 
7f6fdc1f3000-7f6fdc1f6000 ---p 00000000 00:00 0 
7f6fdc1f6000-7f6fdc2f4000 rw-p 00000000 00:00 0 
7f6fdc2f4000-7f6fdc2f7000 ---p 00000000 00:00 0 
7f6fdc2f7000-7f6fdc3f5000 rw-p 00000000 00:00 0 
7f6fdc3f5000-7f6fdc3f8000 ---p 00000000 00:00 0 
7f6fdc3f8000-7f6fdc4f6000 rw-p 00000000 00:00 0 
7f6fdc4f6000-7f6fdc4f9000 ---p 00000000 00:00 0 
7f6fdc4f9000-7f6fdc5f7000 rw-p 00000000 00:00 0 
7f6fdc5f7000-7f6fdc5fa000 ---p 00000000 00:00 0 
7f6fdc5fa000-7f6fdc6f8000 rw-p 00000000 00:00 0 
7f6fdc6f8000-7f6fdc6fb000 ---p 00000000 00:00 0 
7f6fdc6fb000-7f6fdc9f9000 rw-p 00000000 00:00 0 
7f6fdc9f9000-7f6fdc9fc000 ---p 00000000 00:00 0 
7f6fdc9fc000-7f6fdcafa000 rw-p 00000000 00:00 0 
7f6fdcafa000-7f6fdcafd000 ---p 00000000 00:00 0 
7f6fdcafd000-7f6fdcbfb000 rw-p 00000000 00:00 0 
7f6fdcbfb000-7f6fdcbfe000 ---p 00000000 00:00 0 
7f6fdcbfe000-7f6fdccfc000 rw-p 00000000 00:00 0 
7f6fdccfc000-7f6fdccff000 ---p 00000000 00:00 0 
7f6fdccff000-7f6fdcffd000 rw-p 00000000 00:00 0 
7f6fdcffd000-7f6fdd1fd000 rw-p 00000000 00:00 0 
7f6fdd1fd000-7f6fdd3fd000 rw-p 00000000 00:00 0 
7f6fdd3fd000-7f6fdd5fd000 rw-p 00000000 00:00 0 
7f6fdd5fd000-7f6fdd7fd000 rw-p 00000000 00:00 0 
7f6fdd7fd000-7f6fdd9fd000 rw-p 00000000 00:00 0 
7f6fdd9fd000-7f6fdda00000 ---p 00000000 00:00 0 
7f6fdda00000-7f6fddafe000 rw-p 00000000 00:00 0 
7f6fddafe000-7f6fddb01000 ---p 00000000 00:00 0 
7f6fddb01000-7f6fdddff000 rw-p 00000000 00:00 0 
7f6fdddff000-7f6fddfff000 rw-p 00000000 00:00 0 
7f6fddfff000-7f6fde1ff000 rw-p 00000000 00:00 0 
7f6fde1ff000-7f6fde3ff000 rw-p 00000000 00:00 0 
7f6fde3ff000-7f6fde5ff000 rw-p 00000000 00:00 0 
7f6fde5ff000-7f6fde7ff000 rw-p 00000000 00:00 0 
7f6fde7ff000-7f6fde802000 ---p 00000000 00:00 0 
7f6fde802000-7f6fde900000 rw-p 00000000 00:00 0 
7f6fde900000-7f6fde903000 ---p 00000000 00:00 0 
7f6fde903000-7f6fdea01000 rw-p 00000000 00:00 0 
7f6fdeb02000-7f6fdeb05000 ---p 00000000 00:00 0 
7f6fdeb05000-7f6fdec03000 rw-p 00000000 00:00 0 
7f6fdec03000-7f6fdec06000 ---p 00000000 00:00 0 
7f6fdec06000-7f6fded04000 rw-p 00000000 00:00 0 
7f6fded04000-7f6fded07000 ---p 00000000 00:00 0 
7f6fded07000-7f6fdf005000 rw-p 00000000 00:00 0 
7f6fdf005000-7f6fdf008000 ---p 00000000 00:00 0 
7f6fdf008000-7f6fdf306000 rw-p 00000000 00:00 0 
7f6fdf306000-7f6fdf313000 r-xp 00000000 ca:01 1106                       /tmp/liblz4-java1045103895108655659.so
7f6fdf313000-7f6fdf512000 ---p 0000d000 ca:01 1106                       /tmp/liblz4-java1045103895108655659.so
7f6fdf512000-7f6fdf513000 rw-p 0000c000 ca:01 1106                       /tmp/liblz4-java1045103895108655659.so
7f6fdf513000-7f6fdf713000 rw-p 00000000 00:00 0 
7f6fdf713000-7f6fdf909000 rw-p 00000000 00:00 0 
7f6fdf909000-7f6fdf913000 ---p 00000000 00:00 0 
7f6fdf913000-7f6fdf916000 ---p 00000000 00:00 0 
7f6fdf916000-7f6fdfc14000 rw-p 00000000 00:00 0 
7f6fdfc14000-7f6fdfe14000 rw-p 00000000 00:00 0 
7f6fdfe14000-7f6fdfe17000 ---p 00000000 00:00 0 
7f6fdfe17000-7f6fdff15000 rw-p 00000000 00:00 0 
7f6fdff15000-7f6fdff18000 ---p 00000000 00:00 0 
7f6fdff18000-7f6fe0016000 rw-p 00000000 00:00 0 
7f6fe0016000-7f6fe0019000 ---p 00000000 00:00 0 
7f6fe0019000-7f6fe0317000 rw-p 00000000 00:00 0 
7f6fe0317000-7f6fe031a000 ---p 00000000 00:00 0 
7f6fe031a000-7f6fe0418000 rw-p 00000000 00:00 0 
7f6fe0418000-7f6fe041b000 ---p 00000000 00:00 0 
7f6fe041b000-7f6fe0519000 rw-p 00000000 00:00 0 
7f6fe0519000-7f6fe051c000 ---p 00000000 00:00 0 
7f6fe051c000-7f6fe061a000 rw-p 00000000 00:00 0 
7f6fe061a000-7f6fe061d000 ---p 00000000 00:00 0 
7f6fe061d000-7f6fe071b000 rw-p 00000000 00:00 0 
7f6fe071b000-7f6fe071e000 ---p 00000000 00:00 0 
7f6fe071e000-7f6fe081c000 rw-p 00000000 00:00 0 
7f6fe081c000-7f6fe081f000 ---p 00000000 00:00 0 
7f6fe081f000-7f6fe091d000 rw-p 00000000 00:00 0 
7f6fe091d000-7f6fe0920000 ---p 00000000 00:00 0 
7f6fe0920000-7f6fe0a1e000 rw-p 00000000 00:00 0 
7f6fe0a1e000-7f6fe0a21000 ---p 00000000 00:00 0 
7f6fe0a21000-7f6fe0b1f000 rw-p 00000000 00:00 0 
7f6fe0b1f000-7f6fe0b22000 ---p 00000000 00:00 0 
7f6fe0b22000-7f6fe0c20000 rw-p 00000000 00:00 0 
7f6fe0c20000-7f6fe0c23000 ---p 00000000 00:00 0 
7f6fe0c23000-7f6fe0d21000 rw-p 00000000 00:00 0 
7f6fe0d21000-7f6fe0d24000 ---p 00000000 00:00 0 
7f6fe0d24000-7f6fe0e22000 rw-p 00000000 00:00 0 
7f6fe0e22000-7f6fe0e25000 ---p 00000000 00:00 0 
7f6fe0e25000-7f6fe0f23000 rw-p 00000000 00:00 0 
7f6fe0f23000-7f6fe0f26000 ---p 00000000 00:00 0 
7f6fe0f26000-7f6fe1024000 rw-p 00000000 00:00 0 
7f6fe1024000-7f6fe1027000 ---p 00000000 00:00 0 
7f6fe1027000-7f6fe1325000 rw-p 00000000 00:00 0 
7f6fe1325000-7f6fe1328000 ---p 00000000 00:00 0 
7f6fe1328000-7f6fe1626000 rw-p 00000000 00:00 0 
7f6fe1626000-7f6fe1629000 ---p 00000000 00:00 0 
7f6fe1629000-7f6fe1727000 rw-p 00000000 00:00 0 
7f6fe1727000-7f6fe172a000 ---p 00000000 00:00 0 
7f6fe172a000-7f6fe1828000 rw-p 00000000 00:00 0 
7f6fe1828000-7f6fe182b000 ---p 00000000 00:00 0 
7f6fe182b000-7f6fe1929000 rw-p 00000000 00:00 0 
7f6fe1929000-7f6fe192c000 ---p 00000000 00:00 0 
7f6fe192c000-7f6fe1a2a000 rw-p 00000000 00:00 0 
7f6fe1abc000-7f6fe1acd000 r--s 001bf000 ca:01 258306                     /usr/lib/jvm/java-8-openjdk-amd64/jre/lib/jsse.jar
7f6fe1acd000-7f6fe1ad0000 ---p 00000000 00:00 0 
7f6fe1ad0000-7f6fe1bce000 rw-p 00000000 00:00 0 
7f6fe1bce000-7f6fe1bd1000 ---p 00000000 00:00 0 
7f6fe1bd1000-7f6fe1ccf000 rw-p 00000000 00:00 0 
7f6fe1ccf000-7f6fe1cd2000 ---p 00000000 00:00 0 
7f6fe1cd2000-7f6fe1dd0000 rw-p 00000000 00:00 0 
7f6fe1dd0000-7f6fe1dd3000 ---p 00000000 00:00 0 
7f6fe1dd3000-7f6fe1ed1000 rw-p 00000000 00:00 0 
7f6fe1ed1000-7f6fe1ed4000 ---p 00000000 00:00 0 
7f6fe1ed4000-7f6fe21d2000 rw-p 00000000 00:00 0 
7f6fe21d2000-7f6fe21e5000 r--s 0034b000 ca:01 258375                     /usr/lib/jvm/java-8-openjdk-amd64/jre/lib/resources.jar
7f6fe21e5000-7f6fe21e8000 ---p 00000000 00:00 0 
7f6fe21e8000-7f6fe24e6000 rw-p 00000000 00:00 0 
7f6fe24e6000-7f6fe24fd000 r-xp 00000000 ca:01 10418                      /lib/x86_64-linux-gnu/libresolv-2.23.so
7f6fe24fd000-7f6fe26fd000 ---p 00017000 ca:01 10418                      /lib/x86_64-linux-gnu/libresolv-2.23.so
7f6fe26fd000-7f6fe26fe000 r--p 00017000 ca:01 10418                      /lib/x86_64-linux-gnu/libresolv-2.23.so
7f6fe26fe000-7f6fe26ff000 rw-p 00018000 ca:01 10418                      /lib/x86_64-linux-gnu/libresolv-2.23.so
7f6fe26ff000-7f6fe2701000 rw-p 00000000 00:00 0 
7f6fe2701000-7f6fe2706000 r-xp 00000000 ca:01 10403                      /lib/x86_64-linux-gnu/libnss_dns-2.23.so
7f6fe2706000-7f6fe2906000 ---p 00005000 ca:01 10403                      /lib/x86_64-linux-gnu/libnss_dns-2.23.so
7f6fe2906000-7f6fe2907000 r--p 00005000 ca:01 10403                      /lib/x86_64-linux-gnu/libnss_dns-2.23.so
7f6fe2907000-7f6fe2908000 rw-p 00006000 ca:01 10403                      /lib/x86_64-linux-gnu/libnss_dns-2.23.so
7f6fe290e000-7f6fe2910000 r--s 00016000 ca:01 258298                     /usr/lib/jvm/java-8-openjdk-amd64/jre/lib/jce.jar
7f6fe2910000-7f6fe2911000 r-xp 00000000 ca:01 258364                     /usr/lib/jvm/java-8-openjdk-amd64/jre/lib/amd64/libjaas_unix.so
7f6fe2911000-7f6fe2b10000 ---p 00001000 ca:01 258364                     /usr/lib/jvm/java-8-openjdk-amd64/jre/lib/amd64/libjaas_unix.so
7f6fe2b10000-7f6fe2b11000 r--p 00000000 ca:01 258364                     /usr/lib/jvm/java-8-openjdk-amd64/jre/lib/amd64/libjaas_unix.so
7f6fe2b11000-7f6fe2b12000 rw-p 00001000 ca:01 258364                     /usr/lib/jvm/java-8-openjdk-amd64/jre/lib/amd64/libjaas_unix.so
7f6fe2b12000-7f6fe2b15000 ---p 00000000 00:00 0 
7f6fe2b15000-7f6fe2c13000 rw-p 00000000 00:00 0 
7f6fe2c13000-7f6fe2c16000 ---p 00000000 00:00 0 
7f6fe2c16000-7f6fe2e4c000 rw-p 00000000 00:00 0 
7f6fe2e4c000-7f6fe2e55000 r-xp 00000000 ca:01 258340                     /usr/lib/jvm/java-8-openjdk-amd64/jre/lib/amd64/libmanagement.so
7f6fe2e55000-7f6fe3054000 ---p 00009000 ca:01 258340                     /usr/lib/jvm/java-8-openjdk-amd64/jre/lib/amd64/libmanagement.so
7f6fe3054000-7f6fe3055000 r--p 00008000 ca:01 258340                     /usr/lib/jvm/java-8-openjdk-amd64/jre/lib/amd64/libmanagement.so
7f6fe3055000-7f6fe3056000 rw-p 00009000 ca:01 258340                     /usr/lib/jvm/java-8-openjdk-amd64/jre/lib/amd64/libmanagement.so
7f6fe3056000-7f6fe3256000 rw-p 00000000 00:00 0 
7f6fe3256000-7f6fe3259000 ---p 00000000 00:00 0 
7f6fe3259000-7f6fe3357000 rw-p 00000000 00:00 0 
7f6fe3357000-7f6fe335a000 ---p 00000000 00:00 0 
7f6fe335a000-7f6fe3458000 rw-p 00000000 00:00 0 
7f6fe3458000-7f6fe345b000 ---p 00000000 00:00 0 
7f6fe345b000-7f6fe3759000 rw-p 00000000 00:00 0 
7f6fe3759000-7f6fe375c000 r--s 00015000 ca:01 261533                     /home/ubuntu/spark-2.1.1-bin-hadoop2.7/jars/javax.servlet-api-3.1.0.jar
7f6fe375c000-7f6fe3788000 r--s 001c9000 ca:01 261798                     /home/ubuntu/spark-2.1.1-bin-hadoop2.7/jars/shapeless_2.11-2.0.0.jar
7f6fe3788000-7f6fe3793000 r--s 000b0000 ca:01 261731                     /home/ubuntu/spark-2.1.1-bin-hadoop2.7/jars/jtransforms-2.4.0.jar
7f6fe3793000-7f6fe3799000 r--s 00043000 ca:01 261858                     /home/ubuntu/spark-2.1.1-bin-hadoop2.7/jars/commons-configuration-1.6.jar
7f6fe3799000-7f6fe379d000 r--s 00019000 ca:01 261784                     /home/ubuntu/spark-2.1.1-bin-hadoop2.7/jars/javax.ws.rs-api-2.0.1.jar
7f6fe379d000-7f6fe379f000 r--s 00009000 ca:01 261839                     /home/ubuntu/spark-2.1.1-bin-hadoop2.7/jars/commons-cli-1.2.jar
7f6fe379f000-7f6fe37a9000 r--s 00095000 ca:01 261728                     /home/ubuntu/spark-2.1.1-bin-hadoop2.7/jars/scala-xml_2.11-1.0.2.jar
7f6fe37a9000-7f6fe37ae000 r--s 00031000 ca:01 261744                     /home/ubuntu/spark-2.1.1-bin-hadoop2.7/jars/parquet-hadoop-1.8.1.jar
7f6fe37ae000-7f6fe37b2000 r--s 00020000 ca:01 261720                     /home/ubuntu/spark-2.1.1-bin-hadoop2.7/jars/commons-digester-1.8.jar
7f6fe37b2000-7f6fe37b4000 r--s 00027000 ca:01 261790                     /home/ubuntu/spark-2.1.1-bin-hadoop2.7/jars/core-1.1.2.jar
7f6fe37b4000-7f6fe37cb000 r--s 00183000 ca:01 261753                     /home/ubuntu/spark-2.1.1-bin-hadoop2.7/jars/hadoop-yarn-common-2.7.3.jar
7f6fe37cb000-7f6fe37cc000 r--s 00004000 ca:01 261711                     /home/ubuntu/spark-2.1.1-bin-hadoop2.7/jars/eigenbase-properties-1.1.5.jar
7f6fe37cc000-7f6fe37d2000 r--s 00044000 ca:01 261763                     /home/ubuntu/spark-2.1.1-bin-hadoop2.7/jars/antlr4-runtime-4.5.3.jar
7f6fe37d2000-7f6fe37d4000 r--s 0000b000 ca:01 261840                     /home/ubuntu/spark-2.1.1-bin-hadoop2.7/jars/chill-java-0.8.0.jar
7f6fe37d4000-7f6fe37de000 r--s 00086000 ca:01 261718                     /home/ubuntu/spark-2.1.1-bin-hadoop2.7/jars/json4s-core_2.11-3.2.11.jar
7f6fe37de000-7f6fe37e0000 r--s 0000f000 ca:01 261566                     /home/ubuntu/spark-2.1.1-bin-hadoop2.7/jars/activation-1.1.1.jar
7f6fe37e0000-7f6fe37e4000 r--s 00031000 ca:01 261583                     /home/ubuntu/spark-2.1.1-bin-hadoop2.7/jars/jline-2.12.1.jar
7f6fe37e4000-7f6fe37ea000 r--s 00028000 ca:01 261745                     /home/ubuntu/spark-2.1.1-bin-hadoop2.7/jars/curator-framework-2.6.0.jar
7f6fe37ea000-7f6fe37f7000 r--s 000b1000 ca:01 261545                     /home/ubuntu/spark-2.1.1-bin-hadoop2.7/jars/hadoop-mapreduce-client-common-2.7.3.jar
7f6fe37f7000-7f6fe37f9000 r--s 00009000 ca:01 261758                     /home/ubuntu/spark-2.1.1-bin-hadoop2.7/jars/jackson-module-paranamer-2.6.5.jar
7f6fe37f9000-7f6fe37fa000 r--s 00009000 ca:01 261845                     /home/ubuntu/spark-2.1.1-bin-hadoop2.7/jars/slf4j-api-1.7.16.jar
7f6fe37fa000-7f6fe37fb000 r--s 00004000 ca:01 261710                     /home/ubuntu/spark-2.1.1-bin-hadoop2.7/jars/jackson-jaxrs-1.9.13.jar
7f6fe37fb000-7f6fe37fd000 r--s 00012000 ca:01 261803                     /home/ubuntu/spark-2.1.1-bin-hadoop2.7/jars/api-util-1.0.0-M20.jar
7f6fe37fd000-7f6fe3805000 r--s 00066000 ca:01 261732                     /home/ubuntu/spark-2.1.1-bin-hadoop2.7/jars/apache-log4j-extras-1.2.17.jar
7f6fe3805000-7f6fe3807000 r--s 00004000 ca:01 261587                     /home/ubuntu/spark-2.1.1-bin-hadoop2.7/jars/stax-api-1.0-2.jar
7f6fe3807000-7f6fe3815000 r--s 00078000 ca:01 261756                     /home/ubuntu/spark-2.1.1-bin-hadoop2.7/jars/spark-mesos_2.11-2.1.1.jar
7f6fe3815000-7f6fe3843000 r--s 00212000 ca:01 261712                     /home/ubuntu/spark-2.1.1-bin-hadoop2.7/jars/spark-network-common_2.11-2.1.1.jar
7f6fe3843000-7f6fe384b000 r--s 0006e000 ca:01 261765                     /home/ubuntu/spark-2.1.1-bin-hadoop2.7/jars/commons-lang3-3.5.jar
7f6fe384b000-7f6fe384c000 r--s 00009000 ca:01 261830                     /home/ubuntu/spark-2.1.1-bin-hadoop2.7/jars/hive-cli-1.2.1.spark2.jar
7f6fe384c000-7f6fe3862000 r--s 001a4000 ca:01 261613                     /home/ubuntu/spark-2.1.1-bin-hadoop2.7/jars/datanucleus-rdbms-3.2.9.jar
7f6fe3862000-7f6fe3873000 r--s 0010d000 ca:01 261714                     /home/ubuntu/spark-2.1.1-bin-hadoop2.7/jars/jackson-databind-2.6.5.jar
7f6fe3873000-7f6fe3875000 r--s 0000a000 ca:01 261612                     /home/ubuntu/spark-2.1.1-bin-hadoop2.7/jars/spark-unsafe_2.11-2.1.1.jar
7f6fe3875000-7f6fe3899000 r--s 001cd000 ca:01 261855                     /home/ubuntu/spark-2.1.1-bin-hadoop2.7/jars/commons-math3-3.4.1.jar
7f6fe3899000-7f6fe389d000 r--s 0002a000 ca:01 261747                     /home/ubuntu/spark-2.1.1-bin-hadoop2.7/jars/commons-io-2.4.jar
7f6fe389d000-7f6fe38a5000 r--s 00059000 ca:01 261611                     /home/ubuntu/spark-2.1.1-bin-hadoop2.7/jars/javolution-5.5.1.jar
7f6fe38a5000-7f6fe38a6000 r--s 00003000 ca:01 261568                     /home/ubuntu/spark-2.1.1-bin-hadoop2.7/jars/jta-1.1.jar
7f6fe38a6000-7f6fe38a9000 r--s 00009000 ca:01 261751                     /home/ubuntu/spark-2.1.1-bin-hadoop2.7/jars/jackson-annotations-2.6.5.jar
7f6fe38a9000-7f6fe391d000 r--s 00574000 ca:01 261739                     /home/ubuntu/spark-2.1.1-bin-hadoop2.7/jars/spark-mllib_2.11-2.1.1.jar
7f6fe391d000-7f6fe3938000 r--s 001d8000 ca:01 261572                     /home/ubuntu/spark-2.1.1-bin-hadoop2.7/jars/jets3t-0.9.3.jar
7f6fe3938000-7f6fe39c3000 r--s 0069e000 ca:01 261713                     /home/ubuntu/spark-2.1.1-bin-hadoop2.7/jars/spark-catalyst_2.11-2.1.1.jar
7f6fe39c3000-7f6fe39c8000 r--s 0002a000 ca:01 261576                     /home/ubuntu/spark-2.1.1-bin-hadoop2.7/jars/commons-beanutils-1.7.0.jar
7f6fe39c8000-7f6fe39ca000 r--s 00006000 ca:01 261588                     /home/ubuntu/spark-2.1.1-bin-hadoop2.7/jars/paranamer-2.3.jar
7f6fe39ca000-7f6fe39ce000 r--s 0002c000 ca:01 261748                     /home/ubuntu/spark-2.1.1-bin-hadoop2.7/jars/avro-ipc-1.7.7.jar
7f6fe39ce000-7f6fe39cf000 r--s 00003000 ca:01 261594                     /home/ubuntu/spark-2.1.1-bin-hadoop2.7/jars/xmlenc-0.52.jar
7f6fe39cf000-7f6fe39ec000 r--s 001d5000 ca:01 261860                     /home/ubuntu/spark-2.1.1-bin-hadoop2.7/jars/hadoop-yarn-api-2.7.3.jar
7f6fe39ec000-7f6fe39f0000 r--s 00014000 ca:01 261856                     /home/ubuntu/spark-2.1.1-bin-hadoop2.7/jars/xz-1.0.jar
7f6fe39f0000-7f6fe39f3000 r--s 000fd000 ca:01 261604                     /home/ubuntu/spark-2.1.1-bin-hadoop2.7/jars/leveldbjni-all-1.8.jar
7f6fe39f3000-7f6fe39f9000 r--s 00063000 ca:01 261849                     /home/ubuntu/spark-2.1.1-bin-hadoop2.7/jars/jodd-core-3.5.2.jar
7f6fe39f9000-7f6fe39fd000 r--s 00030000 ca:01 261532                     /home/ubuntu/spark-2.1.1-bin-hadoop2.7/jars/commons-net-2.2.jar
7f6fe39fd000-7f6fe3a01000 r--s 00028000 ca:01 261608                     /home/ubuntu/spark-2.1.1-bin-hadoop2.7/jars/spark-mllib-local_2.11-2.1.1.jar
7f6fe3a01000-7f6fe3a08000 r--s 0007d000 ca:01 261722                     /home/ubuntu/spark-2.1.1-bin-hadoop2.7/jars/jetty-6.1.26.jar
7f6fe3a08000-7f6fe3a0b000 r--s 0002f000 ca:01 261546                     /home/ubuntu/spark-2.1.1-bin-hadoop2.7/jars/RoaringBitmap-0.5.11.jar
7f6fe3a0b000-7f6fe3a2c000 r--s 0019b000 ca:01 261796                     /home/ubuntu/spark-2.1.1-bin-hadoop2.7/jars/spark-hive-thriftserver_2.11-2.1.1.jar
7f6fe3a2c000-7f6fe3afc000 r--s 00cf0000 ca:01 261540                     /home/ubuntu/spark-2.1.1-bin-hadoop2.7/jars/breeze_2.11-0.12.jar
7f6fe3afc000-7f6fe3b14000 r-xp 00000000 ca:01 258348                     /usr/lib/jvm/java-8-openjdk-amd64/jre/lib/amd64/libnet.so
7f6fe3b14000-7f6fe3d13000 ---p 00018000 ca:01 258348                     /usr/lib/jvm/java-8-openjdk-amd64/jre/lib/amd64/libnet.so
7f6fe3d13000-7f6fe3d14000 r--p 00017000 ca:01 258348                     /usr/lib/jvm/java-8-openjdk-amd64/jre/lib/amd64/libnet.so
7f6fe3d14000-7f6fe3d15000 rw-p 00018000 ca:01 258348                     /usr/lib/jvm/java-8-openjdk-amd64/jre/lib/amd64/libnet.so
7f6fe3d15000-7f6fe3d27000 r-xp 00000000 ca:01 258344                     /usr/lib/jvm/java-8-openjdk-amd64/jre/lib/amd64/libnio.so
7f6fe3d27000-7f6fe3f26000 ---p 00012000 ca:01 258344                     /usr/lib/jvm/java-8-openjdk-amd64/jre/lib/amd64/libnio.so
7f6fe3f26000-7f6fe3f27000 r--p 00011000 ca:01 258344                     /usr/lib/jvm/java-8-openjdk-amd64/jre/lib/amd64/libnio.so
7f6fe3f27000-7f6fe3f28000 rw-p 00012000 ca:01 258344                     /usr/lib/jvm/java-8-openjdk-amd64/jre/lib/amd64/libnio.so
7f6fe3f28000-7f6fe4000000 r--s 00a88000 ca:01 261543                     /home/ubuntu/spark-2.1.1-bin-hadoop2.7/jars/spark-core_2.11-2.1.1.jar
7f6fe4000000-7f6fe715e000 rw-p 00000000 00:00 0 
7f6fe715e000-7f6fe8000000 ---p 00000000 00:00 0 
7f6fe8000000-7f6fe8219000 rw-p 00000000 00:00 0 
7f6fe8219000-7f6fec000000 ---p 00000000 00:00 0 
7f6fec000000-7f6fec11d000 rw-p 00000000 00:00 0 
7f6fec11d000-7f6ff0000000 ---p 00000000 00:00 0 
7f6ff0000000-7f6ff4000000 rw-p 00000000 00:00 0 
7f6ff4000000-7f6ff4088000 rw-p 00000000 00:00 0 
7f6ff4088000-7f6ff8000000 ---p 00000000 00:00 0 
7f6ff8000000-7f6ff8597000 rw-p 00000000 00:00 0 
7f6ff8597000-7f6ffc000000 ---p 00000000 00:00 0 
7f6ffc000000-7f6ffc63a000 rw-p 00000000 00:00 0 
7f6ffc63a000-7f7000000000 ---p 00000000 00:00 0 
7f7000000000-7f7000001000 r--s 00004000 ca:01 261716                     /home/ubuntu/spark-2.1.1-bin-hadoop2.7/jars/opencsv-2.3.jar
7f7000001000-7f7000002000 r--s 00004000 ca:01 261866                     /home/ubuntu/spark-2.1.1-bin-hadoop2.7/jars/osgi-resource-locator-1.0.1.jar
7f7000002000-7f7000007000 r--s 00041000 ca:01 261740                     /home/ubuntu/spark-2.1.1-bin-hadoop2.7/jars/commons-lang-2.6.jar
7f7000007000-7f7000009000 r--s 00020000 ca:01 261749                     /home/ubuntu/spark-2.1.1-bin-hadoop2.7/jars/hive-beeline-1.2.1.spark2.jar
7f7000009000-7f7000010000 r--s 00049000 ca:01 261736                     /home/ubuntu/spark-2.1.1-bin-hadoop2.7/jars/httpcore-4.4.4.jar
7f7000010000-7f7000012000 r--s 00014000 ca:01 261717                     /home/ubuntu/spark-2.1.1-bin-hadoop2.7/jars/spire-macros_2.11-0.7.4.jar
7f7000012000-7f7000013000 r--s 00001000 ca:01 261621                     /home/ubuntu/spark-2.1.1-bin-hadoop2.7/jars/pmml-schema-1.2.15.jar
7f7000013000-7f7000017000 r--s 00028000 ca:01 261573                     /home/ubuntu/spark-2.1.1-bin-hadoop2.7/jars/jetty-util-6.1.26.jar
7f7000017000-7f700001a000 r--s 00006000 ca:01 261721                     /home/ubuntu/spark-2.1.1-bin-hadoop2.7/jars/jsr305-1.3.9.jar
7f700001a000-7f7000021000 r--s 0005d000 ca:01 261793                     /home/ubuntu/spark-2.1.1-bin-hadoop2.7/jars/mx4j-3.0.2.jar
7f7000021000-7f7000023000 r--s 0000e000 ca:01 261821                     /home/ubuntu/spark-2.1.1-bin-hadoop2.7/jars/guice-servlet-3.0.jar
7f7000023000-7f700002b000 r--s 0007b000 ca:01 261737                     /home/ubuntu/spark-2.1.1-bin-hadoop2.7/jars/protobuf-java-2.5.0.jar
7f700002b000-7f7000034000 r--s 00062000 ca:01 261580                     /home/ubuntu/spark-2.1.1-bin-hadoop2.7/jars/avro-1.7.7.jar
7f7000034000-7f7000036000 r--s 00003000 ca:01 261733                     /home/ubuntu/spark-2.1.1-bin-hadoop2.7/jars/jcl-over-slf4j-1.7.16.jar
7f7000036000-7f7000037000 r--s 00002000 ca:01 261619                     /home/ubuntu/spark-2.1.1-bin-hadoop2.7/jars/slf4j-log4j12-1.7.16.jar
7f7000037000-7f7000039000 r--s 00006000 ca:01 261578                     /home/ubuntu/spark-2.1.1-bin-hadoop2.7/jars/spark-sketch_2.11-2.1.1.jar
7f7000039000-7f700003e000 r--s 00068000 ca:01 261791                     /home/ubuntu/spark-2.1.1-bin-hadoop2.7/jars/antlr-2.7.7.jar
7f700003e000-7f7000040000 r--s 00000000 ca:01 261759                     /home/ubuntu/spark-2.1.1-bin-hadoop2.7/jars/aopalliance-1.0.jar
7f7000040000-7f7000042000 r--s 00012000 ca:01 261730                     /home/ubuntu/spark-2.1.1-bin-hadoop2.7/jars/compress-lzf-1.0.3.jar
7f7000042000-7f700004f000 r--s 0009e000 ca:01 261822                     /home/ubuntu/spark-2.1.1-bin-hadoop2.7/jars/spark-graphx_2.11-2.1.1.jar
7f700004f000-7f7000054000 r--s 00028000 ca:01 261841                     /home/ubuntu/spark-2.1.1-bin-hadoop2.7/jars/avro-mapred-1.7.7-hadoop2.jar
7f7000054000-7f700006a000 r--s 00124000 ca:01 261833                     /home/ubuntu/spark-2.1.1-bin-hadoop2.7/jars/ivy-2.4.0.jar
7f700006a000-7f7000072000 r--s 00078000 ca:01 261805                     /home/ubuntu/spark-2.1.1-bin-hadoop2.7/jars/mail-1.4.7.jar
7f7000072000-7f7000077000 r--s 0004e000 ca:01 261582                     /home/ubuntu/spark-2.1.1-bin-hadoop2.7/jars/datanucleus-api-jdo-3.2.6.jar
7f7000077000-7f70000a8000 rw-p 00000000 00:00 0 
7f70000a8000-7f70000c0000 r--s 001b6000 ca:01 261569                     /home/ubuntu/spark-2.1.1-bin-hadoop2.7/jars/datanucleus-core-3.2.10.jar
7f70000c0000-7f70000d4000 r--s 000ec000 ca:01 261539                     /home/ubuntu/spark-2.1.1-bin-hadoop2.7/jars/parquet-jackson-1.8.1.jar
7f70000d4000-7f70000d6000 r--s 0000e000 ca:01 261785                     /home/ubuntu/spark-2.1.1-bin-hadoop2.7/jars/hadoop-mapreduce-client-jobclient-2.7.3.jar
7f70000d6000-7f70000d8000 r--s 0000e000 ca:01 261536                     /home/ubuntu/spark-2.1.1-bin-hadoop2.7/jars/oro-2.0.8.jar
7f70000d8000-7f70000da000 r--s 00003000 ca:01 261826                     /home/ubuntu/spark-2.1.1-bin-hadoop2.7/jars/JavaEWAH-0.3.2.jar
7f70000da000-7f70000dc000 r--s 0000f000 ca:01 261757                     /home/ubuntu/spark-2.1.1-bin-hadoop2.7/jars/spark-launcher_2.11-2.1.1.jar
7f70000dc000-7f70000fe000 r--s 00335000 ca:01 261750                     /home/ubuntu/spark-2.1.1-bin-hadoop2.7/jars/mesos-1.0.0-shaded-protobuf.jar
7f70000fe000-7f70000ff000 r--s 00001000 ca:01 261610                     /home/ubuntu/spark-2.1.1-bin-hadoop2.7/jars/minlog-1.3.0.jar
7f70000ff000-7f7000102000 r--s 0001a000 ca:01 261834                     /home/ubuntu/spark-2.1.1-bin-hadoop2.7/jars/py4j-0.10.4.jar
7f7000102000-7f7000103000 r--s 00009000 ca:01 261601                     /home/ubuntu/spark-2.1.1-bin-hadoop2.7/jars/json4s-jackson_2.11-3.2.11.jar
7f7000103000-7f7000105000 r--s 0000d000 ca:01 261725                     /home/ubuntu/spark-2.1.1-bin-hadoop2.7/jars/hadoop-yarn-server-web-proxy-2.7.3.jar
7f7000105000-7f7000168000 r--s 004de000 ca:01 261719                     /home/ubuntu/spark-2.1.1-bin-hadoop2.7/jars/hive-metastore-1.2.1.spark2.jar
7f7000168000-7f700016f000 r--s 00039000 ca:01 261727                     /home/ubuntu/spark-2.1.1-bin-hadoop2.7/jars/calcite-avatica-1.2.0-incubating.jar
7f700016f000-7f7000176000 r--s 0003f000 ca:01 261603                     /home/ubuntu/spark-2.1.1-bin-hadoop2.7/jars/commons-codec-1.10.jar
7f7000176000-7f7000178000 r--s 00100000 ca:01 261842                     /home/ubuntu/spark-2.1.1-bin-hadoop2.7/jars/snappy-java-1.1.2.6.jar
7f7000178000-7f700017c000 r--s 00029000 ca:01 261591                     /home/ubuntu/spark-2.1.1-bin-hadoop2.7/jars/hk2-locator-2.4.0-b34.jar
7f700017c000-7f700017f000 r--s 0000d000 ca:01 261742                     /home/ubuntu/spark-2.1.1-bin-hadoop2.7/jars/spark-network-shuffle_2.11-2.1.1.jar
7f700017f000-7f7000180000 r--s 00006000 ca:01 261788                     /home/ubuntu/spark-2.1.1-bin-hadoop2.7/jars/jackson-xc-1.9.13.jar
7f7000180000-7f7000196000 r--s 000d1000 ca:01 261585                     /home/ubuntu/spark-2.1.1-bin-hadoop2.7/jars/parquet-column-1.8.1.jar
7f7000196000-7f70001bb000 rw-p 00000000 00:00 0 
7f70001bb000-7f70002c7000 r--s 00dba000 ca:01 261859                     /home/ubuntu/spark-2.1.1-bin-hadoop2.7/jars/scala-compiler-2.11.8.jar
7f70002c7000-7f70002c8000 r--s 00002000 ca:01 261764                     /home/ubuntu/spark-2.1.1-bin-hadoop2.7/jars/jpam-1.1.jar
7f70002c8000-7f70002d7000 r--s 0009f000 ca:01 261734                     /home/ubuntu/spark-2.1.1-bin-hadoop2.7/jars/guice-3.0.jar
7f70002d7000-7f70002f0000 r--s 00150000 ca:01 261626                     /home/ubuntu/spark-2.1.1-bin-hadoop2.7/jars/htrace-core-3.1.0-incubating.jar
7f70002f0000-7f7000306000 r--s 000d3000 ca:01 261625                     /home/ubuntu/spark-2.1.1-bin-hadoop2.7/jars/jersey-server-2.22.2.jar
7f7000306000-7f7000308000 r--s 00008000 ca:01 261581                     /home/ubuntu/spark-2.1.1-bin-hadoop2.7/jars/parquet-common-1.8.1.jar
7f7000308000-7f700030a000 r--s 00002000 ca:01 261606                     /home/ubuntu/spark-2.1.1-bin-hadoop2.7/jars/aopalliance-repackaged-2.4.0-b34.jar
7f700030a000-7f700030e000 r--s 0003c000 ca:01 261854                     /home/ubuntu/spark-2.1.1-bin-hadoop2.7/jars/jackson-core-2.6.5.jar
7f700030e000-7f7000319000 r--s 00062000 ca:01 261729                     /home/ubuntu/spark-2.1.1-bin-hadoop2.7/jars/calcite-linq4j-1.2.0-incubating.jar
7f7000319000-7f700034f000 r--s 0031c000 ca:01 261565                     /home/ubuntu/spark-2.1.1-bin-hadoop2.7/jars/hadoop-common-2.7.3.jar
7f700034f000-7f7000353000 r--s 0001a000 ca:01 261579                     /home/ubuntu/spark-2.1.1-bin-hadoop2.7/jars/hk2-utils-2.4.0-b34.jar
7f7000353000-7f700035f000 r--s 000b6000 ca:01 261831                     /home/ubuntu/spark-2.1.1-bin-hadoop2.7/jars/zookeeper-3.4.6.jar
7f700035f000-7f7000365000 r--s 00040000 ca:01 261709                     /home/ubuntu/spark-2.1.1-bin-hadoop2.7/jars/parquet-encoding-1.8.1.jar
7f7000365000-7f700036a000 r--s 00036000 ca:01 261574                     /home/ubuntu/spark-2.1.1-bin-hadoop2.7/jars/commons-compress-1.4.1.jar
7f700036a000-7f7000397000 r--s 001d4000 ca:01 261863                     /home/ubuntu/spark-2.1.1-bin-hadoop2.7/jars/spark-streaming_2.11-2.1.1.jar
7f7000397000-7f700039a000 r--s 00022000 ca:01 261806                     /home/ubuntu/spark-2.1.1-bin-hadoop2.7/jars/stringtemplate-3.2.1.jar
7f700039a000-7f70003a1000 r--s 00036000 ca:01 261624                     /home/ubuntu/spark-2.1.1-bin-hadoop2.7/jars/curator-recipes-2.6.0.jar
7f70003a1000-7f70003a5000 r--s 00029000 ca:01 261548                     /home/ubuntu/spark-2.1.1-bin-hadoop2.7/jars/breeze-macros_2.11-0.12.jar
7f70003a5000-7f70003a9000 r--s 00036000 ca:01 261851                     /home/ubuntu/spark-2.1.1-bin-hadoop2.7/jars/ST4-4.0.4.jar
7f70003a9000-7f70003ad000 r--s 00018000 ca:01 261584                     /home/ubuntu/spark-2.1.1-bin-hadoop2.7/jars/metrics-core-3.1.2.jar
7f70003ad000-7f70003bb000 r--s 000b1000 ca:01 261754                     /home/ubuntu/spark-2.1.1-bin-hadoop2.7/jars/jackson-mapper-asl-1.9.13.jar
7f70003bb000-7f70003cb000 r--s 000a0000 ca:01 261599                     /home/ubuntu/spark-2.1.1-bin-hadoop2.7/jars/spark-yarn_2.11-2.1.1.jar
7f70003cb000-7f70003cc000 r--s 00003000 ca:01 261590                     /home/ubuntu/spark-2.1.1-bin-hadoop2.7/jars/spark-tags_2.11-2.1.1.jar
7f70003cc000-7f70003de000 r--s 00097000 ca:01 261804                     /home/ubuntu/spark-2.1.1-bin-hadoop2.7/jars/apacheds-kerberos-codec-2.0.0-M15.jar
7f70003de000-7f70003e1000 r--s 00017000 ca:01 261800                     /home/ubuntu/spark-2.1.1-bin-hadoop2.7/jars/jaxb-api-2.2.2.jar
7f70003e1000-7f70003e3000 r--s 00009000 ca:01 261848                     /home/ubuntu/spark-2.1.1-bin-hadoop2.7/jars/objenesis-2.1.jar
7f70003e3000-7f700044e000 r--s 00784000 ca:01 261535                     /home/ubuntu/spark-2.1.1-bin-hadoop2.7/jars/hadoop-hdfs-2.7.3.jar
7f700044e000-7f7000450000 r--s 00010000 ca:01 261752                     /home/ubuntu/spark-2.1.1-bin-hadoop2.7/jars/jersey-media-jaxb-2.22.2.jar
7f7000450000-7f700045d000 r--s 00083000 ca:01 261598                     /home/ubuntu/spark-2.1.1-bin-hadoop2.7/jars/commons-collections-3.2.2.jar
7f700045d000-7f7000464000 r--s 00051000 ca:01 261542                     /home/ubuntu/spark-2.1.1-bin-hadoop2.7/jars/kryo-shaded-3.0.3.jar
7f7000464000-7f700049b000 r--s 00325000 ca:01 261802                     /home/ubuntu/spark-2.1.1-bin-hadoop2.7/jars/calcite-core-1.2.0-incubating.jar
7f700049b000-7f700049e000 r--s 00012000 ca:01 261602                     /home/ubuntu/spark-2.1.1-bin-hadoop2.7/jars/json4s-ast_2.11-3.2.11.jar
7f700049e000-7f70004a0000 r--s 0000e000 ca:01 261794                     /home/ubuntu/spark-2.1.1-bin-hadoop2.7/jars/commons-logging-1.1.3.jar
7f70004a0000-7f7000549000 r--s 00a4f000 ca:01 261801                     /home/ubuntu/spark-2.1.1-bin-hadoop2.7/jars/hive-exec-1.2.1.spark2.jar
7f7000549000-7f700054a000 r--s 0000b000 ca:01 261631                     /home/ubuntu/spark-2.1.1-bin-hadoop2.7/jars/snappy-0.2.jar
7f700054a000-7f700054d000 r--s 00028000 ca:01 261541                     /home/ubuntu/spark-2.1.1-bin-hadoop2.7/jars/stream-2.7.0.jar
7f700054d000-7f7000581000 r--s 00277000 ca:01 261592                     /home/ubuntu/spark-2.1.1-bin-hadoop2.7/jars/parquet-hadoop-bundle-1.6.0.jar
7f7000581000-7f7000585000 r--s 0000c000 ca:01 261617                     /home/ubuntu/spark-2.1.1-bin-hadoop2.7/jars/validation-api-1.1.0.Final.jar
7f7000585000-7f70005ae000 r--s 001ee000 ca:01 261862                     /home/ubuntu/spark-2.1.1-bin-hadoop2.7/jars/guava-14.0.1.jar
7f70005ae000-7f70005bb000 r--s 00071000 ca:01 261832                     /home/ubuntu/spark-2.1.1-bin-hadoop2.7/jars/jackson-module-scala_2.11-2.6.5.jar
7f70005bb000-7f70005d4000 r--s 00114000 ca:01 261577                     /home/ubuntu/spark-2.1.1-bin-hadoop2.7/jars/spark-hive_2.11-2.1.1.jar
7f70005d4000-7f70005ec000 r--s 00115000 ca:01 261824                     /home/ubuntu/spark-2.1.1-bin-hadoop2.7/jars/netty-3.8.0.Final.jar
7f70005ec000-7f7000645000 r--s 00522000 ca:01 261865                     /home/ubuntu/spark-2.1.1-bin-hadoop2.7/jars/scala-library-2.11.8.jar
7f7000645000-7f700064c000 r--s 00049000 ca:01 261852                     /home/ubuntu/spark-2.1.1-bin-hadoop2.7/jars/univocity-parsers-2.2.1.jar
7f700064c000-7f7000698000 r--s 00411000 ca:01 261857                     /home/ubuntu/spark-2.1.1-bin-hadoop2.7/jars/scala-reflect-2.11.8.jar
7f7000698000-7f70006a6000 r--s 0009d000 ca:01 261614                     /home/ubuntu/spark-2.1.1-bin-hadoop2.7/jars/jersey-common-2.22.2.jar
7f70006a6000-7f70006b0000 r--s 000aa000 ca:01 261762                     /home/ubuntu/spark-2.1.1-bin-hadoop2.7/jars/janino-3.0.0.jar
7f70006b0000-7f70006b1000 r--s 00008000 ca:01 261844                     /home/ubuntu/spark-2.1.1-bin-hadoop2.7/jars/commons-compiler-3.0.0.jar
7f70006b1000-7f70006ba000 r--s 00097000 ca:01 261837                     /home/ubuntu/spark-2.1.1-bin-hadoop2.7/jars/pmml-model-1.2.15.jar
7f70006ba000-7f70006bc000 r--s 00005000 ca:01 261741                     /home/ubuntu/spark-2.1.1-bin-hadoop2.7/jars/stax-api-1.0.1.jar
7f70006bc000-7f70006c0000 r--s 00035000 ca:01 261597                     /home/ubuntu/spark-2.1.1-bin-hadoop2.7/jars/jackson-core-asl-1.9.13.jar
7f70006c0000-7f70006c3000 r--s 00019000 ca:01 261530                     /home/ubuntu/spark-2.1.1-bin-hadoop2.7/jars/bonecp-0.8.0.RELEASE.jar
7f70006c3000-7f70006c5000 r--s 00038000 ca:01 261789                     /home/ubuntu/spark-2.1.1-bin-hadoop2.7/jars/lz4-1.3.0.jar
7f70006c5000-7f70006de000 r--s 00164000 ca:01 261738                     /home/ubuntu/spark-2.1.1-bin-hadoop2.7/jars/hadoop-mapreduce-client-core-2.7.3.jar
7f70006de000-7f70006e1000 r--s 00026000 ca:01 261792                     /home/ubuntu/spark-2.1.1-bin-hadoop2.7/jars/hadoop-yarn-client-2.7.3.jar
7f70006e1000-7f70006e3000 r--s 00017000 ca:01 261607                     /home/ubuntu/spark-2.1.1-bin-hadoop2.7/jars/hive-jdbc-1.2.1.spark2.jar
7f70006e3000-7f7000764000 r--s 005d9000 ca:01 261746                     /home/ubuntu/spark-2.1.1-bin-hadoop2.7/jars/spark-sql_2.11-2.1.1.jar
7f7000764000-7f7000765000 r--s 00006000 ca:01 261755                     /home/ubuntu/spark-2.1.1-bin-hadoop2.7/jars/hadoop-client-2.7.3.jar
7f7000765000-7f700076c000 r--s 00058000 ca:01 261609                     /home/ubuntu/spark-2.1.1-bin-hadoop2.7/jars/hadoop-yarn-server-common-2.7.3.jar
7f700076c000-7f700076d000 r--s 0000a000 ca:01 261616                     /home/ubuntu/spark-2.1.1-bin-hadoop2.7/jars/apacheds-i18n-2.0.0-M15.jar
7f700076d000-7f700076e000 r--s 00000000 ca:01 261600                     /home/ubuntu/spark-2.1.1-bin-hadoop2.7/jars/javax.inject-1.jar
7f700076e000-7f7000774000 r--s 00045000 ca:01 261605                     /home/ubuntu/spark-2.1.1-bin-hadoop2.7/jars/commons-httpclient-3.1.jar
7f7000774000-7f7000781000 r--s 000a7000 ca:01 261627                     /home/ubuntu/spark-2.1.1-bin-hadoop2.7/jars/httpclient-4.5.2.jar
7f7000781000-7f7000783000 r--s 0001f000 ca:01 261825                     /home/ubuntu/spark-2.1.1-bin-hadoop2.7/jars/commons-crypto-1.0.0.jar
7f7000783000-7f7000788000 r--s 0002a000 ca:01 261735                     /home/ubuntu/spark-2.1.1-bin-hadoop2.7/jars/gson-2.2.4.jar
7f7000788000-7f70007c8000 r--s 00277000 ca:01 261767                     /home/ubuntu/spark-2.1.1-bin-hadoop2.7/jars/bcprov-jdk15on-1.51.jar
7f70007c8000-7f70007cb000 r--s 00016000 ca:01 261593                     /home/ubuntu/spark-2.1.1-bin-hadoop2.7/jars/jsp-api-2.1.jar
7f70007cb000-7f70007cc000 r--s 00001000 ca:01 261838                     /home/ubuntu/spark-2.1.1-bin-hadoop2.7/jars/javax.inject-2.4.0-b34.jar
7f70007cc000-7f70007cd000 r--s 00002000 ca:01 261586                     /home/ubuntu/spark-2.1.1-bin-hadoop2.7/jars/java-xmlbuilder-1.0.jar
7f70007cd000-7f70007cf000 r--s 00015000 ca:01 261547                     /home/ubuntu/spark-2.1.1-bin-hadoop2.7/jars/hadoop-auth-2.7.3.jar
7f70007cf000-7f70007d3000 r--s 0002f000 ca:01 261795                     /home/ubuntu/spark-2.1.1-bin-hadoop2.7/jars/commons-beanutils-core-1.8.0.jar
7f70007d3000-7f7000802000 r--s 002e5000 ca:01 261846                     /home/ubuntu/spark-2.1.1-bin-hadoop2.7/jars/derby-10.12.1.1.jar
7f7000802000-7f7000804000 r--s 00008000 ca:01 261544                     /home/ubuntu/spark-2.1.1-bin-hadoop2.7/jars/metrics-jvm-3.1.2.jar
7f7000804000-7f7000807000 r--s 00015000 ca:01 261723                     /home/ubuntu/spark-2.1.1-bin-hadoop2.7/jars/pyrolite-4.13.jar
7f7000807000-7f7000809000 r--s 0000e000 ca:01 261760                     /home/ubuntu/spark-2.1.1-bin-hadoop2.7/jars/spark-repl_2.11-2.1.1.jar
7f7000809000-7f7000812000 r--s 0006f000 ca:01 261724                     /home/ubuntu/spark-2.1.1-bin-hadoop2.7/jars/log4j-1.2.17.jar
7f7000812000-7f7000816000 r--s 00025000 ca:01 261850                     /home/ubuntu/spark-2.1.1-bin-hadoop2.7/jars/jersey-client-2.22.2.jar
7f7000816000-7f700081d000 r--s 00058000 ca:01 261589                     /home/ubuntu/spark-2.1.1-bin-hadoop2.7/jars/parquet-format-2.3.0-incubating.jar
7f700081d000-7f700081f000 r--s 00003000 ca:01 261615                     /home/ubuntu/spark-2.1.1-bin-hadoop2.7/jars/api-asn1-api-1.0.0-M20.jar
7f700081f000-7f7000829000 r--s 0007b000 ca:01 261847                     /home/ubuntu/spark-2.1.1-bin-hadoop2.7/jars/hadoop-mapreduce-client-app-2.7.3.jar
7f7000829000-7f700082c000 r--s 0000e000 ca:01 261575                     /home/ubuntu/spark-2.1.1-bin-hadoop2.7/jars/jersey-container-servlet-core-2.22.2.jar
7f700082c000-7f7000830000 r--s 00025000 ca:01 261538                     /home/ubuntu/spark-2.1.1-bin-hadoop2.7/jars/antlr-runtime-3.4.jar
7f7000830000-7f7000841000 r--s 00089000 ca:01 261623                     /home/ubuntu/spark-2.1.1-bin-hadoop2.7/jars/joda-time-2.9.3.jar
7f7000841000-7f7000843000 r--s 00005000 ca:01 261743                     /home/ubuntu/spark-2.1.1-bin-hadoop2.7/jars/javax.annotation-api-1.2.jar
7f7000843000-7f7000848000 r--s 00032000 ca:01 261864                     /home/ubuntu/spark-2.1.1-bin-hadoop2.7/jars/chill_2.11-0.8.0.jar
7f7000848000-7f7000853000 r--s 0005d000 ca:01 261853                     /home/ubuntu/spark-2.1.1-bin-hadoop2.7/jars/scala-parser-combinators_2.11-1.0.4.jar
7f7000853000-7f7000865000 r--s 00112000 ca:01 261835                     /home/ubuntu/spark-2.1.1-bin-hadoop2.7/jars/arpack_combined_all-0.1.jar
7f7000865000-7f700087d000 r--s 000d6000 ca:01 261571                     /home/ubuntu/spark-2.1.1-bin-hadoop2.7/jars/jersey-guava-2.22.2.jar
7f700087d000-7f7000883000 r--s 0002c000 ca:01 261828                     /home/ubuntu/spark-2.1.1-bin-hadoop2.7/jars/jdo-api-3.0.1.jar
7f7000883000-7f700088a000 r--s 00046000 ca:01 261797                     /home/ubuntu/spark-2.1.1-bin-hadoop2.7/jars/libfb303-0.9.3.jar
7f700088a000-7f700088c000 r--s 00010000 ca:01 261622                     /home/ubuntu/spark-2.1.1-bin-hadoop2.7/jars/hadoop-mapreduce-client-shuffle-2.7.3.jar
7f700088c000-7f700088e000 r--s 00000000 ca:01 261836                     /home/ubuntu/spark-2.1.1-bin-hadoop2.7/jars/jul-to-slf4j-1.7.16.jar
7f700088e000-7f7000891000 r--s 00014000 ca:01 261761                     /home/ubuntu/spark-2.1.1-bin-hadoop2.7/jars/super-csv-2.2.0.jar
7f7000891000-7f70008a3000 r--s 000b3000 ca:01 261829                     /home/ubuntu/spark-2.1.1-bin-hadoop2.7/jars/scalap-2.11.8.jar
7f70008a3000-7f70008a5000 r--s 00003000 ca:01 261843                     /home/ubuntu/spark-2.1.1-bin-hadoop2.7/jars/base64-2.3.8.jar
7f70008a5000-7f70008a7000 r--s 00003000 ca:01 261570                     /home/ubuntu/spark-2.1.1-bin-hadoop2.7/jars/jersey-container-servlet-2.22.2.jar
7f70008a7000-7f70008b1000 r--s 000a5000 ca:01 261766                     /home/ubuntu/spark-2.1.1-bin-hadoop2.7/jars/javassist-3.18.1-GA.jar
7f70008b1000-7f70008c9000 r--s 00115000 ca:01 261537                     /home/ubuntu/spark-2.1.1-bin-hadoop2.7/jars/xercesImpl-2.9.1.jar
7f70008c9000-7f70008cc000 r--s 00021000 ca:01 261596                     /home/ubuntu/spark-2.1.1-bin-hadoop2.7/jars/xbean-asm5-shaded-4.4.jar
7f70008cc000-7f70008f3000 r--s 0020f000 ca:01 261726                     /home/ubuntu/spark-2.1.1-bin-hadoop2.7/jars/netty-all-4.0.42.Final.jar
7f70008f3000-7f7000948000 r--s 0069c000 ca:01 261595                     /home/ubuntu/spark-2.1.1-bin-hadoop2.7/jars/spire_2.11-0.7.4.jar
7f7000948000-7f7000963000 r--s 001d6000 ca:01 258327                     /usr/lib/jvm/java-8-openjdk-amd64/jre/lib/ext/nashorn.jar
7f7000963000-7f7000964000 ---p 00000000 00:00 0 
7f7000964000-7f7000a64000 rw-p 00000000 00:00 0 
7f7000a64000-7f7000a67000 ---p 00000000 00:00 0 
7f7000a67000-7f7000b65000 rw-p 00000000 00:00 0 
7f7000b65000-7f7000b68000 ---p 00000000 00:00 0 
7f7000b68000-7f7000c66000 rw-p 00000000 00:00 0 
7f7000c66000-7f7000c69000 ---p 00000000 00:00 0 
7f7000c69000-7f7000d67000 rw-p 00000000 00:00 0 
7f7000d67000-7f7000d6a000 ---p 00000000 00:00 0 
7f7000d6a000-7f7000e68000 rw-p 00000000 00:00 0 
7f7000e68000-7f7001000000 r--p 00000000 ca:01 8059                       /usr/lib/locale/locale-archive
7f7001000000-7f7005530000 rwxp 00000000 00:00 0 
7f7005530000-7f7010000000 ---p 00000000 00:00 0 
7f7010000000-7f7010e3f000 rw-p 00000000 00:00 0 
7f7010e3f000-7f7014000000 ---p 00000000 00:00 0 
7f7014000000-7f7014001000 r--s 00009000 ca:01 261534                     /home/ubuntu/spark-2.1.1-bin-hadoop2.7/jars/hadoop-annotations-2.7.3.jar
7f7014001000-7f7014004000 r--s 00025000 ca:01 261618                     /home/ubuntu/spark-2.1.1-bin-hadoop2.7/jars/commons-dbcp-1.4.jar
7f7014004000-7f7014007000 r--s 00015000 ca:01 261620                     /home/ubuntu/spark-2.1.1-bin-hadoop2.7/jars/commons-pool-1.5.4.jar
7f7014007000-7f7014009000 r--s 00004000 ca:01 261787                     /home/ubuntu/spark-2.1.1-bin-hadoop2.7/jars/metrics-graphite-3.1.2.jar
7f7014009000-7f701400a000 r--s 00003000 ca:01 261827                     /home/ubuntu/spark-2.1.1-bin-hadoop2.7/jars/metrics-json-3.1.2.jar
7f701400a000-7f701400f000 r--s 00027000 ca:01 261861                     /home/ubuntu/spark-2.1.1-bin-hadoop2.7/jars/hk2-api-2.4.0-b34.jar
7f701400f000-7f7014011000 r--s 0000f000 ca:01 261715                     /home/ubuntu/spark-2.1.1-bin-hadoop2.7/jars/curator-client-2.6.0.jar
7f7014011000-7f7014017000 r--s 00034000 ca:01 261799                     /home/ubuntu/spark-2.1.1-bin-hadoop2.7/jars/libthrift-0.9.3.jar
7f7014017000-7f701401a000 r--s 0000f000 ca:01 258331                     /usr/lib/jvm/java-8-openjdk-amd64/jre/lib/ext/icedtea-sound.jar
7f701401a000-7f7014035000 r--s 00394000 ca:01 258325                     /usr/lib/jvm/java-8-openjdk-amd64/jre/lib/ext/cldrdata.jar
7f7014035000-7f7014039000 r--s 00040000 ca:01 258330                     /usr/lib/jvm/java-8-openjdk-amd64/jre/lib/ext/sunpkcs11.jar
7f7014039000-7f701403c000 ---p 00000000 00:00 0 
7f701403c000-7f701413a000 rw-p 00000000 00:00 0 
7f701413a000-7f701413d000 ---p 00000000 00:00 0 
7f701413d000-7f701423b000 rw-p 00000000 00:00 0 
7f701423b000-7f701423c000 ---p 00000000 00:00 0 
7f701423c000-7f701433c000 rw-p 00000000 00:00 0 
7f701433c000-7f701450d000 r--s 03ca5000 ca:01 258308                     /usr/lib/jvm/java-8-openjdk-amd64/jre/lib/rt.jar
7f701450d000-7f7014d83000 rw-p 00000000 00:00 0 
7f7014d83000-7f7014dfe000 rw-p 00000000 00:00 0 
7f7014dfe000-7f7014ed9000 ---p 00000000 00:00 0 
7f7014ed9000-7f7014f17000 rw-p 00000000 00:00 0 
7f7014f17000-7f7014f83000 ---p 00000000 00:00 0 
7f7014f83000-7f7014ffe000 rw-p 00000000 00:00 0 
7f7014ffe000-7f70150d9000 ---p 00000000 00:00 0 
7f70150d9000-7f70151ef000 rw-p 00000000 00:00 0 
7f70151ef000-7f701549a000 ---p 00000000 00:00 0 
7f701549a000-7f70154a2000 r-xp 00000000 ca:01 258347                     /usr/lib/jvm/java-8-openjdk-amd64/jre/lib/amd64/libzip.so
7f70154a2000-7f70156a1000 ---p 00008000 ca:01 258347                     /usr/lib/jvm/java-8-openjdk-amd64/jre/lib/amd64/libzip.so
7f70156a1000-7f70156a2000 r--p 00007000 ca:01 258347                     /usr/lib/jvm/java-8-openjdk-amd64/jre/lib/amd64/libzip.so
7f70156a2000-7f70156a3000 rw-p 00008000 ca:01 258347                     /usr/lib/jvm/java-8-openjdk-amd64/jre/lib/amd64/libzip.so
7f70156a3000-7f70156ae000 r-xp 00000000 ca:01 10412                      /lib/x86_64-linux-gnu/libnss_files-2.23.so
7f70156ae000-7f70158ad000 ---p 0000b000 ca:01 10412                      /lib/x86_64-linux-gnu/libnss_files-2.23.so
7f70158ad000-7f70158ae000 r--p 0000a000 ca:01 10412                      /lib/x86_64-linux-gnu/libnss_files-2.23.so
7f70158ae000-7f70158af000 rw-p 0000b000 ca:01 10412                      /lib/x86_64-linux-gnu/libnss_files-2.23.so
7f70158af000-7f70158b5000 rw-p 00000000 00:00 0 
7f70158b5000-7f70158c0000 r-xp 00000000 ca:01 10420                      /lib/x86_64-linux-gnu/libnss_nis-2.23.so
7f70158c0000-7f7015abf000 ---p 0000b000 ca:01 10420                      /lib/x86_64-linux-gnu/libnss_nis-2.23.so
7f7015abf000-7f7015ac0000 r--p 0000a000 ca:01 10420                      /lib/x86_64-linux-gnu/libnss_nis-2.23.so
7f7015ac0000-7f7015ac1000 rw-p 0000b000 ca:01 10420                      /lib/x86_64-linux-gnu/libnss_nis-2.23.so
7f7015ac1000-7f7015ad7000 r-xp 00000000 ca:01 10421                      /lib/x86_64-linux-gnu/libnsl-2.23.so
7f7015ad7000-7f7015cd6000 ---p 00016000 ca:01 10421                      /lib/x86_64-linux-gnu/libnsl-2.23.so
7f7015cd6000-7f7015cd7000 r--p 00015000 ca:01 10421                      /lib/x86_64-linux-gnu/libnsl-2.23.so
7f7015cd7000-7f7015cd8000 rw-p 00016000 ca:01 10421                      /lib/x86_64-linux-gnu/libnsl-2.23.so
7f7015cd8000-7f7015cda000 rw-p 00000000 00:00 0 
7f7015cda000-7f7015ce2000 r-xp 00000000 ca:01 10423                      /lib/x86_64-linux-gnu/libnss_compat-2.23.so
7f7015ce2000-7f7015ee1000 ---p 00008000 ca:01 10423                      /lib/x86_64-linux-gnu/libnss_compat-2.23.so
7f7015ee1000-7f7015ee2000 r--p 00007000 ca:01 10423                      /lib/x86_64-linux-gnu/libnss_compat-2.23.so
7f7015ee2000-7f7015ee3000 rw-p 00008000 ca:01 10423                      /lib/x86_64-linux-gnu/libnss_compat-2.23.so
7f7015ee3000-7f7015f0d000 r-xp 00000000 ca:01 258354                     /usr/lib/jvm/java-8-openjdk-amd64/jre/lib/amd64/libjava.so
7f7015f0d000-7f701610c000 ---p 0002a000 ca:01 258354                     /usr/lib/jvm/java-8-openjdk-amd64/jre/lib/amd64/libjava.so
7f701610c000-7f701610d000 r--p 00029000 ca:01 258354                     /usr/lib/jvm/java-8-openjdk-amd64/jre/lib/amd64/libjava.so
7f701610d000-7f701610f000 rw-p 0002a000 ca:01 258354                     /usr/lib/jvm/java-8-openjdk-amd64/jre/lib/amd64/libjava.so
7f701610f000-7f701611e000 r-xp 00000000 ca:01 258352                     /usr/lib/jvm/java-8-openjdk-amd64/jre/lib/amd64/libverify.so
7f701611e000-7f701631d000 ---p 0000f000 ca:01 258352                     /usr/lib/jvm/java-8-openjdk-amd64/jre/lib/amd64/libverify.so
7f701631d000-7f701631f000 r--p 0000e000 ca:01 258352                     /usr/lib/jvm/java-8-openjdk-amd64/jre/lib/amd64/libverify.so
7f701631f000-7f7016320000 rw-p 00010000 ca:01 258352                     /usr/lib/jvm/java-8-openjdk-amd64/jre/lib/amd64/libverify.so
7f7016320000-7f7016327000 r-xp 00000000 ca:01 10411                      /lib/x86_64-linux-gnu/librt-2.23.so
7f7016327000-7f7016526000 ---p 00007000 ca:01 10411                      /lib/x86_64-linux-gnu/librt-2.23.so
7f7016526000-7f7016527000 r--p 00006000 ca:01 10411                      /lib/x86_64-linux-gnu/librt-2.23.so
7f7016527000-7f7016528000 rw-p 00007000 ca:01 10411                      /lib/x86_64-linux-gnu/librt-2.23.so
7f7016528000-7f701653e000 r-xp 00000000 ca:01 1975                       /lib/x86_64-linux-gnu/libgcc_s.so.1
7f701653e000-7f701673d000 ---p 00016000 ca:01 1975                       /lib/x86_64-linux-gnu/libgcc_s.so.1
7f701673d000-7f701673e000 rw-p 00015000 ca:01 1975                       /lib/x86_64-linux-gnu/libgcc_s.so.1
7f701673e000-7f7016846000 r-xp 00000000 ca:01 10417                      /lib/x86_64-linux-gnu/libm-2.23.so
7f7016846000-7f7016a45000 ---p 00108000 ca:01 10417                      /lib/x86_64-linux-gnu/libm-2.23.so
7f7016a45000-7f7016a46000 r--p 00107000 ca:01 10417                      /lib/x86_64-linux-gnu/libm-2.23.so
7f7016a46000-7f7016a47000 rw-p 00108000 ca:01 10417                      /lib/x86_64-linux-gnu/libm-2.23.so
7f7016a47000-7f7016bb9000 r-xp 00000000 ca:01 5294                       /usr/lib/x86_64-linux-gnu/libstdc++.so.6.0.21
7f7016bb9000-7f7016db9000 ---p 00172000 ca:01 5294                       /usr/lib/x86_64-linux-gnu/libstdc++.so.6.0.21
7f7016db9000-7f7016dc3000 r--p 00172000 ca:01 5294                       /usr/lib/x86_64-linux-gnu/libstdc++.so.6.0.21
7f7016dc3000-7f7016dc5000 rw-p 0017c000 ca:01 5294                       /usr/lib/x86_64-linux-gnu/libstdc++.so.6.0.21
7f7016dc5000-7f7016dc9000 rw-p 00000000 00:00 0 
7f7016dc9000-7f7017aef000 r-xp 00000000 ca:01 258369                     /usr/lib/jvm/java-8-openjdk-amd64/jre/lib/amd64/server/libjvm.so
7f7017aef000-7f7017cee000 ---p 00d26000 ca:01 258369                     /usr/lib/jvm/java-8-openjdk-amd64/jre/lib/amd64/server/libjvm.so
7f7017cee000-7f7017d84000 r--p 00d25000 ca:01 258369                     /usr/lib/jvm/java-8-openjdk-amd64/jre/lib/amd64/server/libjvm.so
7f7017d84000-7f7017dad000 rw-p 00dbb000 ca:01 258369                     /usr/lib/jvm/java-8-openjdk-amd64/jre/lib/amd64/server/libjvm.so
7f7017dad000-7f7017de0000 rw-p 00000000 00:00 0 
7f7017de0000-7f7017df8000 r-xp 00000000 ca:01 10402                      /lib/x86_64-linux-gnu/libpthread-2.23.so
7f7017df8000-7f7017ff7000 ---p 00018000 ca:01 10402                      /lib/x86_64-linux-gnu/libpthread-2.23.so
7f7017ff7000-7f7017ff8000 r--p 00017000 ca:01 10402                      /lib/x86_64-linux-gnu/libpthread-2.23.so
7f7017ff8000-7f7017ff9000 rw-p 00018000 ca:01 10402                      /lib/x86_64-linux-gnu/libpthread-2.23.so
7f7017ff9000-7f7017ffd000 rw-p 00000000 00:00 0 
7f7017ffd000-7f7018000000 r-xp 00000000 ca:01 10408                      /lib/x86_64-linux-gnu/libdl-2.23.so
7f7018000000-7f70181ff000 ---p 00003000 ca:01 10408                      /lib/x86_64-linux-gnu/libdl-2.23.so
7f70181ff000-7f7018200000 r--p 00002000 ca:01 10408                      /lib/x86_64-linux-gnu/libdl-2.23.so
7f7018200000-7f7018201000 rw-p 00003000 ca:01 10408                      /lib/x86_64-linux-gnu/libdl-2.23.so
7f7018201000-7f701821a000 r-xp 00000000 ca:01 1303                       /lib/x86_64-linux-gnu/libz.so.1.2.8
7f701821a000-7f7018419000 ---p 00019000 ca:01 1303                       /lib/x86_64-linux-gnu/libz.so.1.2.8
7f7018419000-7f701841a000 r--p 00018000 ca:01 1303                       /lib/x86_64-linux-gnu/libz.so.1.2.8
7f701841a000-7f701841b000 rw-p 00019000 ca:01 1303                       /lib/x86_64-linux-gnu/libz.so.1.2.8
7f701841b000-7f70185db000 r-xp 00000000 ca:01 10422                      /lib/x86_64-linux-gnu/libc-2.23.so
7f70185db000-7f70187db000 ---p 001c0000 ca:01 10422                      /lib/x86_64-linux-gnu/libc-2.23.so
7f70187db000-7f70187df000 r--p 001c0000 ca:01 10422                      /lib/x86_64-linux-gnu/libc-2.23.so
7f70187df000-7f70187e1000 rw-p 001c4000 ca:01 10422                      /lib/x86_64-linux-gnu/libc-2.23.so
7f70187e1000-7f70187e5000 rw-p 00000000 00:00 0 
7f70187e5000-7f70187f3000 r-xp 00000000 ca:01 258359                     /usr/lib/jvm/java-8-openjdk-amd64/jre/lib/amd64/jli/libjli.so
7f70187f3000-7f70189f2000 ---p 0000e000 ca:01 258359                     /usr/lib/jvm/java-8-openjdk-amd64/jre/lib/amd64/jli/libjli.so
7f70189f2000-7f70189f3000 r--p 0000d000 ca:01 258359                     /usr/lib/jvm/java-8-openjdk-amd64/jre/lib/amd64/jli/libjli.so
7f70189f3000-7f70189f4000 rw-p 0000e000 ca:01 258359                     /usr/lib/jvm/java-8-openjdk-amd64/jre/lib/amd64/jli/libjli.so
7f70189f4000-7f7018a1a000 r-xp 00000000 ca:01 10413                      /lib/x86_64-linux-gnu/ld-2.23.so
7f7018a1a000-7f7018a1c000 r--s 00010000 ca:01 258326                     /usr/lib/jvm/java-8-openjdk-amd64/jre/lib/ext/zipfs.jar
7f7018a1c000-7f7018a1d000 r--s 0000a000 ca:01 258328                     /usr/lib/jvm/java-8-openjdk-amd64/jre/lib/ext/jaccess.jar
7f7018a1d000-7f7018a1f000 r--s 00001000 ca:01 258332                     /usr/lib/jvm/java-8-openjdk-amd64/jre/lib/ext/dnsns.jar
7f7018a1f000-7f7018a25000 r--s 0003d000 ca:01 258333                     /usr/lib/jvm/java-8-openjdk-amd64/jre/lib/ext/sunjce_provider.jar
7f7018a25000-7f7018a30000 r--s 00116000 ca:01 258329                     /usr/lib/jvm/java-8-openjdk-amd64/jre/lib/ext/localedata.jar
7f7018a30000-7f7018a32000 r--s 00008000 ca:01 258324                     /usr/lib/jvm/java-8-openjdk-amd64/jre/lib/ext/sunec.jar
7f7018a32000-7f7018b03000 rw-p 00000000 00:00 0 
7f7018b03000-7f7018b0b000 rw-s 00000000 ca:01 555474                     /tmp/hsperfdata_ubuntu/1858
7f7018b0b000-7f7018b0e000 ---p 00000000 00:00 0 
7f7018b0e000-7f7018c10000 rw-p 00000000 00:00 0 
7f7018c10000-7f7018c16000 r--s 000d3000 ca:01 258316                     /usr/lib/jvm/java-8-openjdk-amd64/jre/lib/jfr.jar
7f7018c16000-7f7018c17000 rw-p 00000000 00:00 0 
7f7018c17000-7f7018c18000 ---p 00000000 00:00 0 
7f7018c18000-7f7018c19000 rw-p 00000000 00:00 0 
7f7018c19000-7f7018c1a000 r--p 00025000 ca:01 10413                      /lib/x86_64-linux-gnu/ld-2.23.so
7f7018c1a000-7f7018c1b000 rw-p 00026000 ca:01 10413                      /lib/x86_64-linux-gnu/ld-2.23.so
7f7018c1b000-7f7018c1c000 rw-p 00000000 00:00 0 
7ffdc91b1000-7ffdc91d2000 rw-p 00000000 00:00 0                          [stack]
7ffdc91d2000-7ffdc91d4000 r--p 00000000 00:00 0                          [vvar]
7ffdc91d4000-7ffdc91d6000 r-xp 00000000 00:00 0                          [vdso]
ffffffffff600000-ffffffffff601000 r-xp 00000000 00:00 0                  [vsyscall]

VM Arguments:
jvm_args: -Xmx1g 
java_command: org.apache.spark.deploy.SparkSubmit --conf spark.app.name=police_data_analysis pyspark-shell
java_class_path (initial): /home/ubuntu/spark-2.1.1-bin-hadoop2.7/conf/:/home/ubuntu/spark-2.1.1-bin-hadoop2.7/jars/libthrift-0.9.3.jar:/home/ubuntu/spark-2.1.1-bin-hadoop2.7/jars/curator-client-2.6.0.jar:/home/ubuntu/spark-2.1.1-bin-hadoop2.7/jars/hk2-api-2.4.0-b34.jar:/home/ubuntu/spark-2.1.1-bin-hadoop2.7/jars/metrics-json-3.1.2.jar:/home/ubuntu/spark-2.1.1-bin-hadoop2.7/jars/metrics-graphite-3.1.2.jar:/home/ubuntu/spark-2.1.1-bin-hadoop2.7/jars/spire_2.11-0.7.4.jar:/home/ubuntu/spark-2.1.1-bin-hadoop2.7/jars/commons-pool-1.5.4.jar:/home/ubuntu/spark-2.1.1-bin-hadoop2.7/jars/netty-all-4.0.42.Final.jar:/home/ubuntu/spark-2.1.1-bin-hadoop2.7/jars/commons-dbcp-1.4.jar:/home/ubuntu/spark-2.1.1-bin-hadoop2.7/jars/xbean-asm5-shaded-4.4.jar:/home/ubuntu/spark-2.1.1-bin-hadoop2.7/jars/xercesImpl-2.9.1.jar:/home/ubuntu/spark-2.1.1-bin-hadoop2.7/jars/hadoop-annotations-2.7.3.jar:/home/ubuntu/spark-2.1.1-bin-hadoop2.7/jars/javassist-3.18.1-GA.jar:/home/ubuntu/spark-2.1.1-bin-hadoop2.7/jars/jersey-container-servlet-2.22.2.jar:/home/ubuntu/spark-2.1.1-bin-hadoop2.7/jars/base64-2.3.8.jar:/home/ubuntu/spark-2.1.1-bin-hadoop2.7/jars/scalap-2.11.8.jar:/home/ubuntu/spark-2.1.1-bin-hadoop2.7/jars/super-csv-2.2.0.jar:/home/ubuntu/spark-2.1.1-bin-hadoop2.7/jars/jul-to-slf4j-1.7.16.jar:/home/ubuntu/spark-2.1.1-bin-hadoop2.7/jars/hadoop-mapreduce-client-shuffle-2.7.3.jar:/home/ubuntu/spark-2.1.1-bin-hadoop2.7/jars/libfb303-0.9.3.jar:/home/ubuntu/spark-2.1.1-bin-hadoop2.7/jars/jdo-api-3.0.1.jar:/home/ubuntu/spark-2.1.1-bin-hadoop2.7/jars/jersey-guava-2.22.2.jar:/home/ubuntu/spark-2.1.1-bin-hadoop2.7/jars/arpack_combined_all-0.1.jar:/home/ubuntu/spark-2.1.1-bin-hadoop2.7/jars/scala-parser-combinators_2.11-1.0.4.jar:/home/ubuntu/spark-2.1.1-bin-hadoop2.7/jars/chill_2.11-0.8.0.jar:/home/ubuntu/spark-2.1.1-bin-hadoop2.7/jars/javax.annotation-api-1.2.jar:/home/ubuntu/spark-2.1.1-bin-hadoop2.7/jars/joda-time-2.9.3.jar:/home/ubuntu/spark-2.1.1-bin-hadoop2.7/jars/antlr-runtime-3.4.jar:/home/u
Launcher Type: SUN_STANDARD

Environment Variables:
PATH=/home/ubuntu/.local/bin:/home/ubuntu/bin:/home/ubuntu/.local/bin:/usr/local/sbin:/usr/local/bin:/usr/sbin:/usr/bin:/sbin:/bin:/usr/games:/usr/local/games:/snap/bin
SHELL=/bin/bash

Signal Handlers:
SIGSEGV: [libjvm.so+0xb1f1b0], sa_mask[0]=11111111011111111101111111111110, sa_flags=SA_RESTART|SA_SIGINFO
SIGBUS: [libjvm.so+0xb1f1b0], sa_mask[0]=11111111011111111101111111111110, sa_flags=SA_RESTART|SA_SIGINFO
SIGFPE: [libjvm.so+0x956cf0], sa_mask[0]=11111111011111111101111111111110, sa_flags=SA_RESTART|SA_SIGINFO
SIGPIPE: [libjvm.so+0x956cf0], sa_mask[0]=11111111011111111101111111111110, sa_flags=SA_RESTART|SA_SIGINFO
SIGXFSZ: [libjvm.so+0x956cf0], sa_mask[0]=11111111011111111101111111111110, sa_flags=SA_RESTART|SA_SIGINFO
SIGILL: [libjvm.so+0x956cf0], sa_mask[0]=11111111011111111101111111111110, sa_flags=SA_RESTART|SA_SIGINFO
SIGUSR1: SIG_DFL, sa_mask[0]=00000000000000000000000000000000, sa_flags=none
SIGUSR2: [libjvm.so+0x956ba0], sa_mask[0]=00000000000000000000000000000000, sa_flags=SA_RESTART|SA_SIGINFO
SIGHUP: [libjvm.so+0x957230], sa_mask[0]=11111111011111111101111111111110, sa_flags=SA_RESTART|SA_SIGINFO
SIGINT: SIG_IGN, sa_mask[0]=00000000000000000000000000000000, sa_flags=none
SIGTERM: [libjvm.so+0x957230], sa_mask[0]=11111111011111111101111111111110, sa_flags=SA_RESTART|SA_SIGINFO
SIGQUIT: [libjvm.so+0x957230], sa_mask[0]=11111111011111111101111111111110, sa_flags=SA_RESTART|SA_SIGINFO


---------------  S Y S T E M  ---------------

OS:DISTRIB_ID=Ubuntu
DISTRIB_RELEASE=16.04
DISTRIB_CODENAME=xenial
DISTRIB_DESCRIPTION="Ubuntu 16.04.4 LTS"

uname:Linux 4.4.0-1128-aws #142-Ubuntu SMP Fri Apr 16 12:42:33 UTC 2021 x86_64
libc:glibc 2.23 NPTL 2.23 
rlimit: STACK 8192k, CORE 0k, NPROC 3901, NOFILE 1048576, AS infinity
load average:0.79 0.18 0.06

/proc/meminfo:
MemTotal:        1014528 kB
MemFree:           71312 kB
MemAvailable:       9816 kB
Buffers:             312 kB
Cached:            13680 kB
SwapCached:            0 kB
Active:           883216 kB
Inactive:           7540 kB
Active(anon):     879540 kB
Inactive(anon):     3992 kB
Active(file):       3676 kB
Inactive(file):     3548 kB
Unevictable:        3652 kB
Mlocked:            3652 kB
SwapTotal:             0 kB
SwapFree:              0 kB
Dirty:               104 kB
Writeback:             0 kB
AnonPages:        880444 kB
Mapped:             9232 kB
Shmem:              4316 kB
Slab:              28152 kB
SReclaimable:      12608 kB
SUnreclaim:        15544 kB
KernelStack:        3488 kB
PageTables:         5452 kB
NFS_Unstable:          0 kB
Bounce:                0 kB
WritebackTmp:          0 kB
CommitLimit:      507264 kB
Committed_AS:    1053708 kB
VmallocTotal:   34359738367 kB
VmallocUsed:           0 kB
VmallocChunk:          0 kB
HardwareCorrupted:     0 kB
AnonHugePages:         0 kB
CmaTotal:              0 kB
CmaFree:               0 kB
HugePages_Total:       0
HugePages_Free:        0
HugePages_Rsvd:        0
HugePages_Surp:        0
Hugepagesize:       2048 kB
DirectMap4k:       36864 kB
DirectMap2M:     1011712 kB

container (cgroup) information:
container_type: cgroupv1
cpu_cpuset_cpus: 0
cpu_memory_nodes: 0
active_processor_count: 1
cpu_quota: -1
cpu_period: 100000
cpu_shares: -1
memory_limit_in_bytes: -1
memory_and_swap_limit_in_bytes: -2
memory_soft_limit_in_bytes: -1
memory_usage_in_bytes: 896212992
memory_max_usage_in_bytes: 909815808


CPU:total 1 (initial active 1) (1 cores per cpu, 1 threads per core) family 6 model 63 stepping 2, cmov, cx8, fxsr, mmx, sse, sse2, sse3, ssse3, sse4.1, sse4.2, popcnt, avx, avx2, aes, clmul, erms, lzcnt, tsc, bmi1, bmi2

/proc/cpuinfo:
processor	: 0
vendor_id	: GenuineIntel
cpu family	: 6
model		: 63
model name	: Intel(R) Xeon(R) CPU E5-2676 v3 @ 2.40GHz
stepping	: 2
microcode	: 0x44
cpu MHz		: 2400.008
cache size	: 30720 KB
physical id	: 0
siblings	: 1
core id		: 0
cpu cores	: 1
apicid		: 0
initial apicid	: 0
fpu		: yes
fpu_exception	: yes
cpuid level	: 13
wp		: yes
flags		: fpu vme de pse tsc msr pae mce cx8 apic sep mtrr pge mca cmov pat pse36 clflush mmx fxsr sse sse2 ht syscall nx rdtscp lm constant_tsc rep_good nopl xtopology pni pclmulqdq ssse3 fma cx16 pcid sse4_1 sse4_2 x2apic movbe popcnt tsc_deadline_timer aes xsave avx f16c rdrand hypervisor lahf_lm abm invpcid_single kaiser fsgsbase bmi1 avx2 smep bmi2 erms invpcid xsaveopt
bugs		: cpu_meltdown spectre_v1 spectre_v2 spec_store_bypass l1tf mds swapgs itlb_multihit
bogomips	: 4800.01
clflush size	: 64
cache_alignment	: 64
address sizes	: 46 bits physical, 48 bits virtual
power management:



Memory: 4k page, physical 1014528k(71188k free), swap 0k(0k free)

vm_info: OpenJDK 64-Bit Server VM (25.292-b10) for linux-amd64 JRE (1.8.0_292-8u292-b10-0ubuntu1~16.04.1-b10), built on Apr 21 2021 12:47:35 by "buildd" with gcc 5.4.0 20160609

time: Sat Jun  5 06:08:36 2021
timezone: UTC
elapsed time: 4238.439379 seconds (0d 1h 10m 38s)

